2020-01-10 20:32:00,183 INFO com.erp.ErpApplication [main] Starting ErpApplication on DESKTOP-NFG3D50 with PID 16172 (D:\Java\WorkSpaces\DeliveryERP\delivery\delivery\target\classes started by hieut in D:\Java\WorkSpaces\DeliveryERP\delivery\delivery)
2020-01-10 20:32:00,192 DEBUG com.erp.ErpApplication [main] Running with Spring Boot v2.0.0.RELEASE, Spring v5.0.4.RELEASE
2020-01-10 20:32:00,197 INFO com.erp.ErpApplication [main] No active profile set, falling back to default profiles: default
2020-01-10 20:32:08,145 DEBUG com.erp.config.JwtRequestFilter [localhost-startStop-1] Initializing filter 'jwtRequestFilter'
2020-01-10 20:32:08,145 DEBUG com.erp.config.JwtRequestFilter [localhost-startStop-1] Filter 'jwtRequestFilter' configured successfully
2020-01-10 20:32:11,199 INFO com.erp.ErpApplication [main] Started ErpApplication in 11.473 seconds (JVM running for 13.979)
2020-01-10 20:32:17,345 INFO com.erp.config.realtime.WebSocketEventListener [clientOutboundChannel-1] Received a new web socket connection
2020-01-10 20:34:45,535 INFO com.erp.config.realtime.WebSocketEventListener [clientOutboundChannel-4] Received a new web socket connection
2020-01-10 20:34:46,564 ERROR com.erp.config.JwtRequestFilter [http-nio-8080-exec-1] JWT Token has expired
2020-01-10 20:34:52,299 WARN com.erp.config.JwtRequestFilter [http-nio-8080-exec-4] JWT Token does not begin with Bearer String
2020-01-10 20:34:53,103 INFO com.erp.config.realtime.WebSocketEventListener [clientOutboundChannel-7] Received a new web socket connection
2020-01-10 20:35:31,425 INFO com.erp.config.realtime.WebSocketEventListener [clientOutboundChannel-9] Received a new web socket connection
2020-01-10 20:36:55,780 INFO com.erp.config.realtime.WebSocketEventListener [clientOutboundChannel-11] Received a new web socket connection
2020-01-10 20:37:37,243 INFO com.erp.config.realtime.WebSocketEventListener [clientOutboundChannel-14] Received a new web socket connection
2020-01-10 20:37:37,811 INFO com.erp.config.JwtRequestFilter [http-nio-8080-exec-8] Request : 0:0:0:0:0:0:0:1 - /resources/postQuery
2020-01-10 20:37:49,178 INFO com.erp.config.JwtRequestFilter [http-nio-8080-exec-4] Request : 0:0:0:0:0:0:0:1 - /resources/postQuery
2020-01-10 20:37:49,956 INFO com.erp.config.realtime.WebSocketEventListener [clientOutboundChannel-16] Received a new web socket connection
2020-01-10 20:38:54,499 INFO com.erp.config.JwtRequestFilter [http-nio-8080-exec-2] Request : 0:0:0:0:0:0:0:1 - /roles/postQuery
2020-01-10 20:38:54,794 INFO com.erp.config.realtime.WebSocketEventListener [clientOutboundChannel-19] Received a new web socket connection
2020-01-10 20:38:57,027 INFO com.erp.config.realtime.WebSocketEventListener [clientOutboundChannel-22] Received a new web socket connection
2020-01-10 20:38:59,637 INFO com.erp.config.JwtRequestFilter [http-nio-8080-exec-1] Request : 0:0:0:0:0:0:0:1 - /roles/postQuery
2020-01-10 20:38:59,915 INFO com.erp.config.realtime.WebSocketEventListener [clientOutboundChannel-17] Received a new web socket connection
2020-01-10 20:39:00,591 INFO com.erp.config.JwtRequestFilter [http-nio-8080-exec-6] Request : 0:0:0:0:0:0:0:1 - /resources/postQuery
2020-01-10 20:39:00,959 INFO com.erp.config.realtime.WebSocketEventListener [clientOutboundChannel-20] Received a new web socket connection
2020-01-10 20:39:01,346 INFO com.erp.config.realtime.WebSocketEventListener [clientOutboundChannel-23] Received a new web socket connection
2020-01-10 20:39:01,962 INFO com.erp.config.JwtRequestFilter [http-nio-8080-exec-8] Request : 0:0:0:0:0:0:0:1 - /roles/postQuery
2020-01-10 20:39:02,514 INFO com.erp.config.JwtRequestFilter [http-nio-8080-exec-9] Request : 0:0:0:0:0:0:0:1 - /resources/postQuery
2020-01-10 20:39:02,799 INFO com.erp.config.realtime.WebSocketEventListener [clientOutboundChannel-18] Received a new web socket connection
2020-01-10 20:39:02,809 INFO com.erp.config.realtime.WebSocketEventListener [clientOutboundChannel-19] Received a new web socket connection
2020-01-10 20:39:03,423 INFO com.erp.config.realtime.WebSocketEventListener [clientOutboundChannel-22] Received a new web socket connection
2020-01-10 20:39:03,451 INFO com.erp.config.JwtRequestFilter [http-nio-8080-exec-3] Request : 0:0:0:0:0:0:0:1 - /users/postQuery
2020-01-10 20:39:03,460 INFO com.erp.config.JwtRequestFilter [http-nio-8080-exec-4] Request : 0:0:0:0:0:0:0:1 - /organizations/getSelectedData
2020-01-10 20:39:09,559 INFO com.erp.config.JwtRequestFilter [http-nio-8080-exec-8] Request : 0:0:0:0:0:0:0:1 - /users/postQuery
2020-01-10 20:39:09,571 INFO com.erp.config.JwtRequestFilter [http-nio-8080-exec-9] Request : 0:0:0:0:0:0:0:1 - /organizations/getSelectedData
2020-01-10 20:39:09,971 INFO com.erp.config.realtime.WebSocketEventListener [clientOutboundChannel-17] Received a new web socket connection
2020-01-10 20:39:21,005 INFO com.erp.config.realtime.WebSocketEventListener [clientOutboundChannel-20] Received a new web socket connection
2020-01-10 20:45:43,394 INFO com.erp.config.JwtRequestFilter [http-nio-8080-exec-5] Request : 0:0:0:0:0:0:0:1 - /resources/postQuery
2020-01-10 20:45:43,695 INFO com.erp.config.realtime.WebSocketEventListener [clientOutboundChannel-27] Received a new web socket connection
2020-01-10 20:45:45,079 INFO com.erp.config.JwtRequestFilter [http-nio-8080-exec-10] Request : 0:0:0:0:0:0:0:1 - /users/postQuery
2020-01-10 20:45:45,083 INFO com.erp.config.JwtRequestFilter [http-nio-8080-exec-1] Request : 0:0:0:0:0:0:0:1 - /organizations/getSelectedData
2020-01-10 20:45:45,520 INFO com.erp.config.realtime.WebSocketEventListener [clientOutboundChannel-30] Received a new web socket connection
2020-01-10 20:45:46,253 INFO com.erp.config.JwtRequestFilter [http-nio-8080-exec-3] Request : 0:0:0:0:0:0:0:1 - /roles/postQuery
2020-01-10 20:45:46,475 INFO com.erp.config.realtime.WebSocketEventListener [clientOutboundChannel-25] Received a new web socket connection
2020-01-10 20:45:50,508 INFO com.erp.config.JwtRequestFilter [http-nio-8080-exec-4] Request : 0:0:0:0:0:0:0:1 - /resources/postQuery
2020-01-10 20:45:50,824 INFO com.erp.config.realtime.WebSocketEventListener [clientOutboundChannel-28] Received a new web socket connection
2020-01-10 20:45:51,469 INFO com.erp.config.realtime.WebSocketEventListener [clientOutboundChannel-31] Received a new web socket connection
2020-01-10 20:45:53,580 INFO com.erp.config.JwtRequestFilter [http-nio-8080-exec-3] Request : 0:0:0:0:0:0:0:1 - /roles/postQuery
2020-01-10 20:45:53,772 INFO com.erp.config.realtime.WebSocketEventListener [clientOutboundChannel-26] Received a new web socket connection
2020-01-10 20:45:54,265 INFO com.erp.config.JwtRequestFilter [http-nio-8080-exec-9] Request : 0:0:0:0:0:0:0:1 - /resources/postQuery
2020-01-10 20:45:54,504 INFO com.erp.config.realtime.WebSocketEventListener [clientOutboundChannel-29] Received a new web socket connection
2020-01-10 20:45:54,982 INFO com.erp.config.JwtRequestFilter [http-nio-8080-exec-8] Request : 0:0:0:0:0:0:0:1 - /users/postQuery
2020-01-10 20:45:54,982 INFO com.erp.config.JwtRequestFilter [http-nio-8080-exec-1] Request : 0:0:0:0:0:0:0:1 - /organizations/getSelectedData
2020-01-10 20:45:55,367 INFO com.erp.config.realtime.WebSocketEventListener [clientOutboundChannel-32] Received a new web socket connection
2020-01-10 20:45:55,850 INFO com.erp.config.JwtRequestFilter [http-nio-8080-exec-4] Request : 0:0:0:0:0:0:0:1 - /roles/postQuery
2020-01-10 20:45:56,107 INFO com.erp.config.realtime.WebSocketEventListener [clientOutboundChannel-27] Received a new web socket connection
2020-01-10 20:45:56,645 INFO com.erp.config.JwtRequestFilter [http-nio-8080-exec-2] Request : 0:0:0:0:0:0:0:1 - /resources/postQuery
2020-01-10 20:45:56,912 INFO com.erp.config.realtime.WebSocketEventListener [clientOutboundChannel-30] Received a new web socket connection
2020-01-10 20:45:58,023 INFO com.erp.config.realtime.WebSocketEventListener [clientOutboundChannel-25] Received a new web socket connection
2020-01-10 20:45:58,593 INFO com.erp.config.JwtRequestFilter [http-nio-8080-exec-9] Request : 0:0:0:0:0:0:0:1 - /roles/postQuery
2020-01-10 20:45:58,779 INFO com.erp.config.realtime.WebSocketEventListener [clientOutboundChannel-28] Received a new web socket connection
2020-01-10 20:45:59,542 INFO com.erp.config.JwtRequestFilter [http-nio-8080-exec-1] Request : 0:0:0:0:0:0:0:1 - /resources/postQuery
2020-01-10 20:45:59,774 INFO com.erp.config.realtime.WebSocketEventListener [clientOutboundChannel-31] Received a new web socket connection
2020-01-10 20:45:59,984 INFO com.erp.config.JwtRequestFilter [http-nio-8080-exec-4] Request : 0:0:0:0:0:0:0:1 - /organizations/getSelectedData
2020-01-10 20:45:59,984 INFO com.erp.config.JwtRequestFilter [http-nio-8080-exec-7] Request : 0:0:0:0:0:0:0:1 - /users/postQuery
2020-01-10 20:46:00,423 INFO com.erp.config.realtime.WebSocketEventListener [clientOutboundChannel-26] Received a new web socket connection
2020-01-10 20:46:08,902 INFO com.erp.config.JwtRequestFilter [http-nio-8080-exec-9] Request : 0:0:0:0:0:0:0:1 - /resources/postQuery
2020-01-10 20:46:09,148 INFO com.erp.config.realtime.WebSocketEventListener [clientOutboundChannel-29] Received a new web socket connection
2020-01-10 20:46:09,739 INFO com.erp.config.JwtRequestFilter [http-nio-8080-exec-1] Request : 0:0:0:0:0:0:0:1 - /roles/postQuery
2020-01-10 20:46:09,917 INFO com.erp.config.realtime.WebSocketEventListener [clientOutboundChannel-32] Received a new web socket connection
2020-01-10 20:46:10,325 INFO com.erp.config.realtime.WebSocketEventListener [clientOutboundChannel-27] Received a new web socket connection
2020-01-10 20:46:11,205 INFO com.erp.config.JwtRequestFilter [http-nio-8080-exec-8] Request : 0:0:0:0:0:0:0:1 - /users/postQuery
2020-01-10 20:46:11,206 INFO com.erp.config.JwtRequestFilter [http-nio-8080-exec-10] Request : 0:0:0:0:0:0:0:1 - /organizations/getSelectedData
2020-01-10 20:46:11,545 INFO com.erp.config.realtime.WebSocketEventListener [clientOutboundChannel-30] Received a new web socket connection
2020-01-10 20:46:11,741 INFO com.erp.config.JwtRequestFilter [http-nio-8080-exec-7] Request : 0:0:0:0:0:0:0:1 - /resources/postQuery
2020-01-10 20:46:11,988 INFO com.erp.config.realtime.WebSocketEventListener [clientOutboundChannel-25] Received a new web socket connection
2020-01-10 20:46:12,295 INFO com.erp.config.JwtRequestFilter [http-nio-8080-exec-9] Request : 0:0:0:0:0:0:0:1 - /roles/postQuery
2020-01-10 20:46:12,493 INFO com.erp.config.realtime.WebSocketEventListener [clientOutboundChannel-28] Received a new web socket connection
2020-01-10 20:46:14,437 INFO com.erp.config.JwtRequestFilter [http-nio-8080-exec-10] Request : 0:0:0:0:0:0:0:1 - /resources/postQuery
2020-01-10 20:46:14,692 INFO com.erp.config.realtime.WebSocketEventListener [clientOutboundChannel-31] Received a new web socket connection
2020-01-10 20:46:14,987 INFO com.erp.config.JwtRequestFilter [http-nio-8080-exec-4] Request : 0:0:0:0:0:0:0:1 - /users/postQuery
2020-01-10 20:46:14,994 INFO com.erp.config.JwtRequestFilter [http-nio-8080-exec-7] Request : 0:0:0:0:0:0:0:1 - /organizations/getSelectedData
2020-01-10 20:46:15,345 INFO com.erp.config.realtime.WebSocketEventListener [clientOutboundChannel-27] Received a new web socket connection
2020-01-10 20:46:15,837 INFO com.erp.config.JwtRequestFilter [http-nio-8080-exec-9] Request : 0:0:0:0:0:0:0:1 - /resources/postQuery
2020-01-10 20:46:16,177 INFO com.erp.config.JwtRequestFilter [http-nio-8080-exec-3] Request : 0:0:0:0:0:0:0:1 - /roles/postQuery
2020-01-10 20:46:16,355 INFO com.erp.config.realtime.WebSocketEventListener [clientOutboundChannel-29] Received a new web socket connection
2020-01-10 20:46:16,407 INFO com.erp.config.realtime.WebSocketEventListener [clientOutboundChannel-30] Received a new web socket connection
2020-01-10 20:49:25,823 INFO com.erp.config.JwtRequestFilter [http-nio-8080-exec-1] Request : 0:0:0:0:0:0:0:1 - /roles/postQuery
2020-01-10 20:49:28,158 INFO com.erp.config.realtime.WebSocketEventListener [clientOutboundChannel-36] Received a new web socket connection
2020-01-10 20:50:12,407 INFO com.erp.config.realtime.WebSocketEventListener [clientOutboundChannel-39] Received a new web socket connection
2020-01-10 20:50:12,686 INFO com.erp.config.JwtRequestFilter [http-nio-8080-exec-2] Request : 0:0:0:0:0:0:0:1 - /resources/postQuery
2020-01-10 20:50:43,044 INFO com.erp.config.JwtRequestFilter [http-nio-8080-exec-4] Request : 0:0:0:0:0:0:0:1 - /resources/postQuery
2020-01-10 20:50:44,167 INFO com.erp.config.realtime.WebSocketEventListener [clientOutboundChannel-41] Received a new web socket connection
2020-01-10 20:56:57,839 INFO com.erp.config.realtime.WebSocketEventListener [clientOutboundChannel-44] Received a new web socket connection
2020-01-10 20:56:58,442 INFO com.erp.config.JwtRequestFilter [http-nio-8080-exec-6] Request : 0:0:0:0:0:0:0:1 - /users/postQuery
2020-01-10 20:56:58,442 INFO com.erp.config.JwtRequestFilter [http-nio-8080-exec-1] Request : 0:0:0:0:0:0:0:1 - /organizations/getSelectedData
2020-01-10 20:57:02,711 INFO com.erp.config.JwtRequestFilter [http-nio-8080-exec-8] Request : 0:0:0:0:0:0:0:1 - /resources/postQuery
2020-01-10 20:57:03,028 INFO com.erp.config.realtime.WebSocketEventListener [clientOutboundChannel-47] Received a new web socket connection
2020-01-10 20:57:50,187 INFO com.erp.config.JwtRequestFilter [http-nio-8080-exec-6] Request : 0:0:0:0:0:0:0:1 - /resources/postQuery
2020-01-10 20:57:51,122 INFO com.erp.config.realtime.WebSocketEventListener [clientOutboundChannel-42] Received a new web socket connection
2020-01-10 20:58:08,956 INFO com.erp.config.JwtRequestFilter [http-nio-8080-exec-3] Request : 0:0:0:0:0:0:0:1 - /resources/postQuery
2020-01-10 20:58:10,138 INFO com.erp.config.realtime.WebSocketEventListener [clientOutboundChannel-50] Received a new web socket connection
2020-01-10 20:58:56,464 INFO com.erp.config.JwtRequestFilter [http-nio-8080-exec-9] Request : 0:0:0:0:0:0:0:1 - /resources/postQuery
2020-01-10 20:58:56,930 INFO com.erp.config.realtime.WebSocketEventListener [clientOutboundChannel-54] Received a new web socket connection
2020-01-10 22:09:39,645 INFO com.erp.config.JwtRequestFilter [http-nio-8080-exec-9] Request : 0:0:0:0:0:0:0:1 - /resources/postQuery
2020-01-10 22:09:39,680 INFO com.erp.config.realtime.WebSocketEventListener [clientOutboundChannel-55] Received a new web socket connection
2020-01-10 22:09:46,133 INFO com.erp.config.realtime.WebSocketEventListener [clientOutboundChannel-58] Received a new web socket connection
2020-01-10 22:09:46,538 INFO com.erp.config.JwtRequestFilter [http-nio-8080-exec-5] Request : 0:0:0:0:0:0:0:1 - /roles/postQuery
2020-01-10 22:09:52,130 INFO com.erp.config.realtime.WebSocketEventListener [clientOutboundChannel-61] Received a new web socket connection
2020-01-10 22:09:52,142 INFO com.erp.config.JwtRequestFilter [http-nio-8080-exec-6] Request : 0:0:0:0:0:0:0:1 - /users/postQuery
2020-01-10 22:09:52,144 INFO com.erp.config.JwtRequestFilter [http-nio-8080-exec-10] Request : 0:0:0:0:0:0:0:1 - /organizations/getSelectedData
2020-01-10 22:10:05,743 INFO com.erp.config.JwtRequestFilter [http-nio-8080-exec-4] Request : 0:0:0:0:0:0:0:1 - /users/postQuery
2020-01-10 22:10:05,791 INFO com.erp.config.realtime.WebSocketEventListener [clientOutboundChannel-55] Received a new web socket connection
2020-01-10 22:10:05,797 INFO com.erp.config.JwtRequestFilter [http-nio-8080-exec-7] Request : 0:0:0:0:0:0:0:1 - /organizations/getSelectedData
2020-01-10 22:10:10,924 INFO com.erp.config.JwtRequestFilter [http-nio-8080-exec-5] Request : 0:0:0:0:0:0:0:1 - /users/postQuery
2020-01-10 22:10:10,941 INFO com.erp.config.JwtRequestFilter [http-nio-8080-exec-3] Request : 0:0:0:0:0:0:0:1 - /organizations/getSelectedData
2020-01-10 22:10:11,413 INFO com.erp.config.realtime.WebSocketEventListener [clientOutboundChannel-57] Received a new web socket connection
2020-01-10 22:10:31,458 INFO com.erp.config.JwtRequestFilter [http-nio-8080-exec-8] Request : 0:0:0:0:0:0:0:1 - /users/postQuery
2020-01-10 22:10:31,459 INFO com.erp.config.JwtRequestFilter [http-nio-8080-exec-2] Request : 0:0:0:0:0:0:0:1 - /organizations/getSelectedData
2020-01-10 22:10:32,143 INFO com.erp.config.realtime.WebSocketEventListener [clientOutboundChannel-60] Received a new web socket connection
2020-01-10 22:16:00,876 INFO com.erp.config.JwtRequestFilter [http-nio-8080-exec-8] Request : 0:0:0:0:0:0:0:1 - /organizations/getSelectedData
2020-01-10 22:16:00,876 INFO com.erp.config.JwtRequestFilter [http-nio-8080-exec-2] Request : 0:0:0:0:0:0:0:1 - /users/postQuery
2020-01-10 22:16:02,140 INFO com.erp.config.realtime.WebSocketEventListener [clientOutboundChannel-64] Received a new web socket connection
2020-01-10 22:18:35,416 INFO com.erp.config.JwtRequestFilter [http-nio-8080-exec-2] Request : 0:0:0:0:0:0:0:1 - /organizations/getSelectedData
2020-01-10 22:18:35,416 INFO com.erp.config.JwtRequestFilter [http-nio-8080-exec-8] Request : 0:0:0:0:0:0:0:1 - /users/postQuery
2020-01-10 22:18:36,154 INFO com.erp.config.realtime.WebSocketEventListener [clientOutboundChannel-66] Received a new web socket connection
2020-01-10 22:19:00,710 INFO com.erp.config.JwtRequestFilter [http-nio-8080-exec-1] Request : 0:0:0:0:0:0:0:1 - /users/postQuery
2020-01-10 22:19:00,710 INFO com.erp.config.JwtRequestFilter [http-nio-8080-exec-4] Request : 0:0:0:0:0:0:0:1 - /organizations/getSelectedData
2020-01-10 22:19:01,163 INFO com.erp.config.realtime.WebSocketEventListener [clientOutboundChannel-68] Received a new web socket connection
2020-01-10 22:19:08,859 INFO com.erp.config.JwtRequestFilter [http-nio-8080-exec-3] Request : 0:0:0:0:0:0:0:1 - /users/postQuery
2020-01-10 22:19:08,867 INFO com.erp.config.JwtRequestFilter [http-nio-8080-exec-5] Request : 0:0:0:0:0:0:0:1 - /organizations/getSelectedData
2020-01-10 22:19:10,141 INFO com.erp.config.realtime.WebSocketEventListener [clientOutboundChannel-70] Received a new web socket connection
2020-01-10 22:19:44,646 INFO com.erp.config.JwtRequestFilter [http-nio-8080-exec-6] Request : 0:0:0:0:0:0:0:1 - /users/postQuery
2020-01-10 22:19:44,659 INFO com.erp.config.realtime.WebSocketEventListener [clientOutboundChannel-72] Received a new web socket connection
2020-01-10 22:19:44,663 INFO com.erp.config.JwtRequestFilter [http-nio-8080-exec-5] Request : 0:0:0:0:0:0:0:1 - /organizations/getSelectedData
2020-01-10 22:20:11,522 INFO com.erp.config.JwtRequestFilter [http-nio-8080-exec-2] Request : 0:0:0:0:0:0:0:1 - /users/postQuery
2020-01-10 22:20:11,522 INFO com.erp.config.JwtRequestFilter [http-nio-8080-exec-8] Request : 0:0:0:0:0:0:0:1 - /organizations/getSelectedData
2020-01-10 22:20:11,698 INFO com.erp.config.realtime.WebSocketEventListener [clientOutboundChannel-74] Received a new web socket connection
2020-01-10 22:21:45,267 INFO com.erp.config.JwtRequestFilter [http-nio-8080-exec-8] Request : 0:0:0:0:0:0:0:1 - /users/postQuery
2020-01-10 22:21:45,294 INFO com.erp.config.JwtRequestFilter [http-nio-8080-exec-2] Request : 0:0:0:0:0:0:0:1 - /organizations/getSelectedData
2020-01-10 22:21:46,213 INFO com.erp.config.realtime.WebSocketEventListener [clientOutboundChannel-77] Received a new web socket connection
2020-01-10 22:21:50,465 INFO com.erp.config.JwtRequestFilter [http-nio-8080-exec-7] Request : 0:0:0:0:0:0:0:1 - /users/postQuery
2020-01-10 22:21:50,468 INFO com.erp.config.JwtRequestFilter [http-nio-8080-exec-8] Request : 0:0:0:0:0:0:0:1 - /organizations/getSelectedData
2020-01-10 22:21:51,131 INFO com.erp.config.realtime.WebSocketEventListener [clientOutboundChannel-78] Received a new web socket connection
2020-01-10 22:27:32,606 INFO com.erp.config.JwtRequestFilter [http-nio-8080-exec-3] Request : 0:0:0:0:0:0:0:1 - /users/postQuery
2020-01-10 22:27:32,606 INFO com.erp.config.JwtRequestFilter [http-nio-8080-exec-9] Request : 0:0:0:0:0:0:0:1 - /organizations/getSelectedData
2020-01-10 22:27:33,605 INFO com.erp.config.realtime.WebSocketEventListener [clientOutboundChannel-81] Received a new web socket connection
2020-01-10 22:29:31,470 INFO com.erp.config.JwtRequestFilter [http-nio-8080-exec-7] Request : 0:0:0:0:0:0:0:1 - /users/postQuery
2020-01-10 22:29:31,470 INFO com.erp.config.JwtRequestFilter [http-nio-8080-exec-2] Request : 0:0:0:0:0:0:0:1 - /organizations/getSelectedData
2020-01-10 22:29:32,211 INFO com.erp.config.realtime.WebSocketEventListener [clientOutboundChannel-83] Received a new web socket connection
2020-01-10 22:30:21,330 INFO com.erp.config.JwtRequestFilter [http-nio-8080-exec-9] Request : 0:0:0:0:0:0:0:1 - /users/postQuery
2020-01-10 22:30:21,344 INFO com.erp.config.JwtRequestFilter [http-nio-8080-exec-3] Request : 0:0:0:0:0:0:0:1 - /organizations/getSelectedData
2020-01-10 22:30:21,769 INFO com.erp.config.realtime.WebSocketEventListener [clientOutboundChannel-85] Received a new web socket connection
