2020-01-12 15:46:16,400 INFO com.erp.ErpApplication [main] Starting ErpApplication on DESKTOP-NFG3D50 with PID 10468 (D:\Java\WorkSpaces\DeliveryERP\delivery\delivery\target\classes started by hieut in D:\Java\WorkSpaces\DeliveryERP\delivery\delivery)
2020-01-12 15:46:16,413 DEBUG com.erp.ErpApplication [main] Running with Spring Boot v2.0.0.RELEASE, Spring v5.0.4.RELEASE
2020-01-12 15:46:16,416 INFO com.erp.ErpApplication [main] No active profile set, falling back to default profiles: default
2020-01-12 15:46:25,242 DEBUG com.erp.config.JwtRequestFilter [localhost-startStop-1] Initializing filter 'jwtRequestFilter'
2020-01-12 15:46:25,242 DEBUG com.erp.config.JwtRequestFilter [localhost-startStop-1] Filter 'jwtRequestFilter' configured successfully
2020-01-12 15:46:31,700 INFO com.erp.ErpApplication [main] Started ErpApplication in 15.829 seconds (JVM running for 17.964)
2020-01-12 15:46:34,599 INFO com.erp.config.realtime.WebSocketEventListener [clientOutboundChannel-1] Received a new web socket connection
2020-01-12 15:46:40,820 INFO com.erp.config.realtime.WebSocketEventListener [clientOutboundChannel-2] Received a new web socket connection
2020-01-12 15:47:28,622 INFO com.erp.config.realtime.WebSocketEventListener [clientOutboundChannel-5] Received a new web socket connection
2020-01-12 15:47:29,172 ERROR com.erp.config.JwtRequestFilter [http-nio-8080-exec-10] JWT Token has expired
2020-01-12 15:47:36,640 WARN com.erp.config.JwtRequestFilter [http-nio-8080-exec-5] JWT Token does not begin with Bearer String
2020-01-12 15:47:37,336 INFO com.erp.config.realtime.WebSocketEventListener [clientOutboundChannel-8] Received a new web socket connection
2020-01-12 15:47:39,088 INFO com.erp.config.JwtRequestFilter [http-nio-8080-exec-4] Request : 0:0:0:0:0:0:0:1 - /resources/postQuery
2020-01-12 15:47:39,303 INFO com.erp.config.realtime.WebSocketEventListener [clientOutboundChannel-3] Received a new web socket connection
2020-01-12 15:47:40,332 INFO com.erp.config.JwtRequestFilter [http-nio-8080-exec-2] Request : 0:0:0:0:0:0:0:1 - /roles/postQuery
2020-01-12 15:47:40,349 INFO com.erp.config.realtime.WebSocketEventListener [clientOutboundChannel-7] Received a new web socket connection
2020-01-12 15:47:41,029 INFO com.erp.config.realtime.WebSocketEventListener [clientOutboundChannel-9] Received a new web socket connection
2020-01-12 15:47:41,444 INFO com.erp.config.JwtRequestFilter [http-nio-8080-exec-10] Request : 0:0:0:0:0:0:0:1 - /users/postQuery
2020-01-12 15:47:41,445 INFO com.erp.config.JwtRequestFilter [http-nio-8080-exec-4] Request : 0:0:0:0:0:0:0:1 - /organizations/getSelectedData
2020-01-12 15:47:42,245 INFO com.erp.config.JwtRequestFilter [http-nio-8080-exec-6] Request : 0:0:0:0:0:0:0:1 - /resources/postQuery
2020-01-12 15:47:42,420 INFO com.erp.config.realtime.WebSocketEventListener [clientOutboundChannel-5] Received a new web socket connection
2020-01-12 15:47:42,858 INFO com.erp.config.JwtRequestFilter [http-nio-8080-exec-3] Request : 0:0:0:0:0:0:0:1 - /roles/postQuery
2020-01-12 15:47:43,005 INFO com.erp.config.realtime.WebSocketEventListener [clientOutboundChannel-6] Received a new web socket connection
2020-01-12 15:47:43,645 INFO com.erp.config.realtime.WebSocketEventListener [clientOutboundChannel-2] Received a new web socket connection
2020-01-12 15:47:44,344 INFO com.erp.config.JwtRequestFilter [http-nio-8080-exec-4] Request : 0:0:0:0:0:0:0:1 - /roles/postQuery
2020-01-12 15:47:44,461 INFO com.erp.config.realtime.WebSocketEventListener [clientOutboundChannel-4] Received a new web socket connection
2020-01-12 15:47:44,857 INFO com.erp.config.JwtRequestFilter [http-nio-8080-exec-8] Request : 0:0:0:0:0:0:0:1 - /resources/postQuery
2020-01-12 15:47:45,017 INFO com.erp.config.realtime.WebSocketEventListener [clientOutboundChannel-8] Received a new web socket connection
2020-01-12 15:47:45,393 INFO com.erp.config.JwtRequestFilter [http-nio-8080-exec-6] Request : 0:0:0:0:0:0:0:1 - /organizations/getSelectedData
2020-01-12 15:47:45,393 INFO com.erp.config.JwtRequestFilter [http-nio-8080-exec-2] Request : 0:0:0:0:0:0:0:1 - /users/postQuery
2020-01-12 15:47:45,627 INFO com.erp.config.realtime.WebSocketEventListener [clientOutboundChannel-3] Received a new web socket connection
2020-01-12 15:47:46,106 INFO com.erp.config.JwtRequestFilter [http-nio-8080-exec-3] Request : 0:0:0:0:0:0:0:1 - /resources/postQuery
2020-01-12 15:47:46,290 INFO com.erp.config.realtime.WebSocketEventListener [clientOutboundChannel-7] Received a new web socket connection
2020-01-12 15:47:46,592 INFO com.erp.config.JwtRequestFilter [http-nio-8080-exec-5] Request : 0:0:0:0:0:0:0:1 - /roles/postQuery
2020-01-12 15:47:46,716 INFO com.erp.config.realtime.WebSocketEventListener [clientOutboundChannel-9] Received a new web socket connection
2020-01-12 15:47:48,788 INFO com.erp.config.JwtRequestFilter [http-nio-8080-exec-10] Request : 0:0:0:0:0:0:0:1 - /resources/postQuery
2020-01-12 15:47:48,972 INFO com.erp.config.realtime.WebSocketEventListener [clientOutboundChannel-4] Received a new web socket connection
2020-01-12 15:47:49,376 INFO com.erp.config.JwtRequestFilter [http-nio-8080-exec-1] Request : 0:0:0:0:0:0:0:1 - /organizations/getSelectedData
2020-01-12 15:47:49,376 INFO com.erp.config.JwtRequestFilter [http-nio-8080-exec-9] Request : 0:0:0:0:0:0:0:1 - /users/postQuery
2020-01-12 15:47:49,599 INFO com.erp.config.realtime.WebSocketEventListener [clientOutboundChannel-6] Received a new web socket connection
2020-01-12 15:47:49,992 INFO com.erp.config.JwtRequestFilter [http-nio-8080-exec-7] Request : 0:0:0:0:0:0:0:1 - /roles/postQuery
2020-01-12 15:47:50,121 INFO com.erp.config.realtime.WebSocketEventListener [clientOutboundChannel-2] Received a new web socket connection
2020-01-12 15:47:50,636 INFO com.erp.config.realtime.WebSocketEventListener [clientOutboundChannel-5] Received a new web socket connection
2020-01-12 15:47:51,308 INFO com.erp.config.JwtRequestFilter [http-nio-8080-exec-5] Request : 0:0:0:0:0:0:0:1 - /roles/postQuery
2020-01-12 15:47:51,434 INFO com.erp.config.realtime.WebSocketEventListener [clientOutboundChannel-8] Received a new web socket connection
2020-01-12 15:47:51,715 INFO com.erp.config.JwtRequestFilter [http-nio-8080-exec-10] Request : 0:0:0:0:0:0:0:1 - /resources/postQuery
2020-01-12 15:47:51,874 INFO com.erp.config.realtime.WebSocketEventListener [clientOutboundChannel-3] Received a new web socket connection
2020-01-12 15:47:52,368 INFO com.erp.config.JwtRequestFilter [http-nio-8080-exec-1] Request : 0:0:0:0:0:0:0:1 - /users/postQuery
2020-01-12 15:47:52,370 INFO com.erp.config.JwtRequestFilter [http-nio-8080-exec-9] Request : 0:0:0:0:0:0:0:1 - /organizations/getSelectedData
2020-01-12 15:47:52,664 INFO com.erp.config.realtime.WebSocketEventListener [clientOutboundChannel-7] Received a new web socket connection
2020-01-12 15:47:52,927 INFO com.erp.config.JwtRequestFilter [http-nio-8080-exec-7] Request : 0:0:0:0:0:0:0:1 - /resources/postQuery
2020-01-12 15:47:53,122 INFO com.erp.config.realtime.WebSocketEventListener [clientOutboundChannel-9] Received a new web socket connection
2020-01-12 15:47:53,424 INFO com.erp.config.JwtRequestFilter [http-nio-8080-exec-4] Request : 0:0:0:0:0:0:0:1 - /roles/postQuery
2020-01-12 15:47:53,547 INFO com.erp.config.realtime.WebSocketEventListener [clientOutboundChannel-4] Received a new web socket connection
2020-01-12 15:48:00,190 INFO com.erp.config.realtime.WebSocketEventListener [clientOutboundChannel-6] Received a new web socket connection
2020-01-12 15:48:00,731 INFO com.erp.config.JwtRequestFilter [http-nio-8080-exec-10] Request : 0:0:0:0:0:0:0:1 - /resources/postQuery
2020-01-12 15:48:00,912 INFO com.erp.config.realtime.WebSocketEventListener [clientOutboundChannel-2] Received a new web socket connection
2020-01-12 15:48:01,274 INFO com.erp.config.JwtRequestFilter [http-nio-8080-exec-9] Request : 0:0:0:0:0:0:0:1 - /roles/postQuery
2020-01-12 15:48:01,436 INFO com.erp.config.realtime.WebSocketEventListener [clientOutboundChannel-7] Received a new web socket connection
2020-01-12 15:48:01,743 INFO com.erp.config.JwtRequestFilter [http-nio-8080-exec-7] Request : 0:0:0:0:0:0:0:1 - /organizations/getSelectedData
2020-01-12 15:48:01,743 INFO com.erp.config.JwtRequestFilter [http-nio-8080-exec-2] Request : 0:0:0:0:0:0:0:1 - /users/postQuery
2020-01-12 15:48:01,982 INFO com.erp.config.realtime.WebSocketEventListener [clientOutboundChannel-8] Received a new web socket connection
2020-01-12 15:48:02,196 INFO com.erp.config.JwtRequestFilter [http-nio-8080-exec-4] Request : 0:0:0:0:0:0:0:1 - /resources/postQuery
2020-01-12 15:48:02,427 INFO com.erp.config.realtime.WebSocketEventListener [clientOutboundChannel-3] Received a new web socket connection
2020-01-12 15:48:02,627 INFO com.erp.config.JwtRequestFilter [http-nio-8080-exec-8] Request : 0:0:0:0:0:0:0:1 - /roles/postQuery
2020-01-12 15:48:02,755 INFO com.erp.config.realtime.WebSocketEventListener [clientOutboundChannel-5] Received a new web socket connection
2020-01-12 15:48:07,083 INFO com.erp.config.JwtRequestFilter [http-nio-8080-exec-7] Request : 0:0:0:0:0:0:0:1 - /organizations/getSelectedData
2020-01-12 15:48:07,084 INFO com.erp.config.JwtRequestFilter [http-nio-8080-exec-6] Request : 0:0:0:0:0:0:0:1 - /users/postQuery
2020-01-12 15:48:07,310 INFO com.erp.config.realtime.WebSocketEventListener [clientOutboundChannel-9] Received a new web socket connection
2020-01-12 15:48:07,868 INFO com.erp.config.JwtRequestFilter [http-nio-8080-exec-3] Request : 0:0:0:0:0:0:0:1 - /resources/postQuery
2020-01-12 15:48:08,016 INFO com.erp.config.realtime.WebSocketEventListener [clientOutboundChannel-4] Received a new web socket connection
2020-01-12 15:48:08,561 INFO com.erp.config.JwtRequestFilter [http-nio-8080-exec-5] Request : 0:0:0:0:0:0:0:1 - /roles/postQuery
2020-01-12 15:48:08,694 INFO com.erp.config.realtime.WebSocketEventListener [clientOutboundChannel-8] Received a new web socket connection
2020-01-12 15:48:09,226 INFO com.erp.config.realtime.WebSocketEventListener [clientOutboundChannel-2] Received a new web socket connection
2020-01-12 15:48:09,870 INFO com.erp.config.JwtRequestFilter [http-nio-8080-exec-8] Request : 0:0:0:0:0:0:0:1 - /roles/postQuery
2020-01-12 15:48:10,026 INFO com.erp.config.realtime.WebSocketEventListener [clientOutboundChannel-7] Received a new web socket connection
2020-01-12 15:48:10,763 INFO com.erp.config.JwtRequestFilter [http-nio-8080-exec-7] Request : 0:0:0:0:0:0:0:1 - /users/postQuery
2020-01-12 15:48:10,765 INFO com.erp.config.JwtRequestFilter [http-nio-8080-exec-6] Request : 0:0:0:0:0:0:0:1 - /organizations/getSelectedData
2020-01-12 15:48:10,976 INFO com.erp.config.realtime.WebSocketEventListener [clientOutboundChannel-6] Received a new web socket connection
2020-01-12 15:48:11,259 INFO com.erp.config.JwtRequestFilter [http-nio-8080-exec-3] Request : 0:0:0:0:0:0:0:1 - /resources/postQuery
2020-01-12 15:48:11,422 INFO com.erp.config.realtime.WebSocketEventListener [clientOutboundChannel-3] Received a new web socket connection
2020-01-12 15:48:11,916 INFO com.erp.config.JwtRequestFilter [http-nio-8080-exec-5] Request : 0:0:0:0:0:0:0:1 - /roles/postQuery
2020-01-12 15:48:12,057 INFO com.erp.config.realtime.WebSocketEventListener [clientOutboundChannel-5] Received a new web socket connection
2020-01-12 15:48:12,600 INFO com.erp.config.realtime.WebSocketEventListener [clientOutboundChannel-9] Received a new web socket connection
2020-01-12 15:48:13,069 INFO com.erp.config.JwtRequestFilter [http-nio-8080-exec-8] Request : 0:0:0:0:0:0:0:1 - /roles/postQuery
2020-01-12 15:48:13,207 INFO com.erp.config.realtime.WebSocketEventListener [clientOutboundChannel-7] Received a new web socket connection
2020-01-12 15:48:13,550 INFO com.erp.config.JwtRequestFilter [http-nio-8080-exec-6] Request : 0:0:0:0:0:0:0:1 - /resources/postQuery
2020-01-12 15:48:13,742 INFO com.erp.config.realtime.WebSocketEventListener [clientOutboundChannel-8] Received a new web socket connection
2020-01-12 15:48:14,026 INFO com.erp.config.JwtRequestFilter [http-nio-8080-exec-3] Request : 0:0:0:0:0:0:0:1 - /organizations/getSelectedData
2020-01-12 15:48:14,026 INFO com.erp.config.JwtRequestFilter [http-nio-8080-exec-1] Request : 0:0:0:0:0:0:0:1 - /users/postQuery
2020-01-12 15:48:14,263 INFO com.erp.config.realtime.WebSocketEventListener [clientOutboundChannel-2] Received a new web socket connection
2020-01-12 15:48:14,626 INFO com.erp.config.JwtRequestFilter [http-nio-8080-exec-5] Request : 0:0:0:0:0:0:0:1 - /resources/postQuery
2020-01-12 15:48:14,825 INFO com.erp.config.realtime.WebSocketEventListener [clientOutboundChannel-4] Received a new web socket connection
2020-01-12 15:48:15,043 INFO com.erp.config.JwtRequestFilter [http-nio-8080-exec-10] Request : 0:0:0:0:0:0:0:1 - /roles/postQuery
2020-01-12 15:48:15,160 INFO com.erp.config.realtime.WebSocketEventListener [clientOutboundChannel-9] Received a new web socket connection
2020-01-12 15:48:15,647 INFO com.erp.config.realtime.WebSocketEventListener [clientOutboundChannel-3] Received a new web socket connection
2020-01-12 15:48:16,309 INFO com.erp.config.JwtRequestFilter [http-nio-8080-exec-6] Request : 0:0:0:0:0:0:0:1 - /roles/postQuery
2020-01-12 15:48:16,446 INFO com.erp.config.realtime.WebSocketEventListener [clientOutboundChannel-5] Received a new web socket connection
2020-01-12 15:48:16,724 INFO com.erp.config.JwtRequestFilter [http-nio-8080-exec-3] Request : 0:0:0:0:0:0:0:1 - /resources/postQuery
2020-01-12 15:48:16,962 INFO com.erp.config.realtime.WebSocketEventListener [clientOutboundChannel-6] Received a new web socket connection
2020-01-12 15:48:17,235 INFO com.erp.config.JwtRequestFilter [http-nio-8080-exec-5] Request : 0:0:0:0:0:0:0:1 - /organizations/getSelectedData
2020-01-12 15:48:17,235 INFO com.erp.config.JwtRequestFilter [http-nio-8080-exec-2] Request : 0:0:0:0:0:0:0:1 - /users/postQuery
2020-01-12 15:48:17,449 INFO com.erp.config.realtime.WebSocketEventListener [clientOutboundChannel-7] Received a new web socket connection
2020-01-12 15:50:15,791 INFO com.erp.config.JwtRequestFilter [http-nio-8080-exec-2] Request : 0:0:0:0:0:0:0:1 - /users/postQuery
2020-01-12 15:50:15,793 INFO com.erp.config.JwtRequestFilter [http-nio-8080-exec-8] Request : 0:0:0:0:0:0:0:1 - /organizations/getSelectedData
2020-01-12 15:50:16,280 INFO com.erp.config.realtime.WebSocketEventListener [clientOutboundChannel-12] Received a new web socket connection
2020-01-12 15:50:36,156 INFO com.erp.config.JwtRequestFilter [http-nio-8080-exec-7] Request : 0:0:0:0:0:0:0:1 - /organizations/getSelectedData
2020-01-12 15:50:36,167 INFO com.erp.config.JwtRequestFilter [http-nio-8080-exec-6] Request : 0:0:0:0:0:0:0:1 - /users/postQuery
2020-01-12 15:50:45,023 INFO com.erp.config.JwtRequestFilter [http-nio-8080-exec-8] Request : 0:0:0:0:0:0:0:1 - /roles/getUserRole/testpq
2020-01-12 15:51:14,024 INFO com.erp.config.JwtRequestFilter [http-nio-8080-exec-2] Request : 0:0:0:0:0:0:0:1 - /users/postQuery
2020-01-12 15:51:14,031 INFO com.erp.config.JwtRequestFilter [http-nio-8080-exec-9] Request : 0:0:0:0:0:0:0:1 - /organizations/getSelectedData
2020-01-12 15:52:37,505 INFO com.erp.config.JwtRequestFilter [http-nio-8080-exec-10] Request : 0:0:0:0:0:0:0:1 - /users/postQuery
2020-01-12 15:52:37,518 INFO com.erp.config.JwtRequestFilter [http-nio-8080-exec-7] Request : 0:0:0:0:0:0:0:1 - /organizations/getSelectedData
2020-01-12 15:53:28,259 INFO com.erp.config.JwtRequestFilter [http-nio-8080-exec-6] Request : 0:0:0:0:0:0:0:1 - /users/postQuery
2020-01-12 15:53:28,264 INFO com.erp.config.JwtRequestFilter [http-nio-8080-exec-5] Request : 0:0:0:0:0:0:0:1 - /organizations/getSelectedData
2020-01-12 15:53:30,610 INFO com.erp.config.JwtRequestFilter [http-nio-8080-exec-8] Request : 0:0:0:0:0:0:0:1 - /users/postQuery
2020-01-12 15:53:30,730 INFO com.erp.config.JwtRequestFilter [http-nio-8080-exec-2] Request : 0:0:0:0:0:0:0:1 - /roles/postQuery
2020-01-12 15:53:46,276 INFO com.erp.config.JwtRequestFilter [http-nio-8080-exec-9] Request : 0:0:0:0:0:0:0:1 - /roles/postQuery
2020-01-12 15:57:36,641 INFO com.erp.config.JwtRequestFilter [http-nio-8080-exec-7] Request : 0:0:0:0:0:0:0:1 - /roles/postQuery
2020-01-12 15:57:36,988 INFO com.erp.config.realtime.WebSocketEventListener [clientOutboundChannel-14] Received a new web socket connection
2020-01-12 15:57:45,076 INFO com.erp.config.JwtRequestFilter [http-nio-8080-exec-9] Request : 0:0:0:0:0:0:0:1 - /resources/postQuery
2020-01-12 15:57:57,161 INFO com.erp.config.JwtRequestFilter [http-nio-8080-exec-4] Request : 0:0:0:0:0:0:0:1 - /organizations/getSelectedData
2020-01-12 15:57:57,168 INFO com.erp.config.JwtRequestFilter [http-nio-8080-exec-1] Request : 0:0:0:0:0:0:0:1 - /users/postQuery
2020-01-12 15:58:41,853 INFO com.erp.config.realtime.WebSocketEventListener [clientOutboundChannel-16] Received a new web socket connection
2020-01-12 15:58:41,895 INFO com.erp.config.JwtRequestFilter [http-nio-8080-exec-2] Request : 0:0:0:0:0:0:0:1 - /users/postQuery
2020-01-12 15:58:41,897 INFO com.erp.config.JwtRequestFilter [http-nio-8080-exec-9] Request : 0:0:0:0:0:0:0:1 - /organizations/getSelectedData
2020-01-12 15:58:51,512 INFO com.erp.config.JwtRequestFilter [http-nio-8080-exec-3] Request : 0:0:0:0:0:0:0:1 - /resources/postQuery
2020-01-12 15:58:52,697 INFO com.erp.config.JwtRequestFilter [http-nio-8080-exec-7] Request : 0:0:0:0:0:0:0:1 - /roles/postQuery
2020-01-12 15:59:35,024 INFO com.erp.config.JwtRequestFilter [http-nio-8080-exec-5] Request : 0:0:0:0:0:0:0:1 - /resources/postQuery
2020-01-12 15:59:36,351 INFO com.erp.config.JwtRequestFilter [http-nio-8080-exec-6] Request : 0:0:0:0:0:0:0:1 - /users/postQuery
2020-01-12 15:59:36,353 INFO com.erp.config.JwtRequestFilter [http-nio-8080-exec-8] Request : 0:0:0:0:0:0:0:1 - /organizations/getSelectedData
2020-01-12 15:59:37,446 INFO com.erp.config.JwtRequestFilter [http-nio-8080-exec-9] Request : 0:0:0:0:0:0:0:1 - /roles/postQuery
2020-01-12 15:59:38,467 INFO com.erp.config.JwtRequestFilter [http-nio-8080-exec-2] Request : 0:0:0:0:0:0:0:1 - /resources/postQuery
2020-01-12 15:59:39,170 INFO com.erp.config.JwtRequestFilter [http-nio-8080-exec-4] Request : 0:0:0:0:0:0:0:1 - /users/postQuery
2020-01-12 15:59:39,170 INFO com.erp.config.JwtRequestFilter [http-nio-8080-exec-1] Request : 0:0:0:0:0:0:0:1 - /organizations/getSelectedData
2020-01-12 15:59:40,238 INFO com.erp.config.JwtRequestFilter [http-nio-8080-exec-3] Request : 0:0:0:0:0:0:0:1 - /resources/postQuery
2020-01-12 15:59:40,949 INFO com.erp.config.JwtRequestFilter [http-nio-8080-exec-10] Request : 0:0:0:0:0:0:0:1 - /roles/postQuery
2020-01-12 15:59:41,532 INFO com.erp.config.JwtRequestFilter [http-nio-8080-exec-7] Request : 0:0:0:0:0:0:0:1 - /resources/postQuery
2020-01-12 15:59:41,932 INFO com.erp.config.JwtRequestFilter [http-nio-8080-exec-5] Request : 0:0:0:0:0:0:0:1 - /users/postQuery
2020-01-12 15:59:41,934 INFO com.erp.config.JwtRequestFilter [http-nio-8080-exec-8] Request : 0:0:0:0:0:0:0:1 - /organizations/getSelectedData
2020-01-12 16:00:34,914 INFO com.erp.config.JwtRequestFilter [http-nio-8080-exec-4] Request : 0:0:0:0:0:0:0:1 - /users/postQuery
2020-01-12 16:00:34,914 INFO com.erp.config.JwtRequestFilter [http-nio-8080-exec-3] Request : 0:0:0:0:0:0:0:1 - /organizations/getSelectedData
2020-01-12 16:00:35,241 INFO com.erp.config.realtime.WebSocketEventListener [clientOutboundChannel-18] Received a new web socket connection
2020-01-12 16:00:50,385 INFO com.erp.config.JwtRequestFilter [http-nio-8080-exec-8] Request : 0:0:0:0:0:0:0:1 - /resources/postQuery
2020-01-12 16:01:05,521 INFO com.erp.config.realtime.WebSocketEventListener [clientOutboundChannel-20] Received a new web socket connection
2020-01-12 16:01:13,424 INFO com.erp.config.JwtRequestFilter [http-nio-8080-exec-7] Request : 0:0:0:0:0:0:0:1 - /resources/postQuery
2020-01-12 16:01:13,708 INFO com.erp.config.realtime.WebSocketEventListener [clientOutboundChannel-22] Received a new web socket connection
2020-01-12 16:02:16,525 INFO com.erp.config.JwtRequestFilter [http-nio-8080-exec-10] Request : 0:0:0:0:0:0:0:1 - /resources/postQuery
2020-01-12 16:02:16,844 INFO com.erp.config.realtime.WebSocketEventListener [clientOutboundChannel-24] Received a new web socket connection
2020-01-12 16:02:20,691 INFO com.erp.config.JwtRequestFilter [http-nio-8080-exec-5] Request : 0:0:0:0:0:0:0:1 - /roles/postQuery
2020-01-12 16:02:21,488 INFO com.erp.config.JwtRequestFilter [http-nio-8080-exec-6] Request : 0:0:0:0:0:0:0:1 - /resources/postQuery
2020-01-12 16:02:22,281 INFO com.erp.config.JwtRequestFilter [http-nio-8080-exec-9] Request : 0:0:0:0:0:0:0:1 - /users/postQuery
2020-01-12 16:02:22,283 INFO com.erp.config.JwtRequestFilter [http-nio-8080-exec-2] Request : 0:0:0:0:0:0:0:1 - /organizations/getSelectedData
2020-01-12 16:02:29,265 INFO com.erp.config.JwtRequestFilter [http-nio-8080-exec-10] Request : 0:0:0:0:0:0:0:1 - /users/postQuery
2020-01-12 16:02:29,266 INFO com.erp.config.JwtRequestFilter [http-nio-8080-exec-7] Request : 0:0:0:0:0:0:0:1 - /organizations/getSelectedData
2020-01-12 16:02:29,919 INFO com.erp.config.realtime.WebSocketEventListener [clientOutboundChannel-26] Received a new web socket connection
2020-01-12 16:02:30,899 INFO com.erp.config.JwtRequestFilter [http-nio-8080-exec-6] Request : 0:0:0:0:0:0:0:1 - /resources/postQuery
2020-01-12 16:02:31,869 INFO com.erp.config.JwtRequestFilter [http-nio-8080-exec-2] Request : 0:0:0:0:0:0:0:1 - /roles/postQuery
2020-01-12 16:02:32,943 INFO com.erp.config.JwtRequestFilter [http-nio-8080-exec-9] Request : 0:0:0:0:0:0:0:1 - /users/postQuery
2020-01-12 16:02:32,944 INFO com.erp.config.JwtRequestFilter [http-nio-8080-exec-1] Request : 0:0:0:0:0:0:0:1 - /organizations/getSelectedData
2020-01-12 16:02:33,696 INFO com.erp.config.JwtRequestFilter [http-nio-8080-exec-3] Request : 0:0:0:0:0:0:0:1 - /roles/postQuery
2020-01-12 16:02:35,884 INFO com.erp.config.JwtRequestFilter [http-nio-8080-exec-4] Request : 0:0:0:0:0:0:0:1 - /resources/postQuery
2020-01-12 16:02:36,243 INFO com.erp.config.JwtRequestFilter [http-nio-8080-exec-10] Request : 0:0:0:0:0:0:0:1 - /organizations/getSelectedData
2020-01-12 16:02:36,244 INFO com.erp.config.JwtRequestFilter [http-nio-8080-exec-7] Request : 0:0:0:0:0:0:0:1 - /users/postQuery
2020-01-12 16:04:41,043 INFO com.erp.config.JwtRequestFilter [http-nio-8080-exec-3] Request : 0:0:0:0:0:0:0:1 - /users/postQuery
2020-01-12 16:04:41,046 INFO com.erp.config.JwtRequestFilter [http-nio-8080-exec-4] Request : 0:0:0:0:0:0:0:1 - /organizations/getSelectedData
2020-01-12 16:04:41,084 INFO com.erp.config.realtime.WebSocketEventListener [clientOutboundChannel-28] Received a new web socket connection
2020-01-12 16:04:42,929 INFO com.erp.config.JwtRequestFilter [http-nio-8080-exec-8] Request : 0:0:0:0:0:0:0:1 - /resources/postQuery
2020-01-12 16:04:46,492 INFO com.erp.config.JwtRequestFilter [http-nio-8080-exec-5] Request : 0:0:0:0:0:0:0:1 - /roles/postQuery
2020-01-12 16:04:47,528 INFO com.erp.config.JwtRequestFilter [http-nio-8080-exec-2] Request : 0:0:0:0:0:0:0:1 - /organizations/getSelectedData
2020-01-12 16:04:47,528 INFO com.erp.config.JwtRequestFilter [http-nio-8080-exec-6] Request : 0:0:0:0:0:0:0:1 - /users/postQuery
2020-01-12 16:04:48,413 INFO com.erp.config.JwtRequestFilter [http-nio-8080-exec-1] Request : 0:0:0:0:0:0:0:1 - /resources/postQuery
2020-01-12 16:04:48,954 INFO com.erp.config.JwtRequestFilter [http-nio-8080-exec-9] Request : 0:0:0:0:0:0:0:1 - /roles/postQuery
2020-01-12 16:04:51,755 INFO com.erp.config.JwtRequestFilter [http-nio-8080-exec-4] Request : 0:0:0:0:0:0:0:1 - /resources/postQuery
2020-01-12 16:05:00,882 INFO com.erp.config.JwtRequestFilter [http-nio-8080-exec-10] Request : 0:0:0:0:0:0:0:1 - /organizations/getSelectedData
2020-01-12 16:05:00,883 INFO com.erp.config.JwtRequestFilter [http-nio-8080-exec-3] Request : 0:0:0:0:0:0:0:1 - /users/postQuery
2020-01-12 16:05:01,886 INFO com.erp.config.JwtRequestFilter [http-nio-8080-exec-7] Request : 0:0:0:0:0:0:0:1 - /resources/postQuery
2020-01-12 16:05:02,615 INFO com.erp.config.JwtRequestFilter [http-nio-8080-exec-8] Request : 0:0:0:0:0:0:0:1 - /roles/postQuery
2020-01-12 16:06:05,481 INFO com.erp.config.JwtRequestFilter [http-nio-8080-exec-10] Request : 0:0:0:0:0:0:0:1 - /roles/postQuery
2020-01-12 16:06:05,927 INFO com.erp.config.realtime.WebSocketEventListener [clientOutboundChannel-30] Received a new web socket connection
2020-01-12 16:06:25,500 INFO com.erp.config.realtime.WebSocketEventListener [clientOutboundChannel-32] Received a new web socket connection
2020-01-12 16:06:30,180 INFO com.erp.config.JwtRequestFilter [http-nio-8080-exec-9] Request : 0:0:0:0:0:0:0:1 - /resources/postQuery
2020-01-12 16:06:34,230 INFO com.erp.config.JwtRequestFilter [http-nio-8080-exec-4] Request : 0:0:0:0:0:0:0:1 - /roles/postQuery
2020-01-12 16:06:36,423 INFO com.erp.config.JwtRequestFilter [http-nio-8080-exec-10] Request : 0:0:0:0:0:0:0:1 - /users/postQuery
2020-01-12 16:06:36,432 INFO com.erp.config.JwtRequestFilter [http-nio-8080-exec-3] Request : 0:0:0:0:0:0:0:1 - /organizations/getSelectedData
2020-01-12 16:06:43,792 INFO com.erp.config.JwtRequestFilter [http-nio-8080-exec-7] Request : 0:0:0:0:0:0:0:1 - /roles/postQuery
2020-01-12 16:06:48,900 INFO com.erp.config.JwtRequestFilter [http-nio-8080-exec-8] Request : 0:0:0:0:0:0:0:1 - /users/postQuery
2020-01-12 16:06:48,901 INFO com.erp.config.JwtRequestFilter [http-nio-8080-exec-5] Request : 0:0:0:0:0:0:0:1 - /organizations/getSelectedData
2020-01-12 16:06:49,773 INFO com.erp.config.JwtRequestFilter [http-nio-8080-exec-2] Request : 0:0:0:0:0:0:0:1 - /resources/postQuery
2020-01-12 16:06:50,689 INFO com.erp.config.JwtRequestFilter [http-nio-8080-exec-6] Request : 0:0:0:0:0:0:0:1 - /roles/postQuery
2020-01-12 16:06:54,292 INFO com.erp.config.JwtRequestFilter [http-nio-8080-exec-1] Request : 0:0:0:0:0:0:0:1 - /resources/postQuery
2020-01-12 16:06:55,427 INFO com.erp.config.JwtRequestFilter [http-nio-8080-exec-9] Request : 0:0:0:0:0:0:0:1 - /users/postQuery
2020-01-12 16:06:55,434 INFO com.erp.config.JwtRequestFilter [http-nio-8080-exec-4] Request : 0:0:0:0:0:0:0:1 - /organizations/getSelectedData
2020-01-12 16:06:56,226 INFO com.erp.config.JwtRequestFilter [http-nio-8080-exec-10] Request : 0:0:0:0:0:0:0:1 - /roles/postQuery
2020-01-12 16:10:04,395 INFO com.erp.config.JwtRequestFilter [http-nio-8080-exec-8] Request : 0:0:0:0:0:0:0:1 - /resources/postQuery
2020-01-12 16:10:06,712 INFO com.erp.config.JwtRequestFilter [http-nio-8080-exec-2] Request : 0:0:0:0:0:0:0:1 - /roles/postQuery
2020-01-12 16:10:07,666 INFO com.erp.config.JwtRequestFilter [http-nio-8080-exec-6] Request : 0:0:0:0:0:0:0:1 - /users/postQuery
2020-01-12 16:10:07,668 INFO com.erp.config.JwtRequestFilter [http-nio-8080-exec-1] Request : 0:0:0:0:0:0:0:1 - /organizations/getSelectedData
2020-01-12 16:10:08,691 INFO com.erp.config.JwtRequestFilter [http-nio-8080-exec-9] Request : 0:0:0:0:0:0:0:1 - /resources/postQuery
2020-01-12 16:10:09,471 INFO com.erp.config.JwtRequestFilter [http-nio-8080-exec-4] Request : 0:0:0:0:0:0:0:1 - /roles/postQuery
2020-01-12 16:10:10,250 INFO com.erp.config.JwtRequestFilter [http-nio-8080-exec-10] Request : 0:0:0:0:0:0:0:1 - /resources/postQuery
2020-01-12 16:10:10,594 INFO com.erp.config.JwtRequestFilter [http-nio-8080-exec-3] Request : 0:0:0:0:0:0:0:1 - /users/postQuery
2020-01-12 16:10:10,595 INFO com.erp.config.JwtRequestFilter [http-nio-8080-exec-5] Request : 0:0:0:0:0:0:0:1 - /organizations/getSelectedData
2020-01-12 16:12:48,208 INFO com.erp.config.JwtRequestFilter [http-nio-8080-exec-1] Request : 0:0:0:0:0:0:0:1 - /users/postQuery
2020-01-12 16:12:48,211 INFO com.erp.config.JwtRequestFilter [http-nio-8080-exec-6] Request : 0:0:0:0:0:0:0:1 - /organizations/getSelectedData
2020-01-12 16:12:48,887 INFO com.erp.config.realtime.WebSocketEventListener [clientOutboundChannel-34] Received a new web socket connection
2020-01-12 16:14:11,954 INFO com.erp.config.JwtRequestFilter [http-nio-8080-exec-6] Request : 0:0:0:0:0:0:0:1 - /organizations/getSelectedData
2020-01-12 16:14:11,954 INFO com.erp.config.JwtRequestFilter [http-nio-8080-exec-1] Request : 0:0:0:0:0:0:0:1 - /users/postQuery
2020-01-12 16:14:12,563 INFO com.erp.config.realtime.WebSocketEventListener [clientOutboundChannel-36] Received a new web socket connection
2020-01-12 16:34:12,234 INFO com.erp.config.realtime.WebSocketEventListener [clientOutboundChannel-38] Received a new web socket connection
2020-01-12 16:56:15,004 INFO com.erp.config.realtime.WebSocketEventListener [clientOutboundChannel-40] Received a new web socket connection
2020-01-12 16:56:25,060 INFO com.erp.config.realtime.WebSocketEventListener [clientOutboundChannel-42] Received a new web socket connection
2020-01-12 16:58:13,873 INFO com.erp.config.realtime.WebSocketEventListener [clientOutboundChannel-44] Received a new web socket connection
2020-01-12 16:58:19,869 INFO com.erp.config.realtime.WebSocketEventListener [clientOutboundChannel-46] Received a new web socket connection
2020-01-12 16:58:44,977 INFO com.erp.config.realtime.WebSocketEventListener [clientOutboundChannel-48] Received a new web socket connection
2020-01-12 16:59:00,060 INFO com.erp.config.realtime.WebSocketEventListener [clientOutboundChannel-50] Received a new web socket connection
2020-01-12 16:59:14,707 INFO com.erp.config.realtime.WebSocketEventListener [clientOutboundChannel-52] Received a new web socket connection
2020-01-12 17:03:06,254 INFO com.erp.config.realtime.WebSocketEventListener [clientOutboundChannel-54] Received a new web socket connection
2020-01-12 17:03:50,286 INFO com.erp.config.realtime.WebSocketEventListener [clientOutboundChannel-56] Received a new web socket connection
2020-01-12 18:39:47,429 INFO com.erp.config.realtime.WebSocketEventListener [clientOutboundChannel-58] Received a new web socket connection
2020-01-12 18:41:31,017 INFO com.erp.config.realtime.WebSocketEventListener [clientOutboundChannel-60] Received a new web socket connection
2020-01-12 18:41:39,714 INFO com.erp.config.JwtRequestFilter [http-nio-8080-exec-3] Request : 0:0:0:0:0:0:0:1 - /organizations/getSelectedData
2020-01-12 18:41:39,714 INFO com.erp.config.JwtRequestFilter [http-nio-8080-exec-7] Request : 0:0:0:0:0:0:0:1 - /users/postQuery
2020-01-12 18:41:45,612 INFO com.erp.config.JwtRequestFilter [http-nio-8080-exec-8] Request : 0:0:0:0:0:0:0:1 - /users/postQuery
2020-01-12 18:42:02,714 INFO com.erp.config.JwtRequestFilter [http-nio-8080-exec-2] Request : 0:0:0:0:0:0:0:1 - /users/postQuery
2020-01-12 18:42:02,716 INFO com.erp.config.JwtRequestFilter [http-nio-8080-exec-6] Request : 0:0:0:0:0:0:0:1 - /organizations/getSelectedData
2020-01-12 18:42:04,097 INFO com.erp.config.JwtRequestFilter [http-nio-8080-exec-9] Request : 0:0:0:0:0:0:0:1 - /resources/postQuery
2020-01-12 18:42:06,131 INFO com.erp.config.JwtRequestFilter [http-nio-8080-exec-10] Request : 0:0:0:0:0:0:0:1 - /roles/postQuery
2020-01-12 18:42:24,198 INFO com.erp.config.JwtRequestFilter [http-nio-8080-exec-5] Request : 0:0:0:0:0:0:0:1 - /resources/postQuery
2020-01-12 18:42:27,558 INFO com.erp.config.JwtRequestFilter [http-nio-8080-exec-3] Request : 0:0:0:0:0:0:0:1 - /users/postQuery
2020-01-12 18:42:27,559 INFO com.erp.config.JwtRequestFilter [http-nio-8080-exec-7] Request : 0:0:0:0:0:0:0:1 - /organizations/getSelectedData
2020-01-12 18:42:29,627 INFO com.erp.config.JwtRequestFilter [http-nio-8080-exec-8] Request : 0:0:0:0:0:0:0:1 - /resources/postQuery
2020-01-12 18:42:30,404 INFO com.erp.config.JwtRequestFilter [http-nio-8080-exec-6] Request : 0:0:0:0:0:0:0:1 - /roles/postQuery
2020-01-12 18:43:04,268 INFO com.erp.config.realtime.WebSocketEventListener [clientOutboundChannel-62] Received a new web socket connection
2020-01-12 18:58:25,019 INFO com.erp.config.realtime.WebSocketEventListener [clientOutboundChannel-64] Received a new web socket connection
2020-01-12 19:13:28,632 INFO com.erp.ErpApplication [main] Starting ErpApplication on DESKTOP-NFG3D50 with PID 12048 (D:\Java\WorkSpaces\DeliveryERP\delivery\delivery\target\classes started by hieut in D:\Java\WorkSpaces\DeliveryERP\delivery\delivery)
2020-01-12 19:13:28,637 DEBUG com.erp.ErpApplication [main] Running with Spring Boot v2.0.0.RELEASE, Spring v5.0.4.RELEASE
2020-01-12 19:13:28,641 INFO com.erp.ErpApplication [main] No active profile set, falling back to default profiles: default
2020-01-12 19:13:37,791 DEBUG com.erp.config.JwtRequestFilter [localhost-startStop-1] Initializing filter 'jwtRequestFilter'
2020-01-12 19:13:37,791 DEBUG com.erp.config.JwtRequestFilter [localhost-startStop-1] Filter 'jwtRequestFilter' configured successfully
2020-01-12 19:13:47,551 INFO com.erp.ErpApplication [main] Started ErpApplication in 19.298 seconds (JVM running for 21.096)
2020-01-12 19:13:48,226 INFO com.erp.config.realtime.WebSocketEventListener [clientOutboundChannel-1] Received a new web socket connection
2020-01-12 19:14:03,065 INFO com.erp.config.realtime.WebSocketEventListener [clientOutboundChannel-3] Received a new web socket connection
2020-01-12 19:16:05,621 INFO com.erp.config.realtime.WebSocketEventListener [clientOutboundChannel-5] Received a new web socket connection
2020-01-12 19:16:51,815 INFO com.erp.config.realtime.WebSocketEventListener [clientOutboundChannel-7] Received a new web socket connection
2020-01-12 19:19:07,654 INFO com.erp.config.realtime.WebSocketEventListener [clientOutboundChannel-9] Received a new web socket connection
2020-01-12 19:19:53,240 INFO com.erp.config.realtime.WebSocketEventListener [clientOutboundChannel-11] Received a new web socket connection
2020-01-12 19:23:06,757 INFO com.erp.config.realtime.WebSocketEventListener [clientOutboundChannel-13] Received a new web socket connection
2020-01-12 19:23:30,752 INFO com.erp.config.realtime.WebSocketEventListener [clientOutboundChannel-15] Received a new web socket connection
2020-01-12 19:27:57,045 INFO com.erp.config.realtime.WebSocketEventListener [clientOutboundChannel-17] Received a new web socket connection
2020-01-12 19:28:07,269 INFO com.erp.config.realtime.WebSocketEventListener [clientOutboundChannel-19] Received a new web socket connection
2020-01-12 19:30:10,041 INFO com.erp.config.realtime.WebSocketEventListener [clientOutboundChannel-21] Received a new web socket connection
2020-01-12 19:30:16,294 INFO com.erp.config.realtime.WebSocketEventListener [clientOutboundChannel-23] Received a new web socket connection
2020-01-12 19:30:43,406 INFO com.erp.config.realtime.WebSocketEventListener [clientOutboundChannel-26] Received a new web socket connection
2020-01-12 19:30:54,957 INFO com.erp.config.realtime.WebSocketEventListener [clientOutboundChannel-21] Received a new web socket connection
2020-01-12 19:33:10,412 INFO com.erp.config.realtime.WebSocketEventListener [clientOutboundChannel-29] Received a new web socket connection
2020-01-12 19:33:50,707 INFO com.erp.config.realtime.WebSocketEventListener [clientOutboundChannel-31] Received a new web socket connection
2020-01-12 19:34:21,301 INFO com.erp.config.realtime.WebSocketEventListener [clientOutboundChannel-33] Received a new web socket connection
2020-01-12 19:36:17,083 INFO com.erp.config.realtime.WebSocketEventListener [clientOutboundChannel-35] Received a new web socket connection
2020-01-12 19:38:01,978 INFO com.erp.config.realtime.WebSocketEventListener [clientOutboundChannel-37] Received a new web socket connection
2020-01-12 19:42:44,173 INFO com.erp.config.realtime.WebSocketEventListener [clientOutboundChannel-39] Received a new web socket connection
2020-01-12 19:44:59,131 INFO com.erp.config.realtime.WebSocketEventListener [clientOutboundChannel-41] Received a new web socket connection
2020-01-12 19:46:36,150 INFO com.erp.config.realtime.WebSocketEventListener [clientOutboundChannel-43] Received a new web socket connection
2020-01-12 19:50:48,609 INFO com.erp.config.realtime.WebSocketEventListener [clientOutboundChannel-45] Received a new web socket connection
2020-01-12 19:50:49,681 INFO com.erp.config.JwtRequestFilter [http-nio-8080-exec-6] Request : 0:0:0:0:0:0:0:1 - /organizations/getSelectedData
2020-01-12 19:52:22,531 INFO com.erp.config.JwtRequestFilter [http-nio-8080-exec-3] Request : 0:0:0:0:0:0:0:1 - /organizations/getSelectedData
2020-01-12 19:52:22,726 INFO com.erp.config.realtime.WebSocketEventListener [clientOutboundChannel-47] Received a new web socket connection
2020-01-12 19:53:07,401 INFO com.erp.config.JwtRequestFilter [http-nio-8080-exec-10] Request : 0:0:0:0:0:0:0:1 - /organizations/getSelectedData
2020-01-12 19:53:08,060 INFO com.erp.config.realtime.WebSocketEventListener [clientOutboundChannel-49] Received a new web socket connection
2020-01-12 19:56:43,036 INFO com.erp.config.JwtRequestFilter [http-nio-8080-exec-6] Request : 0:0:0:0:0:0:0:1 - /organizations/getSelectedData
2020-01-12 19:56:43,234 INFO com.erp.config.realtime.WebSocketEventListener [clientOutboundChannel-51] Received a new web socket connection
2020-01-12 19:57:24,185 INFO com.erp.config.JwtRequestFilter [http-nio-8080-exec-2] Request : 0:0:0:0:0:0:0:1 - /organizations/getSelectedData
2020-01-12 19:57:24,752 INFO com.erp.config.realtime.WebSocketEventListener [clientOutboundChannel-53] Received a new web socket connection
2020-01-12 19:57:28,518 INFO com.erp.config.JwtRequestFilter [http-nio-8080-exec-10] Request : 0:0:0:0:0:0:0:1 - /organizations/getSelectedData
2020-01-12 19:57:29,020 INFO com.erp.config.realtime.WebSocketEventListener [clientOutboundChannel-55] Received a new web socket connection
2020-01-12 19:58:16,620 INFO com.erp.config.JwtRequestFilter [http-nio-8080-exec-7] Request : 0:0:0:0:0:0:0:1 - /organizations/getSelectedData
2020-01-12 19:58:17,012 INFO com.erp.config.realtime.WebSocketEventListener [clientOutboundChannel-57] Received a new web socket connection
2020-01-12 19:58:21,209 INFO com.erp.config.JwtRequestFilter [http-nio-8080-exec-10] Request : 0:0:0:0:0:0:0:1 - /roles/postQuery
2020-01-12 19:58:24,898 INFO com.erp.config.JwtRequestFilter [http-nio-8080-exec-5] Request : 0:0:0:0:0:0:0:1 - /organizations/getSelectedData
2020-01-12 19:58:27,568 INFO com.erp.config.JwtRequestFilter [http-nio-8080-exec-4] Request : 0:0:0:0:0:0:0:1 - /organizations/getSelectedData
2020-01-12 19:58:27,833 INFO com.erp.config.realtime.WebSocketEventListener [clientOutboundChannel-59] Received a new web socket connection
2020-01-12 19:59:14,905 INFO com.erp.config.JwtRequestFilter [http-nio-8080-exec-5] Request : 0:0:0:0:0:0:0:1 - /organizations/getSelectedData
2020-01-12 19:59:15,049 INFO com.erp.config.realtime.WebSocketEventListener [clientOutboundChannel-61] Received a new web socket connection
2020-01-12 19:59:58,815 INFO com.erp.config.JwtRequestFilter [http-nio-8080-exec-8] Request : 0:0:0:0:0:0:0:1 - /organizations/getSelectedData
2020-01-12 19:59:59,467 INFO com.erp.config.realtime.WebSocketEventListener [clientOutboundChannel-63] Received a new web socket connection
2020-01-12 20:01:21,698 INFO com.erp.config.JwtRequestFilter [http-nio-8080-exec-4] Request : 0:0:0:0:0:0:0:1 - /organizations/getSelectedData
2020-01-12 20:01:22,015 INFO com.erp.config.realtime.WebSocketEventListener [clientOutboundChannel-65] Received a new web socket connection
2020-01-12 20:01:39,710 INFO com.erp.config.JwtRequestFilter [http-nio-8080-exec-5] Request : 0:0:0:0:0:0:0:1 - /organizations/getSelectedData
2020-01-12 20:01:39,952 INFO com.erp.config.realtime.WebSocketEventListener [clientOutboundChannel-67] Received a new web socket connection
2020-01-12 20:01:59,749 INFO com.erp.config.JwtRequestFilter [http-nio-8080-exec-8] Request : 0:0:0:0:0:0:0:1 - /organizations/getSelectedData
2020-01-12 20:01:59,899 INFO com.erp.config.realtime.WebSocketEventListener [clientOutboundChannel-69] Received a new web socket connection
2020-01-12 20:10:45,015 INFO com.erp.config.JwtRequestFilter [http-nio-8080-exec-4] Request : 0:0:0:0:0:0:0:1 - /organizations/getSelectedData
2020-01-12 20:10:45,257 INFO com.erp.config.realtime.WebSocketEventListener [clientOutboundChannel-71] Received a new web socket connection
2020-01-12 20:11:05,159 INFO com.erp.config.JwtRequestFilter [http-nio-8080-exec-5] Request : 0:0:0:0:0:0:0:1 - /organizations/getSelectedData
2020-01-12 20:11:05,269 INFO com.erp.config.realtime.WebSocketEventListener [clientOutboundChannel-73] Received a new web socket connection
2020-01-12 20:11:30,442 INFO com.erp.config.JwtRequestFilter [http-nio-8080-exec-8] Request : 0:0:0:0:0:0:0:1 - /organizations/getSelectedData
2020-01-12 20:11:30,764 INFO com.erp.config.realtime.WebSocketEventListener [clientOutboundChannel-75] Received a new web socket connection
2020-01-12 20:11:30,770 INFO com.erp.config.JwtRequestFilter [http-nio-8080-exec-9] Request : 0:0:0:0:0:0:0:1 - /organizations/postQuery
2020-01-12 20:11:30,785 DEBUG com.erp.util.VfDataImpl [http-nio-8080-exec-9] address is not defined
2020-01-12 20:13:21,546 INFO com.erp.config.JwtRequestFilter [http-nio-8080-exec-10] Request : 0:0:0:0:0:0:0:1 - /organizations/postQuery
2020-01-12 20:13:21,548 DEBUG com.erp.util.VfDataImpl [http-nio-8080-exec-10] address is not defined
2020-01-12 20:13:21,565 INFO com.erp.config.JwtRequestFilter [http-nio-8080-exec-8] Request : 0:0:0:0:0:0:0:1 - /organizations/getSelectedData
2020-01-12 20:13:22,065 INFO com.erp.config.realtime.WebSocketEventListener [clientOutboundChannel-77] Received a new web socket connection
2020-01-12 20:13:52,622 INFO com.erp.config.JwtRequestFilter [http-nio-8080-exec-4] Request : 0:0:0:0:0:0:0:1 - /organizations/getSelectedData
2020-01-12 20:13:52,623 INFO com.erp.config.JwtRequestFilter [http-nio-8080-exec-7] Request : 0:0:0:0:0:0:0:1 - /organizations/postQuery
2020-01-12 20:13:52,626 DEBUG com.erp.util.VfDataImpl [http-nio-8080-exec-7] address is not defined
2020-01-12 20:13:53,129 INFO com.erp.config.realtime.WebSocketEventListener [clientOutboundChannel-79] Received a new web socket connection
2020-01-12 20:36:15,449 INFO com.erp.config.JwtRequestFilter [http-nio-8080-exec-7] Request : 0:0:0:0:0:0:0:1 - /organizations/postQuery
2020-01-12 20:36:15,449 INFO com.erp.config.JwtRequestFilter [http-nio-8080-exec-4] Request : 0:0:0:0:0:0:0:1 - /organizations/getSelectedData
2020-01-12 20:36:15,454 DEBUG com.erp.util.VfDataImpl [http-nio-8080-exec-7] address is not defined
2020-01-12 20:36:15,589 INFO com.erp.config.realtime.WebSocketEventListener [clientOutboundChannel-81] Received a new web socket connection
2020-01-12 20:36:39,365 INFO com.erp.config.JwtRequestFilter [http-nio-8080-exec-1] Request : 0:0:0:0:0:0:0:1 - /organizations/getSelectedData
2020-01-12 20:36:39,394 INFO com.erp.config.JwtRequestFilter [http-nio-8080-exec-2] Request : 0:0:0:0:0:0:0:1 - /organizations/postQuery
2020-01-12 20:36:39,397 DEBUG com.erp.util.VfDataImpl [http-nio-8080-exec-2] address is not defined
2020-01-12 20:36:40,319 INFO com.erp.config.realtime.WebSocketEventListener [clientOutboundChannel-84] Received a new web socket connection
2020-01-12 20:37:19,938 INFO com.erp.config.JwtRequestFilter [http-nio-8080-exec-8] Request : 0:0:0:0:0:0:0:1 - /organizations/getSelectedData
2020-01-12 20:37:19,982 INFO com.erp.config.JwtRequestFilter [http-nio-8080-exec-5] Request : 0:0:0:0:0:0:0:1 - /users/postQuery
2020-01-12 20:37:22,124 INFO com.erp.config.JwtRequestFilter [http-nio-8080-exec-9] Request : 0:0:0:0:0:0:0:1 - /organizations/getSelectedData
2020-01-12 20:37:22,128 INFO com.erp.config.JwtRequestFilter [http-nio-8080-exec-1] Request : 0:0:0:0:0:0:0:1 - /organizations/postQuery
2020-01-12 20:37:22,131 DEBUG com.erp.util.VfDataImpl [http-nio-8080-exec-1] address is not defined
2020-01-12 20:37:37,771 INFO com.erp.config.JwtRequestFilter [http-nio-8080-exec-4] Request : 0:0:0:0:0:0:0:1 - /organizations/getSelectedData
2020-01-12 20:37:37,781 INFO com.erp.config.JwtRequestFilter [http-nio-8080-exec-7] Request : 0:0:0:0:0:0:0:1 - /organizations/postQuery
2020-01-12 20:37:37,784 DEBUG com.erp.util.VfDataImpl [http-nio-8080-exec-7] address is not defined
2020-01-12 20:37:38,273 INFO com.erp.config.realtime.WebSocketEventListener [clientOutboundChannel-85] Received a new web socket connection
2020-01-12 20:38:09,417 INFO com.erp.config.JwtRequestFilter [http-nio-8080-exec-2] Request : 0:0:0:0:0:0:0:1 - /organizations/getSelectedData
2020-01-12 20:38:09,420 INFO com.erp.config.JwtRequestFilter [http-nio-8080-exec-1] Request : 0:0:0:0:0:0:0:1 - /organizations/postQuery
2020-01-12 20:38:09,423 DEBUG com.erp.util.VfDataImpl [http-nio-8080-exec-1] address is not defined
2020-01-12 20:38:10,364 INFO com.erp.config.realtime.WebSocketEventListener [clientOutboundChannel-88] Received a new web socket connection
2020-01-12 20:38:40,361 INFO com.erp.config.JwtRequestFilter [http-nio-8080-exec-5] Request : 0:0:0:0:0:0:0:1 - /organizations/
2020-01-12 20:38:40,537 ERROR org.hibernate.engine.jdbc.spi.SqlExceptionHelper [http-nio-8080-exec-5] Column 'organization_path' cannot be null
2020-01-12 20:38:40,556 ERROR org.hibernate.internal.ExceptionMapperStandardImpl [http-nio-8080-exec-5] HHH000346: Error during managed flush [org.hibernate.exception.ConstraintViolationException: could not execute statement]
2020-01-12 20:38:40,587 ERROR org.apache.catalina.core.ContainerBase.[Tomcat].[localhost].[/].[dispatcherServlet] [http-nio-8080-exec-5] Servlet.service() for servlet [dispatcherServlet] in context with path [] threw exception [Request processing failed; nested exception is org.springframework.dao.DataIntegrityViolationException: could not execute statement; SQL [n/a]; constraint [null]; nested exception is org.hibernate.exception.ConstraintViolationException: could not execute statement] with root cause
com.mysql.jdbc.exceptions.jdbc4.MySQLIntegrityConstraintViolationException: Column 'organization_path' cannot be null
	at sun.reflect.NativeConstructorAccessorImpl.newInstance0(Native Method)
	at sun.reflect.NativeConstructorAccessorImpl.newInstance(Unknown Source)
	at sun.reflect.DelegatingConstructorAccessorImpl.newInstance(Unknown Source)
	at java.lang.reflect.Constructor.newInstance(Unknown Source)
	at com.mysql.jdbc.Util.handleNewInstance(Util.java:425)
	at com.mysql.jdbc.Util.getInstance(Util.java:408)
	at com.mysql.jdbc.SQLError.createSQLException(SQLError.java:936)
	at com.mysql.jdbc.MysqlIO.checkErrorPacket(MysqlIO.java:3973)
	at com.mysql.jdbc.MysqlIO.checkErrorPacket(MysqlIO.java:3909)
	at com.mysql.jdbc.MysqlIO.sendCommand(MysqlIO.java:2527)
	at com.mysql.jdbc.MysqlIO.sqlQueryDirect(MysqlIO.java:2680)
	at com.mysql.jdbc.ConnectionImpl.execSQL(ConnectionImpl.java:2484)
	at com.mysql.jdbc.PreparedStatement.executeInternal(PreparedStatement.java:1858)
	at com.mysql.jdbc.PreparedStatement.executeUpdateInternal(PreparedStatement.java:2079)
	at com.mysql.jdbc.PreparedStatement.executeUpdateInternal(PreparedStatement.java:2013)
	at com.mysql.jdbc.PreparedStatement.executeLargeUpdate(PreparedStatement.java:5104)
	at com.mysql.jdbc.PreparedStatement.executeUpdate(PreparedStatement.java:1998)
	at com.zaxxer.hikari.pool.ProxyPreparedStatement.executeUpdate(ProxyPreparedStatement.java:61)
	at com.zaxxer.hikari.pool.HikariProxyPreparedStatement.executeUpdate(HikariProxyPreparedStatement.java)
	at org.hibernate.engine.jdbc.internal.ResultSetReturnImpl.executeUpdate(ResultSetReturnImpl.java:175)
	at org.hibernate.engine.jdbc.batch.internal.NonBatchingBatch.addToBatch(NonBatchingBatch.java:45)
	at org.hibernate.persister.entity.AbstractEntityPersister.insert(AbstractEntityPersister.java:3013)
	at org.hibernate.persister.entity.AbstractEntityPersister.insert(AbstractEntityPersister.java:3513)
	at org.hibernate.action.internal.EntityInsertAction.execute(EntityInsertAction.java:89)
	at org.hibernate.engine.spi.ActionQueue.executeActions(ActionQueue.java:599)
	at org.hibernate.engine.spi.ActionQueue.executeActions(ActionQueue.java:473)
	at org.hibernate.event.internal.AbstractFlushingEventListener.performExecutions(AbstractFlushingEventListener.java:337)
	at org.hibernate.event.internal.DefaultFlushEventListener.onFlush(DefaultFlushEventListener.java:39)
	at org.hibernate.internal.SessionImpl.doFlush(SessionImpl.java:1436)
	at org.hibernate.internal.SessionImpl.managedFlush(SessionImpl.java:493)
	at org.hibernate.internal.SessionImpl.flushBeforeTransactionCompletion(SessionImpl.java:3206)
	at org.hibernate.internal.SessionImpl.beforeTransactionCompletion(SessionImpl.java:2412)
	at org.hibernate.engine.jdbc.internal.JdbcCoordinatorImpl.beforeTransactionCompletion(JdbcCoordinatorImpl.java:473)
	at org.hibernate.resource.transaction.backend.jdbc.internal.JdbcResourceLocalTransactionCoordinatorImpl.beforeCompletionCallback(JdbcResourceLocalTransactionCoordinatorImpl.java:156)
	at org.hibernate.resource.transaction.backend.jdbc.internal.JdbcResourceLocalTransactionCoordinatorImpl.access$100(JdbcResourceLocalTransactionCoordinatorImpl.java:38)
	at org.hibernate.resource.transaction.backend.jdbc.internal.JdbcResourceLocalTransactionCoordinatorImpl$TransactionDriverControlImpl.commit(JdbcResourceLocalTransactionCoordinatorImpl.java:231)
	at org.hibernate.engine.transaction.internal.TransactionImpl.commit(TransactionImpl.java:68)
	at org.springframework.orm.jpa.JpaTransactionManager.doCommit(JpaTransactionManager.java:536)
	at org.springframework.transaction.support.AbstractPlatformTransactionManager.processCommit(AbstractPlatformTransactionManager.java:746)
	at org.springframework.transaction.support.AbstractPlatformTransactionManager.commit(AbstractPlatformTransactionManager.java:714)
	at org.springframework.transaction.interceptor.TransactionAspectSupport.commitTransactionAfterReturning(TransactionAspectSupport.java:532)
	at org.springframework.transaction.interceptor.TransactionAspectSupport.invokeWithinTransaction(TransactionAspectSupport.java:304)
	at org.springframework.transaction.interceptor.TransactionInterceptor.invoke(TransactionInterceptor.java:98)
	at org.springframework.aop.framework.ReflectiveMethodInvocation.proceed(ReflectiveMethodInvocation.java:185)
	at org.springframework.dao.support.PersistenceExceptionTranslationInterceptor.invoke(PersistenceExceptionTranslationInterceptor.java:139)
	at org.springframework.aop.framework.ReflectiveMethodInvocation.proceed(ReflectiveMethodInvocation.java:185)
	at org.springframework.data.jpa.repository.support.CrudMethodMetadataPostProcessor$CrudMethodMetadataPopulatingMethodInterceptor.invoke(CrudMethodMetadataPostProcessor.java:135)
	at org.springframework.aop.framework.ReflectiveMethodInvocation.proceed(ReflectiveMethodInvocation.java:185)
	at org.springframework.aop.interceptor.ExposeInvocationInterceptor.invoke(ExposeInvocationInterceptor.java:92)
	at org.springframework.aop.framework.ReflectiveMethodInvocation.proceed(ReflectiveMethodInvocation.java:185)
	at org.springframework.data.repository.core.support.SurroundingTransactionDetectorMethodInterceptor.invoke(SurroundingTransactionDetectorMethodInterceptor.java:61)
	at org.springframework.aop.framework.ReflectiveMethodInvocation.proceed(ReflectiveMethodInvocation.java:185)
	at org.springframework.aop.framework.JdkDynamicAopProxy.invoke(JdkDynamicAopProxy.java:212)
	at com.sun.proxy.$Proxy108.save(Unknown Source)
	at com.erp.service.OrganizationServiceImpl.save(OrganizationServiceImpl.java:35)
	at com.erp.controller.OrganizationController.create(OrganizationController.java:45)
	at sun.reflect.NativeMethodAccessorImpl.invoke0(Native Method)
	at sun.reflect.NativeMethodAccessorImpl.invoke(Unknown Source)
	at sun.reflect.DelegatingMethodAccessorImpl.invoke(Unknown Source)
	at java.lang.reflect.Method.invoke(Unknown Source)
	at org.springframework.web.method.support.InvocableHandlerMethod.doInvoke(InvocableHandlerMethod.java:209)
	at org.springframework.web.method.support.InvocableHandlerMethod.invokeForRequest(InvocableHandlerMethod.java:136)
	at org.springframework.web.servlet.mvc.method.annotation.ServletInvocableHandlerMethod.invokeAndHandle(ServletInvocableHandlerMethod.java:102)
	at org.springframework.web.servlet.mvc.method.annotation.RequestMappingHandlerAdapter.invokeHandlerMethod(RequestMappingHandlerAdapter.java:870)
	at org.springframework.web.servlet.mvc.method.annotation.RequestMappingHandlerAdapter.handleInternal(RequestMappingHandlerAdapter.java:776)
	at org.springframework.web.servlet.mvc.method.AbstractHandlerMethodAdapter.handle(AbstractHandlerMethodAdapter.java:87)
	at org.springframework.web.servlet.DispatcherServlet.doDispatch(DispatcherServlet.java:991)
	at org.springframework.web.servlet.DispatcherServlet.doService(DispatcherServlet.java:925)
	at org.springframework.web.servlet.FrameworkServlet.processRequest(FrameworkServlet.java:978)
	at org.springframework.web.servlet.FrameworkServlet.doPost(FrameworkServlet.java:881)
	at javax.servlet.http.HttpServlet.service(HttpServlet.java:661)
	at org.springframework.web.servlet.FrameworkServlet.service(FrameworkServlet.java:855)
	at javax.servlet.http.HttpServlet.service(HttpServlet.java:742)
	at org.apache.catalina.core.ApplicationFilterChain.internalDoFilter(ApplicationFilterChain.java:231)
	at org.apache.catalina.core.ApplicationFilterChain.doFilter(ApplicationFilterChain.java:166)
	at org.apache.tomcat.websocket.server.WsFilter.doFilter(WsFilter.java:52)
	at org.apache.catalina.core.ApplicationFilterChain.internalDoFilter(ApplicationFilterChain.java:193)
	at org.apache.catalina.core.ApplicationFilterChain.doFilter(ApplicationFilterChain.java:166)
	at org.springframework.web.filter.OncePerRequestFilter.doFilter(OncePerRequestFilter.java:101)
	at org.apache.catalina.core.ApplicationFilterChain.internalDoFilter(ApplicationFilterChain.java:193)
	at org.apache.catalina.core.ApplicationFilterChain.doFilter(ApplicationFilterChain.java:166)
	at org.springframework.security.web.FilterChainProxy$VirtualFilterChain.doFilter(FilterChainProxy.java:320)
	at org.springframework.security.web.access.intercept.FilterSecurityInterceptor.invoke(FilterSecurityInterceptor.java:127)
	at org.springframework.security.web.access.intercept.FilterSecurityInterceptor.doFilter(FilterSecurityInterceptor.java:91)
	at org.springframework.security.web.FilterChainProxy$VirtualFilterChain.doFilter(FilterChainProxy.java:334)
	at org.springframework.security.web.access.ExceptionTranslationFilter.doFilter(ExceptionTranslationFilter.java:119)
	at org.springframework.security.web.FilterChainProxy$VirtualFilterChain.doFilter(FilterChainProxy.java:334)
	at org.springframework.security.web.session.SessionManagementFilter.doFilter(SessionManagementFilter.java:137)
	at org.springframework.security.web.FilterChainProxy$VirtualFilterChain.doFilter(FilterChainProxy.java:334)
	at org.springframework.security.web.authentication.AnonymousAuthenticationFilter.doFilter(AnonymousAuthenticationFilter.java:111)
	at org.springframework.security.web.FilterChainProxy$VirtualFilterChain.doFilter(FilterChainProxy.java:334)
	at org.springframework.security.web.servletapi.SecurityContextHolderAwareRequestFilter.doFilter(SecurityContextHolderAwareRequestFilter.java:170)
	at org.springframework.security.web.FilterChainProxy$VirtualFilterChain.doFilter(FilterChainProxy.java:334)
	at org.springframework.security.web.savedrequest.RequestCacheAwareFilter.doFilter(RequestCacheAwareFilter.java:63)
	at org.springframework.security.web.FilterChainProxy$VirtualFilterChain.doFilter(FilterChainProxy.java:334)
	at com.erp.config.JwtRequestFilter.doFilterInternal(JwtRequestFilter.java:79)
	at org.springframework.web.filter.OncePerRequestFilter.doFilter(OncePerRequestFilter.java:107)
	at org.springframework.security.web.FilterChainProxy$VirtualFilterChain.doFilter(FilterChainProxy.java:334)
	at org.springframework.security.web.authentication.logout.LogoutFilter.doFilter(LogoutFilter.java:116)
	at org.springframework.security.web.FilterChainProxy$VirtualFilterChain.doFilter(FilterChainProxy.java:334)
	at org.springframework.security.web.header.HeaderWriterFilter.doFilterInternal(HeaderWriterFilter.java:66)
	at org.springframework.web.filter.OncePerRequestFilter.doFilter(OncePerRequestFilter.java:107)
	at org.springframework.security.web.FilterChainProxy$VirtualFilterChain.doFilter(FilterChainProxy.java:334)
	at org.springframework.security.web.context.SecurityContextPersistenceFilter.doFilter(SecurityContextPersistenceFilter.java:105)
	at org.springframework.security.web.FilterChainProxy$VirtualFilterChain.doFilter(FilterChainProxy.java:334)
	at org.springframework.security.web.context.request.async.WebAsyncManagerIntegrationFilter.doFilterInternal(WebAsyncManagerIntegrationFilter.java:56)
	at org.springframework.web.filter.OncePerRequestFilter.doFilter(OncePerRequestFilter.java:107)
	at org.springframework.security.web.FilterChainProxy$VirtualFilterChain.doFilter(FilterChainProxy.java:334)
	at org.springframework.security.web.FilterChainProxy.doFilterInternal(FilterChainProxy.java:215)
	at org.springframework.security.web.FilterChainProxy.doFilter(FilterChainProxy.java:178)
	at org.springframework.web.filter.DelegatingFilterProxy.invokeDelegate(DelegatingFilterProxy.java:357)
	at org.springframework.web.filter.DelegatingFilterProxy.doFilter(DelegatingFilterProxy.java:270)
	at org.apache.catalina.core.ApplicationFilterChain.internalDoFilter(ApplicationFilterChain.java:193)
	at org.apache.catalina.core.ApplicationFilterChain.doFilter(ApplicationFilterChain.java:166)
	at org.springframework.web.filter.RequestContextFilter.doFilterInternal(RequestContextFilter.java:99)
	at org.springframework.web.filter.OncePerRequestFilter.doFilter(OncePerRequestFilter.java:107)
	at org.apache.catalina.core.ApplicationFilterChain.internalDoFilter(ApplicationFilterChain.java:193)
	at org.apache.catalina.core.ApplicationFilterChain.doFilter(ApplicationFilterChain.java:166)
	at org.springframework.web.filter.HttpPutFormContentFilter.doFilterInternal(HttpPutFormContentFilter.java:109)
	at org.springframework.web.filter.OncePerRequestFilter.doFilter(OncePerRequestFilter.java:107)
	at org.apache.catalina.core.ApplicationFilterChain.internalDoFilter(ApplicationFilterChain.java:193)
	at org.apache.catalina.core.ApplicationFilterChain.doFilter(ApplicationFilterChain.java:166)
	at org.springframework.web.filter.HiddenHttpMethodFilter.doFilterInternal(HiddenHttpMethodFilter.java:81)
	at org.springframework.web.filter.OncePerRequestFilter.doFilter(OncePerRequestFilter.java:107)
	at org.apache.catalina.core.ApplicationFilterChain.internalDoFilter(ApplicationFilterChain.java:193)
	at org.apache.catalina.core.ApplicationFilterChain.doFilter(ApplicationFilterChain.java:166)
	at org.springframework.web.filter.CharacterEncodingFilter.doFilterInternal(CharacterEncodingFilter.java:200)
	at org.springframework.web.filter.OncePerRequestFilter.doFilter(OncePerRequestFilter.java:107)
	at org.apache.catalina.core.ApplicationFilterChain.internalDoFilter(ApplicationFilterChain.java:193)
	at org.apache.catalina.core.ApplicationFilterChain.doFilter(ApplicationFilterChain.java:166)
	at com.erp.config.CORSFilter.doFilter(CORSFilter.java:41)
	at org.apache.catalina.core.ApplicationFilterChain.internalDoFilter(ApplicationFilterChain.java:193)
	at org.apache.catalina.core.ApplicationFilterChain.doFilter(ApplicationFilterChain.java:166)
	at org.apache.catalina.core.StandardWrapperValve.invoke(StandardWrapperValve.java:199)
	at org.apache.catalina.core.StandardContextValve.invoke(StandardContextValve.java:96)
	at org.apache.catalina.authenticator.AuthenticatorBase.invoke(AuthenticatorBase.java:496)
	at org.apache.catalina.core.StandardHostValve.invoke(StandardHostValve.java:140)
	at org.apache.catalina.valves.ErrorReportValve.invoke(ErrorReportValve.java:81)
	at org.apache.catalina.core.StandardEngineValve.invoke(StandardEngineValve.java:87)
	at org.apache.catalina.connector.CoyoteAdapter.service(CoyoteAdapter.java:342)
	at org.apache.coyote.http11.Http11Processor.service(Http11Processor.java:803)
	at org.apache.coyote.AbstractProcessorLight.process(AbstractProcessorLight.java:66)
	at org.apache.coyote.AbstractProtocol$ConnectionHandler.process(AbstractProtocol.java:790)
	at org.apache.tomcat.util.net.NioEndpoint$SocketProcessor.doRun(NioEndpoint.java:1459)
	at org.apache.tomcat.util.net.SocketProcessorBase.run(SocketProcessorBase.java:49)
	at java.util.concurrent.ThreadPoolExecutor.runWorker(Unknown Source)
	at java.util.concurrent.ThreadPoolExecutor$Worker.run(Unknown Source)
	at org.apache.tomcat.util.threads.TaskThread$WrappingRunnable.run(TaskThread.java:61)
	at java.lang.Thread.run(Unknown Source)
2020-01-12 20:50:17,287 INFO com.erp.ErpApplication [main] Starting ErpApplication on DESKTOP-NFG3D50 with PID 15392 (D:\Java\WorkSpaces\DeliveryERP\delivery\delivery\target\classes started by hieut in D:\Java\WorkSpaces\DeliveryERP\delivery\delivery)
2020-01-12 20:50:17,297 DEBUG com.erp.ErpApplication [main] Running with Spring Boot v2.0.0.RELEASE, Spring v5.0.4.RELEASE
2020-01-12 20:50:17,301 INFO com.erp.ErpApplication [main] No active profile set, falling back to default profiles: default
2020-01-12 20:50:29,998 DEBUG com.erp.config.JwtRequestFilter [localhost-startStop-1] Initializing filter 'jwtRequestFilter'
2020-01-12 20:50:29,999 DEBUG com.erp.config.JwtRequestFilter [localhost-startStop-1] Filter 'jwtRequestFilter' configured successfully
2020-01-12 20:50:40,790 INFO com.erp.ErpApplication [main] Started ErpApplication in 24.07 seconds (JVM running for 26.482)
2020-01-12 20:50:46,618 INFO com.erp.config.realtime.WebSocketEventListener [clientOutboundChannel-1] Received a new web socket connection
2020-01-12 20:51:06,216 ERROR com.erp.config.JwtRequestFilter [http-nio-8080-exec-5] JWT Token has expired
2020-01-12 20:51:17,907 INFO com.erp.config.realtime.WebSocketEventListener [clientOutboundChannel-4] Received a new web socket connection
2020-01-12 20:51:25,850 INFO com.erp.config.realtime.WebSocketEventListener [clientOutboundChannel-6] Received a new web socket connection
2020-01-12 20:53:55,030 INFO com.erp.config.realtime.WebSocketEventListener [clientOutboundChannel-8] Received a new web socket connection
2020-01-12 20:54:56,316 INFO com.erp.config.realtime.WebSocketEventListener [clientOutboundChannel-10] Received a new web socket connection
2020-01-12 20:55:04,383 INFO com.erp.config.realtime.WebSocketEventListener [clientOutboundChannel-12] Received a new web socket connection
2020-01-12 20:55:41,802 INFO com.erp.config.realtime.WebSocketEventListener [clientOutboundChannel-14] Received a new web socket connection
2020-01-12 20:56:03,832 INFO com.erp.config.realtime.WebSocketEventListener [clientOutboundChannel-16] Received a new web socket connection
2020-01-12 20:58:09,365 INFO com.erp.config.realtime.WebSocketEventListener [clientOutboundChannel-18] Received a new web socket connection
2020-01-12 21:03:53,777 INFO com.erp.config.realtime.WebSocketEventListener [clientOutboundChannel-20] Received a new web socket connection
2020-01-12 21:04:01,189 INFO com.erp.config.realtime.WebSocketEventListener [clientOutboundChannel-22] Received a new web socket connection
2020-01-12 21:04:16,392 INFO com.erp.config.realtime.WebSocketEventListener [clientOutboundChannel-24] Received a new web socket connection
2020-01-12 21:04:53,397 INFO com.erp.config.realtime.WebSocketEventListener [clientOutboundChannel-26] Received a new web socket connection
2020-01-12 21:05:45,909 INFO com.erp.config.realtime.WebSocketEventListener [clientOutboundChannel-28] Received a new web socket connection
2020-01-12 21:25:59,997 INFO com.erp.config.realtime.WebSocketEventListener [clientOutboundChannel-30] Received a new web socket connection
2020-01-12 21:26:10,329 INFO com.erp.config.realtime.WebSocketEventListener [clientOutboundChannel-32] Received a new web socket connection
2020-01-12 21:31:50,043 INFO com.erp.config.realtime.WebSocketEventListener [clientOutboundChannel-34] Received a new web socket connection
2020-01-12 21:31:55,507 INFO com.erp.config.realtime.WebSocketEventListener [clientOutboundChannel-36] Received a new web socket connection
