2020-02-13 16:15:02,266 INFO com.erp.ErpApplication [main] Starting ErpApplication on DESKTOP-NFG3D50 with PID 8364 (D:\Java\WorkSpaces\DeliveryERP\delivery\delivery\target\classes started by hieut in D:\Java\WorkSpaces\DeliveryERP\delivery\delivery)
2020-02-13 16:15:02,282 DEBUG com.erp.ErpApplication [main] Running with Spring Boot v2.0.0.RELEASE, Spring v5.0.4.RELEASE
2020-02-13 16:15:02,286 INFO com.erp.ErpApplication [main] No active profile set, falling back to default profiles: default
2020-02-13 16:15:16,865 DEBUG com.erp.config.JwtRequestFilter [localhost-startStop-1] Initializing filter 'jwtRequestFilter'
2020-02-13 16:15:16,866 DEBUG com.erp.config.JwtRequestFilter [localhost-startStop-1] Filter 'jwtRequestFilter' configured successfully
2020-02-13 16:15:27,125 INFO com.erp.ErpApplication [main] Started ErpApplication in 25.533 seconds (JVM running for 28.621)
2020-02-13 16:21:17,676 INFO com.erp.config.realtime.WebSocketEventListener [clientOutboundChannel-1] Received a new web socket connection
2020-02-13 16:22:27,799 ERROR com.erp.config.JwtRequestFilter [http-nio-8080-exec-5] JWT Token has expired
2020-02-13 16:22:32,431 WARN com.erp.config.JwtRequestFilter [http-nio-8080-exec-6] JWT Token does not begin with Bearer String
2020-02-13 16:22:33,718 INFO com.erp.config.realtime.WebSocketEventListener [clientOutboundChannel-4] Received a new web socket connection
2020-02-13 16:22:35,093 INFO com.erp.config.JwtRequestFilter [http-nio-8080-exec-9] Request : 0:0:0:0:0:0:0:1 - /organizations/getSelectedData
2020-02-13 16:22:35,093 INFO com.erp.config.JwtRequestFilter [http-nio-8080-exec-5] Request : 0:0:0:0:0:0:0:1 - /users/postQuery
2020-02-13 16:25:20,849 INFO com.erp.config.JwtRequestFilter [http-nio-8080-exec-10] Request : 0:0:0:0:0:0:0:1 - /roles/postQuery
2020-02-13 16:50:47,171 INFO com.erp.config.JwtRequestFilter [http-nio-8080-exec-7] Request : 0:0:0:0:0:0:0:1 - /resources/postQuery
2020-02-13 16:50:51,788 INFO com.erp.config.JwtRequestFilter [http-nio-8080-exec-5] Request : 0:0:0:0:0:0:0:1 - /users/postQuery
2020-02-13 16:50:51,803 INFO com.erp.config.JwtRequestFilter [http-nio-8080-exec-1] Request : 0:0:0:0:0:0:0:1 - /organizations/getSelectedData
2020-02-13 16:50:58,771 INFO com.erp.config.JwtRequestFilter [http-nio-8080-exec-4] Request : 0:0:0:0:0:0:0:1 - /organizations/postQuery
2020-02-13 16:50:58,787 INFO com.erp.config.JwtRequestFilter [http-nio-8080-exec-6] Request : 0:0:0:0:0:0:0:1 - /organizations/getSelectedData
2020-02-13 17:51:28,100 INFO com.erp.config.realtime.WebSocketEventListener [clientOutboundChannel-6] Received a new web socket connection
2020-02-13 17:51:36,157 INFO com.erp.config.JwtRequestFilter [http-nio-8080-exec-6] Request : 0:0:0:0:0:0:0:1 - /resources/postQuery
2020-02-13 17:51:37,474 INFO com.erp.config.JwtRequestFilter [http-nio-8080-exec-4] Request : 0:0:0:0:0:0:0:1 - /users/postQuery
2020-02-13 17:51:37,478 INFO com.erp.config.JwtRequestFilter [http-nio-8080-exec-3] Request : 0:0:0:0:0:0:0:1 - /organizations/getSelectedData
2020-02-13 17:51:38,361 INFO com.erp.config.JwtRequestFilter [http-nio-8080-exec-9] Request : 0:0:0:0:0:0:0:1 - /roles/postQuery
2020-02-13 17:51:39,423 INFO com.erp.config.JwtRequestFilter [http-nio-8080-exec-1] Request : 0:0:0:0:0:0:0:1 - /organizations/getSelectedData
2020-02-13 17:51:39,428 INFO com.erp.config.JwtRequestFilter [http-nio-8080-exec-2] Request : 0:0:0:0:0:0:0:1 - /organizations/postQuery
2020-02-13 17:51:40,071 INFO com.erp.config.JwtRequestFilter [http-nio-8080-exec-6] Request : 0:0:0:0:0:0:0:1 - /resources/postQuery
2020-02-13 17:51:40,823 INFO com.erp.config.JwtRequestFilter [http-nio-8080-exec-10] Request : 0:0:0:0:0:0:0:1 - /organizations/getSelectedData
2020-02-13 17:51:40,824 INFO com.erp.config.JwtRequestFilter [http-nio-8080-exec-8] Request : 0:0:0:0:0:0:0:1 - /users/postQuery
2020-02-13 17:57:01,975 INFO com.erp.config.realtime.WebSocketEventListener [clientOutboundChannel-8] Received a new web socket connection
2020-02-13 18:01:14,581 INFO com.erp.config.JwtRequestFilter [http-nio-8080-exec-8] Request : 0:0:0:0:0:0:0:1 - /resources/postQuery
2020-02-13 18:01:15,795 INFO com.erp.config.JwtRequestFilter [http-nio-8080-exec-4] Request : 0:0:0:0:0:0:0:1 - /organizations/getSelectedData
2020-02-13 18:01:15,829 INFO com.erp.config.JwtRequestFilter [http-nio-8080-exec-3] Request : 0:0:0:0:0:0:0:1 - /users/postQuery
2020-02-13 18:01:17,286 INFO com.erp.config.JwtRequestFilter [http-nio-8080-exec-7] Request : 0:0:0:0:0:0:0:1 - /roles/postQuery
2020-02-13 18:01:22,403 INFO com.erp.config.JwtRequestFilter [http-nio-8080-exec-9] Request : 0:0:0:0:0:0:0:1 - /resources/postQuery
2020-02-13 18:03:38,190 INFO com.erp.config.JwtRequestFilter [http-nio-8080-exec-6] Request : 0:0:0:0:0:0:0:1 - /resources/postQuery
2020-02-13 18:03:38,986 INFO com.erp.config.realtime.WebSocketEventListener [clientOutboundChannel-10] Received a new web socket connection
2020-02-13 18:07:23,486 INFO com.erp.config.JwtRequestFilter [http-nio-8080-exec-1] Request : 0:0:0:0:0:0:0:1 - /resources/postQuery
2020-02-13 18:07:24,093 INFO com.erp.config.realtime.WebSocketEventListener [clientOutboundChannel-12] Received a new web socket connection
2020-02-13 18:08:20,404 INFO com.erp.config.JwtRequestFilter [http-nio-8080-exec-4] Request : 0:0:0:0:0:0:0:1 - /users/postQuery
2020-02-13 18:08:20,404 INFO com.erp.config.JwtRequestFilter [http-nio-8080-exec-3] Request : 0:0:0:0:0:0:0:1 - /organizations/getSelectedData
2020-02-13 18:08:37,456 INFO com.erp.config.JwtRequestFilter [http-nio-8080-exec-6] Request : 0:0:0:0:0:0:0:1 - /organizations/getSelectedData
2020-02-13 18:08:37,457 INFO com.erp.config.JwtRequestFilter [http-nio-8080-exec-2] Request : 0:0:0:0:0:0:0:1 - /users/postQuery
2020-02-13 18:08:37,992 INFO com.erp.config.realtime.WebSocketEventListener [clientOutboundChannel-14] Received a new web socket connection
2020-02-13 18:11:44,647 INFO com.erp.config.JwtRequestFilter [http-nio-8080-exec-5] Request : 0:0:0:0:0:0:0:1 - /users/postQuery
2020-02-13 18:11:44,653 INFO com.erp.config.JwtRequestFilter [http-nio-8080-exec-1] Request : 0:0:0:0:0:0:0:1 - /organizations/getSelectedData
2020-02-13 18:11:45,297 INFO com.erp.config.realtime.WebSocketEventListener [clientOutboundChannel-16] Received a new web socket connection
2020-02-13 18:11:56,510 INFO com.erp.config.JwtRequestFilter [http-nio-8080-exec-4] Request : 0:0:0:0:0:0:0:1 - /users/postQuery
2020-02-13 18:11:56,514 INFO com.erp.config.JwtRequestFilter [http-nio-8080-exec-7] Request : 0:0:0:0:0:0:0:1 - /organizations/getSelectedData
2020-02-13 18:11:57,627 INFO com.erp.config.realtime.WebSocketEventListener [clientOutboundChannel-18] Received a new web socket connection
2020-02-13 18:12:50,115 INFO com.erp.config.JwtRequestFilter [http-nio-8080-exec-3] Request : 0:0:0:0:0:0:0:1 - /users/postQuery
2020-02-13 18:12:50,117 INFO com.erp.config.JwtRequestFilter [http-nio-8080-exec-4] Request : 0:0:0:0:0:0:0:1 - /organizations/getSelectedData
2020-02-13 18:12:50,607 INFO com.erp.config.realtime.WebSocketEventListener [clientOutboundChannel-20] Received a new web socket connection
2020-02-13 18:13:05,772 INFO com.erp.config.JwtRequestFilter [http-nio-8080-exec-1] Request : 0:0:0:0:0:0:0:1 - /resources/postQuery
2020-02-13 18:13:09,038 INFO com.erp.config.JwtRequestFilter [http-nio-8080-exec-2] Request : 0:0:0:0:0:0:0:1 - /resources/postQuery
2020-02-13 18:13:10,093 INFO com.erp.config.realtime.WebSocketEventListener [clientOutboundChannel-22] Received a new web socket connection
2020-02-13 18:43:09,738 INFO com.erp.config.realtime.WebSocketEventListener [clientOutboundChannel-24] Received a new web socket connection
2020-02-13 18:43:11,389 INFO com.erp.config.JwtRequestFilter [http-nio-8080-exec-8] Request : 0:0:0:0:0:0:0:1 - /users/postQuery
2020-02-13 18:43:11,391 INFO com.erp.config.JwtRequestFilter [http-nio-8080-exec-4] Request : 0:0:0:0:0:0:0:1 - /organizations/getSelectedData
2020-02-13 18:43:23,121 INFO com.erp.config.JwtRequestFilter [http-nio-8080-exec-1] Request : 0:0:0:0:0:0:0:1 - /users/postQuery
2020-02-13 18:43:23,126 INFO com.erp.config.JwtRequestFilter [http-nio-8080-exec-5] Request : 0:0:0:0:0:0:0:1 - /organizations/getSelectedData
2020-02-13 18:43:23,261 INFO com.erp.config.realtime.WebSocketEventListener [clientOutboundChannel-26] Received a new web socket connection
2020-02-13 18:43:59,897 INFO com.erp.config.JwtRequestFilter [http-nio-8080-exec-2] Request : 0:0:0:0:0:0:0:1 - /users/postQuery
2020-02-13 18:45:50,698 INFO com.erp.config.JwtRequestFilter [http-nio-8080-exec-7] Request : 0:0:0:0:0:0:0:1 - /users/postQuery
2020-02-13 18:46:03,518 INFO com.erp.config.JwtRequestFilter [http-nio-8080-exec-9] Request : 0:0:0:0:0:0:0:1 - /users/postQuery
2020-02-13 18:48:37,193 INFO com.erp.config.JwtRequestFilter [http-nio-8080-exec-2] Request : 0:0:0:0:0:0:0:1 - /organizations/getSelectedData
2020-02-13 18:48:37,194 INFO com.erp.config.JwtRequestFilter [http-nio-8080-exec-10] Request : 0:0:0:0:0:0:0:1 - /users/postQuery
2020-02-13 18:48:37,965 INFO com.erp.config.realtime.WebSocketEventListener [clientOutboundChannel-28] Received a new web socket connection
2020-02-13 18:48:40,726 INFO com.erp.config.JwtRequestFilter [http-nio-8080-exec-7] Request : 0:0:0:0:0:0:0:1 - /users/postQuery
2020-02-13 18:48:43,550 INFO com.erp.config.JwtRequestFilter [http-nio-8080-exec-9] Request : 0:0:0:0:0:0:0:1 - /users/postQuery
2020-02-13 18:48:43,784 INFO com.erp.config.JwtRequestFilter [http-nio-8080-exec-5] Request : 0:0:0:0:0:0:0:1 - /users/postQuery
2020-02-13 18:48:44,004 INFO com.erp.config.JwtRequestFilter [http-nio-8080-exec-1] Request : 0:0:0:0:0:0:0:1 - /users/postQuery
2020-02-13 18:48:47,079 INFO com.erp.config.JwtRequestFilter [http-nio-8080-exec-6] Request : 0:0:0:0:0:0:0:1 - /users/postQuery
2020-02-13 18:48:51,417 INFO com.erp.config.JwtRequestFilter [http-nio-8080-exec-2] Request : 0:0:0:0:0:0:0:1 - /users/postQuery
2020-02-13 18:48:58,423 INFO com.erp.config.JwtRequestFilter [http-nio-8080-exec-4] Request : 0:0:0:0:0:0:0:1 - /roles/getUserRole/anhnd
2020-02-13 18:49:02,016 INFO com.erp.config.JwtRequestFilter [http-nio-8080-exec-3] Request : 0:0:0:0:0:0:0:1 - /roles/getUserRole/admin
2020-02-13 18:49:05,495 INFO com.erp.config.JwtRequestFilter [http-nio-8080-exec-9] Request : 0:0:0:0:0:0:0:1 - /roles/getUserRole/testpq
2020-02-13 18:49:16,034 INFO com.erp.config.JwtRequestFilter [http-nio-8080-exec-5] Request : 0:0:0:0:0:0:0:1 - /users/postQuery
2020-02-13 18:49:48,996 INFO com.erp.config.JwtRequestFilter [http-nio-8080-exec-8] Request : 0:0:0:0:0:0:0:1 - /users/postQuery
2020-02-13 18:49:49,012 INFO com.erp.config.JwtRequestFilter [http-nio-8080-exec-3] Request : 0:0:0:0:0:0:0:1 - /organizations/getSelectedData
2020-02-13 18:49:49,423 INFO com.erp.config.realtime.WebSocketEventListener [clientOutboundChannel-30] Received a new web socket connection
2020-02-13 18:49:58,830 INFO com.erp.config.JwtRequestFilter [http-nio-8080-exec-2] Request : 0:0:0:0:0:0:0:1 - /users/postQuery
2020-02-13 18:49:58,832 INFO com.erp.config.JwtRequestFilter [http-nio-8080-exec-10] Request : 0:0:0:0:0:0:0:1 - /organizations/getSelectedData
2020-02-13 18:49:59,307 INFO com.erp.config.realtime.WebSocketEventListener [clientOutboundChannel-32] Received a new web socket connection
2020-02-13 18:50:06,456 INFO com.erp.config.JwtRequestFilter [http-nio-8080-exec-5] Request : 0:0:0:0:0:0:0:1 - /users/postQuery
2020-02-13 18:50:06,463 INFO com.erp.config.JwtRequestFilter [http-nio-8080-exec-1] Request : 0:0:0:0:0:0:0:1 - /organizations/getSelectedData
2020-02-13 18:50:06,917 INFO com.erp.config.realtime.WebSocketEventListener [clientOutboundChannel-34] Received a new web socket connection
2020-02-13 19:03:45,207 INFO com.erp.config.JwtRequestFilter [http-nio-8080-exec-1] Request : 0:0:0:0:0:0:0:1 - /users/postQuery
2020-02-13 19:03:45,213 INFO com.erp.config.JwtRequestFilter [http-nio-8080-exec-5] Request : 0:0:0:0:0:0:0:1 - /organizations/getSelectedData
2020-02-13 19:03:45,951 INFO com.erp.config.realtime.WebSocketEventListener [clientOutboundChannel-36] Received a new web socket connection
2020-02-13 19:04:06,340 INFO com.erp.config.JwtRequestFilter [http-nio-8080-exec-3] Request : 0:0:0:0:0:0:0:1 - /users/postQuery
2020-02-13 19:04:06,342 INFO com.erp.config.JwtRequestFilter [http-nio-8080-exec-7] Request : 0:0:0:0:0:0:0:1 - /organizations/getSelectedData
2020-02-13 19:04:06,937 INFO com.erp.config.realtime.WebSocketEventListener [clientOutboundChannel-38] Received a new web socket connection
2020-02-13 19:06:14,601 INFO com.erp.config.JwtRequestFilter [http-nio-8080-exec-9] Request : 0:0:0:0:0:0:0:1 - /users/postQuery
2020-02-13 19:06:14,607 INFO com.erp.config.JwtRequestFilter [http-nio-8080-exec-5] Request : 0:0:0:0:0:0:0:1 - /organizations/getSelectedData
2020-02-13 19:06:14,687 INFO com.erp.config.realtime.WebSocketEventListener [clientOutboundChannel-40] Received a new web socket connection
2020-02-13 19:06:36,285 INFO com.erp.config.JwtRequestFilter [http-nio-8080-exec-4] Request : 0:0:0:0:0:0:0:1 - /users/postQuery
2020-02-13 19:06:36,298 INFO com.erp.config.JwtRequestFilter [http-nio-8080-exec-7] Request : 0:0:0:0:0:0:0:1 - /organizations/getSelectedData
2020-02-13 19:06:36,818 INFO com.erp.config.realtime.WebSocketEventListener [clientOutboundChannel-42] Received a new web socket connection
2020-02-13 19:08:00,073 INFO com.erp.config.JwtRequestFilter [http-nio-8080-exec-4] Request : 0:0:0:0:0:0:0:1 - /organizations/getSelectedData
2020-02-13 19:08:00,074 INFO com.erp.config.JwtRequestFilter [http-nio-8080-exec-7] Request : 0:0:0:0:0:0:0:1 - /users/postQuery
2020-02-13 19:08:00,127 INFO com.erp.config.realtime.WebSocketEventListener [clientOutboundChannel-44] Received a new web socket connection
2020-02-13 19:09:07,809 INFO com.erp.config.JwtRequestFilter [http-nio-8080-exec-7] Request : 0:0:0:0:0:0:0:1 - /users/postQuery
2020-02-13 19:09:07,829 INFO com.erp.config.JwtRequestFilter [http-nio-8080-exec-4] Request : 0:0:0:0:0:0:0:1 - /organizations/getSelectedData
2020-02-13 19:09:08,685 INFO com.erp.config.realtime.WebSocketEventListener [clientOutboundChannel-46] Received a new web socket connection
2020-02-13 19:09:11,825 INFO com.erp.config.JwtRequestFilter [http-nio-8080-exec-10] Request : 0:0:0:0:0:0:0:1 - /users/postQuery
2020-02-13 19:09:11,833 INFO com.erp.config.JwtRequestFilter [http-nio-8080-exec-8] Request : 0:0:0:0:0:0:0:1 - /organizations/getSelectedData
2020-02-13 19:09:12,170 INFO com.erp.config.realtime.WebSocketEventListener [clientOutboundChannel-48] Received a new web socket connection
2020-02-13 19:09:24,882 INFO com.erp.config.JwtRequestFilter [http-nio-8080-exec-9] Request : 0:0:0:0:0:0:0:1 - /organizations/getSelectedData
2020-02-13 19:09:24,882 INFO com.erp.config.JwtRequestFilter [http-nio-8080-exec-1] Request : 0:0:0:0:0:0:0:1 - /users/postQuery
2020-02-13 19:09:25,460 INFO com.erp.config.realtime.WebSocketEventListener [clientOutboundChannel-50] Received a new web socket connection
2020-02-13 19:10:48,698 INFO com.erp.config.JwtRequestFilter [http-nio-8080-exec-9] Request : 0:0:0:0:0:0:0:1 - /users/postQuery
2020-02-13 19:10:48,701 INFO com.erp.config.JwtRequestFilter [http-nio-8080-exec-1] Request : 0:0:0:0:0:0:0:1 - /organizations/getSelectedData
2020-02-13 19:10:49,192 INFO com.erp.config.realtime.WebSocketEventListener [clientOutboundChannel-52] Received a new web socket connection
2020-02-13 19:11:03,812 INFO com.erp.config.JwtRequestFilter [http-nio-8080-exec-10] Request : 0:0:0:0:0:0:0:1 - /users/postQuery
2020-02-13 19:12:30,960 INFO com.erp.config.JwtRequestFilter [http-nio-8080-exec-9] Request : 0:0:0:0:0:0:0:1 - /users/postQuery
2020-02-13 19:12:30,962 INFO com.erp.config.JwtRequestFilter [http-nio-8080-exec-6] Request : 0:0:0:0:0:0:0:1 - /organizations/getSelectedData
2020-02-13 19:12:31,473 INFO com.erp.config.realtime.WebSocketEventListener [clientOutboundChannel-54] Received a new web socket connection
2020-02-13 19:15:39,851 INFO com.erp.config.JwtRequestFilter [http-nio-8080-exec-6] Request : 0:0:0:0:0:0:0:1 - /users/postQuery
2020-02-13 19:15:39,852 INFO com.erp.config.JwtRequestFilter [http-nio-8080-exec-9] Request : 0:0:0:0:0:0:0:1 - /organizations/getSelectedData
2020-02-13 19:15:39,980 INFO com.erp.config.realtime.WebSocketEventListener [clientOutboundChannel-56] Received a new web socket connection
2020-02-13 19:15:52,111 INFO com.erp.config.JwtRequestFilter [http-nio-8080-exec-3] Request : 0:0:0:0:0:0:0:1 - /users/postQuery
2020-02-13 19:15:52,120 INFO com.erp.config.JwtRequestFilter [http-nio-8080-exec-5] Request : 0:0:0:0:0:0:0:1 - /organizations/getSelectedData
2020-02-13 19:15:52,684 INFO com.erp.config.realtime.WebSocketEventListener [clientOutboundChannel-58] Received a new web socket connection
2020-02-13 19:16:41,466 INFO com.erp.config.JwtRequestFilter [http-nio-8080-exec-4] Request : 0:0:0:0:0:0:0:1 - /users/postQuery
2020-02-13 19:16:41,466 INFO com.erp.config.JwtRequestFilter [http-nio-8080-exec-8] Request : 0:0:0:0:0:0:0:1 - /organizations/getSelectedData
2020-02-13 19:16:41,897 INFO com.erp.config.realtime.WebSocketEventListener [clientOutboundChannel-60] Received a new web socket connection
2020-02-13 19:16:53,920 INFO com.erp.config.JwtRequestFilter [http-nio-8080-exec-6] Request : 0:0:0:0:0:0:0:1 - /users/postQuery
2020-02-13 19:16:53,921 INFO com.erp.config.JwtRequestFilter [http-nio-8080-exec-2] Request : 0:0:0:0:0:0:0:1 - /organizations/getSelectedData
2020-02-13 19:16:54,517 INFO com.erp.config.realtime.WebSocketEventListener [clientOutboundChannel-62] Received a new web socket connection
2020-02-13 19:17:07,355 INFO com.erp.config.JwtRequestFilter [http-nio-8080-exec-4] Request : 0:0:0:0:0:0:0:1 - /users/postQuery
2020-02-13 19:17:08,805 INFO com.erp.config.JwtRequestFilter [http-nio-8080-exec-7] Request : 0:0:0:0:0:0:0:1 - /users/postQuery
2020-02-13 19:17:09,186 INFO com.erp.config.JwtRequestFilter [http-nio-8080-exec-3] Request : 0:0:0:0:0:0:0:1 - /users/postQuery
2020-02-13 19:19:56,889 INFO com.erp.config.JwtRequestFilter [http-nio-8080-exec-4] Request : 0:0:0:0:0:0:0:1 - /organizations/getSelectedData
2020-02-13 19:19:56,889 INFO com.erp.config.JwtRequestFilter [http-nio-8080-exec-8] Request : 0:0:0:0:0:0:0:1 - /users/postQuery
2020-02-13 19:19:56,942 INFO com.erp.config.realtime.WebSocketEventListener [clientOutboundChannel-64] Received a new web socket connection
2020-02-13 19:20:16,895 INFO com.erp.config.JwtRequestFilter [http-nio-8080-exec-2] Request : 0:0:0:0:0:0:0:1 - /users/postQuery
2020-02-13 19:20:16,899 INFO com.erp.config.JwtRequestFilter [http-nio-8080-exec-6] Request : 0:0:0:0:0:0:0:1 - /organizations/getSelectedData
2020-02-13 19:20:17,357 INFO com.erp.config.realtime.WebSocketEventListener [clientOutboundChannel-66] Received a new web socket connection
2020-02-13 19:20:45,114 INFO com.erp.config.JwtRequestFilter [http-nio-8080-exec-1] Request : 0:0:0:0:0:0:0:1 - /organizations/getSelectedData
2020-02-13 19:20:45,114 INFO com.erp.config.JwtRequestFilter [http-nio-8080-exec-5] Request : 0:0:0:0:0:0:0:1 - /users/postQuery
2020-02-13 19:20:45,640 INFO com.erp.config.realtime.WebSocketEventListener [clientOutboundChannel-68] Received a new web socket connection
2020-02-13 19:21:18,295 INFO com.erp.config.JwtRequestFilter [http-nio-8080-exec-7] Request : 0:0:0:0:0:0:0:1 - /organizations/getSelectedData
2020-02-13 19:21:18,295 INFO com.erp.config.JwtRequestFilter [http-nio-8080-exec-8] Request : 0:0:0:0:0:0:0:1 - /users/postQuery
2020-02-13 19:21:19,228 INFO com.erp.config.realtime.WebSocketEventListener [clientOutboundChannel-70] Received a new web socket connection
2020-02-13 19:21:55,788 INFO com.erp.config.JwtRequestFilter [http-nio-8080-exec-2] Request : 0:0:0:0:0:0:0:1 - /users/postQuery
2020-02-13 19:21:55,792 INFO com.erp.config.JwtRequestFilter [http-nio-8080-exec-10] Request : 0:0:0:0:0:0:0:1 - /organizations/getSelectedData
2020-02-13 19:21:55,859 INFO com.erp.config.realtime.WebSocketEventListener [clientOutboundChannel-72] Received a new web socket connection
2020-02-13 19:25:00,075 INFO com.erp.config.JwtRequestFilter [http-nio-8080-exec-2] Request : 0:0:0:0:0:0:0:1 - /users/postQuery
2020-02-13 19:25:00,086 INFO com.erp.config.JwtRequestFilter [http-nio-8080-exec-10] Request : 0:0:0:0:0:0:0:1 - /organizations/getSelectedData
2020-02-13 19:25:00,150 INFO com.erp.config.realtime.WebSocketEventListener [clientOutboundChannel-74] Received a new web socket connection
2020-02-13 19:25:15,019 INFO com.erp.config.JwtRequestFilter [http-nio-8080-exec-5] Request : 0:0:0:0:0:0:0:1 - /users/postQuery
2020-02-13 19:25:15,026 INFO com.erp.config.JwtRequestFilter [http-nio-8080-exec-9] Request : 0:0:0:0:0:0:0:1 - /organizations/getSelectedData
2020-02-13 19:25:15,572 INFO com.erp.config.realtime.WebSocketEventListener [clientOutboundChannel-76] Received a new web socket connection
2020-02-13 19:25:42,087 INFO com.erp.config.JwtRequestFilter [http-nio-8080-exec-8] Request : 0:0:0:0:0:0:0:1 - /users/postQuery
2020-02-13 19:25:42,108 INFO com.erp.config.JwtRequestFilter [http-nio-8080-exec-3] Request : 0:0:0:0:0:0:0:1 - /organizations/getSelectedData
2020-02-13 19:25:42,313 INFO com.erp.config.realtime.WebSocketEventListener [clientOutboundChannel-78] Received a new web socket connection
2020-02-13 19:25:47,469 INFO com.erp.config.JwtRequestFilter [http-nio-8080-exec-5] Request : 0:0:0:0:0:0:0:1 - /users/postQuery
2020-02-13 19:26:12,923 INFO com.erp.config.JwtRequestFilter [http-nio-8080-exec-4] Request : 0:0:0:0:0:0:0:1 - /users/postQuery
2020-02-13 19:26:12,927 INFO com.erp.config.JwtRequestFilter [http-nio-8080-exec-7] Request : 0:0:0:0:0:0:0:1 - /organizations/getSelectedData
2020-02-13 19:26:13,576 INFO com.erp.config.realtime.WebSocketEventListener [clientOutboundChannel-80] Received a new web socket connection
2020-02-13 19:26:21,763 INFO com.erp.config.JwtRequestFilter [http-nio-8080-exec-6] Request : 0:0:0:0:0:0:0:1 - /users/postQuery
2020-02-13 19:26:21,773 INFO com.erp.config.JwtRequestFilter [http-nio-8080-exec-2] Request : 0:0:0:0:0:0:0:1 - /organizations/getSelectedData
2020-02-13 19:26:21,839 INFO com.erp.config.realtime.WebSocketEventListener [clientOutboundChannel-82] Received a new web socket connection
2020-02-13 19:26:25,751 INFO com.erp.config.JwtRequestFilter [http-nio-8080-exec-4] Request : 0:0:0:0:0:0:0:1 - /users/postQuery
2020-02-13 19:27:31,545 INFO com.erp.config.JwtRequestFilter [http-nio-8080-exec-10] Request : 0:0:0:0:0:0:0:1 - /organizations/getSelectedData
2020-02-13 19:27:31,551 INFO com.erp.config.JwtRequestFilter [http-nio-8080-exec-6] Request : 0:0:0:0:0:0:0:1 - /users/postQuery
2020-02-13 19:27:32,092 INFO com.erp.config.realtime.WebSocketEventListener [clientOutboundChannel-84] Received a new web socket connection
2020-02-13 20:17:28,526 INFO com.erp.config.realtime.WebSocketEventListener [clientOutboundChannel-86] Received a new web socket connection
2020-02-13 20:17:31,087 INFO com.erp.config.JwtRequestFilter [http-nio-8080-exec-4] Request : 0:0:0:0:0:0:0:1 - /resources/postQuery
2020-02-13 20:17:52,448 INFO com.erp.config.realtime.WebSocketEventListener [clientOutboundChannel-89] Received a new web socket connection
2020-02-13 20:18:20,038 INFO com.erp.config.realtime.WebSocketEventListener [clientOutboundChannel-91] Received a new web socket connection
2020-02-13 20:21:23,880 INFO com.erp.config.JwtRequestFilter [http-nio-8080-exec-7] Request : 0:0:0:0:0:0:0:1 - /organizations/getSelectedData
2020-02-13 20:21:23,882 INFO com.erp.config.JwtRequestFilter [http-nio-8080-exec-6] Request : 0:0:0:0:0:0:0:1 - /users/postQuery
2020-02-13 20:21:24,312 INFO com.erp.config.realtime.WebSocketEventListener [clientOutboundChannel-93] Received a new web socket connection
2020-02-13 20:22:49,665 INFO com.erp.config.JwtRequestFilter [http-nio-8080-exec-2] Request : 0:0:0:0:0:0:0:1 - /users/postQuery
2020-02-13 20:22:49,669 INFO com.erp.config.JwtRequestFilter [http-nio-8080-exec-10] Request : 0:0:0:0:0:0:0:1 - /organizations/getSelectedData
2020-02-13 20:22:50,377 INFO com.erp.config.realtime.WebSocketEventListener [clientOutboundChannel-95] Received a new web socket connection
2020-02-13 20:23:34,010 INFO com.erp.config.JwtRequestFilter [http-nio-8080-exec-5] Request : 0:0:0:0:0:0:0:1 - /users/postQuery
2020-02-13 20:23:34,011 INFO com.erp.config.JwtRequestFilter [http-nio-8080-exec-2] Request : 0:0:0:0:0:0:0:1 - /organizations/getSelectedData
2020-02-13 20:23:34,083 INFO com.erp.config.realtime.WebSocketEventListener [clientOutboundChannel-97] Received a new web socket connection
2020-02-13 20:23:56,055 INFO com.erp.config.JwtRequestFilter [http-nio-8080-exec-8] Request : 0:0:0:0:0:0:0:1 - /users/postQuery
2020-02-13 20:23:56,059 INFO com.erp.config.JwtRequestFilter [http-nio-8080-exec-1] Request : 0:0:0:0:0:0:0:1 - /organizations/getSelectedData
2020-02-13 20:23:56,498 INFO com.erp.config.realtime.WebSocketEventListener [clientOutboundChannel-99] Received a new web socket connection
2020-02-13 20:24:38,379 INFO com.erp.config.JwtRequestFilter [http-nio-8080-exec-4] Request : 0:0:0:0:0:0:0:1 - /organizations/getSelectedData
2020-02-13 20:24:38,391 INFO com.erp.config.JwtRequestFilter [http-nio-8080-exec-6] Request : 0:0:0:0:0:0:0:1 - /users/postQuery
2020-02-13 20:24:39,093 INFO com.erp.config.realtime.WebSocketEventListener [clientOutboundChannel-101] Received a new web socket connection
2020-02-13 20:24:49,041 INFO com.erp.config.realtime.WebSocketEventListener [clientOutboundChannel-103] Received a new web socket connection
2020-02-13 20:24:49,909 INFO com.erp.config.JwtRequestFilter [http-nio-8080-exec-7] Request : 0:0:0:0:0:0:0:1 - /users/postQuery
2020-02-13 20:24:49,920 INFO com.erp.config.JwtRequestFilter [http-nio-8080-exec-4] Request : 0:0:0:0:0:0:0:1 - /organizations/getSelectedData
2020-02-13 20:25:17,129 INFO com.erp.config.JwtRequestFilter [http-nio-8080-exec-9] Request : 0:0:0:0:0:0:0:1 - /organizations/getSelectedData
2020-02-13 20:25:17,129 INFO com.erp.config.JwtRequestFilter [http-nio-8080-exec-8] Request : 0:0:0:0:0:0:0:1 - /users/postQuery
2020-02-13 20:25:17,573 INFO com.erp.config.realtime.WebSocketEventListener [clientOutboundChannel-105] Received a new web socket connection
2020-02-13 20:25:23,502 INFO com.erp.config.JwtRequestFilter [http-nio-8080-exec-10] Request : 0:0:0:0:0:0:0:1 - /users/postQuery
2020-02-13 20:25:33,754 INFO com.erp.config.JwtRequestFilter [http-nio-8080-exec-7] Request : 0:0:0:0:0:0:0:1 - /users/postQuery
