2020-03-23 18:20:41,854 INFO com.erp.ErpApplication [main] Starting ErpApplication on hieutv with PID 5274 (/media/hieutv/work/DoAn/Code/delivery/delivery/target/classes started by hieutv in /media/hieutv/work/DoAn/Code/delivery/delivery)
2020-03-23 18:20:41,866 DEBUG com.erp.ErpApplication [main] Running with Spring Boot v2.0.0.RELEASE, Spring v5.0.4.RELEASE
2020-03-23 18:20:41,870 INFO com.erp.ErpApplication [main] No active profile set, falling back to default profiles: default
2020-03-23 18:20:48,113 DEBUG com.erp.config.JwtRequestFilter [localhost-startStop-1] Initializing filter 'jwtRequestFilter'
2020-03-23 18:20:48,114 DEBUG com.erp.config.JwtRequestFilter [localhost-startStop-1] Filter 'jwtRequestFilter' configured successfully
2020-03-23 18:20:53,305 INFO com.erp.ErpApplication [main] Started ErpApplication in 11.958 seconds (JVM running for 13.494)
2020-03-23 18:21:05,233 INFO com.erp.config.realtime.WebSocketEventListener [clientOutboundChannel-1] Received a new web socket connection
2020-03-23 18:21:09,895 WARN com.erp.config.JwtRequestFilter [http-nio-8080-exec-4] JWT Token does not begin with Bearer String
2020-03-23 18:21:10,852 INFO com.erp.config.realtime.WebSocketEventListener [clientOutboundChannel-2] Received a new web socket connection
2020-03-23 18:21:21,723 INFO com.erp.config.realtime.WebSocketEventListener [clientOutboundChannel-5] Received a new web socket connection
2020-03-23 18:21:23,337 INFO com.erp.config.JwtRequestFilter [http-nio-8080-exec-8] Request : 0:0:0:0:0:0:0:1 - /organizations/getSelectedData - null - org.apache.catalina.util.ParameterMap@e7ff222
2020-03-23 18:21:23,339 INFO com.erp.config.JwtRequestFilter [http-nio-8080-exec-7] Request : 0:0:0:0:0:0:0:1 - /users/postQuery - null - org.apache.catalina.util.ParameterMap@162a04fe
2020-03-23 18:21:25,353 INFO com.erp.config.JwtRequestFilter [http-nio-8080-exec-9] Request : 0:0:0:0:0:0:0:1 - /resources/postQuery - null - org.apache.catalina.util.ParameterMap@162a04fe
2020-03-23 18:21:33,910 WARN com.erp.config.JwtRequestFilter [http-nio-8080-exec-2] JWT Token does not begin with Bearer String
2020-03-23 18:21:34,245 INFO com.erp.config.realtime.WebSocketEventListener [clientOutboundChannel-8] Received a new web socket connection
2020-03-23 18:21:35,762 INFO com.erp.config.JwtRequestFilter [http-nio-8080-exec-7] Request : 0:0:0:0:0:0:0:1 - /roles/postQuery - null - org.apache.catalina.util.ParameterMap@162a04fe
2020-03-23 18:21:36,855 INFO com.erp.config.JwtRequestFilter [http-nio-8080-exec-10] Request : 0:0:0:0:0:0:0:1 - /organizations/getSelectedData - null - org.apache.catalina.util.ParameterMap@162a04fe
2020-03-23 18:21:36,867 INFO com.erp.config.JwtRequestFilter [http-nio-8080-exec-1] Request : 0:0:0:0:0:0:0:1 - /organizations/postQuery - null - org.apache.catalina.util.ParameterMap@e7ff222
2020-03-23 18:22:14,638 INFO com.erp.config.JwtRequestFilter [http-nio-8080-exec-3] Request : 0:0:0:0:0:0:0:1 - /organizations/getChild/dv1 - null - org.apache.catalina.util.ParameterMap@e7ff222
2020-03-23 18:22:20,737 INFO com.erp.config.JwtRequestFilter [http-nio-8080-exec-6] Request : 0:0:0:0:0:0:0:1 - /cat/group-merchandise/postQuery - null - org.apache.catalina.util.ParameterMap@e7ff222
2020-03-23 18:22:24,478 INFO com.erp.config.JwtRequestFilter [http-nio-8080-exec-5] Request : 0:0:0:0:0:0:0:1 - /cat/group-merchandise/postQuery - null - org.apache.catalina.util.ParameterMap@e7ff222
2020-03-23 18:22:26,363 INFO com.erp.config.JwtRequestFilter [http-nio-8080-exec-8] Request : 0:0:0:0:0:0:0:1 - /organizations/getSelectedData - null - org.apache.catalina.util.ParameterMap@e7ff222
2020-03-23 18:22:26,363 INFO com.erp.config.JwtRequestFilter [http-nio-8080-exec-7] Request : 0:0:0:0:0:0:0:1 - /organizations/postQuery - null - org.apache.catalina.util.ParameterMap@162a04fe
2020-03-23 18:22:27,272 INFO com.erp.config.JwtRequestFilter [http-nio-8080-exec-9] Request : 0:0:0:0:0:0:0:1 - /roles/postQuery - null - org.apache.catalina.util.ParameterMap@162a04fe
2020-03-23 18:22:27,957 INFO com.erp.config.JwtRequestFilter [http-nio-8080-exec-10] Request : 0:0:0:0:0:0:0:1 - /resources/postQuery - null - org.apache.catalina.util.ParameterMap@162a04fe
2020-03-23 18:22:28,972 INFO com.erp.config.JwtRequestFilter [http-nio-8080-exec-1] Request : 0:0:0:0:0:0:0:1 - /users/postQuery - null - org.apache.catalina.util.ParameterMap@162a04fe
2020-03-23 18:22:28,989 INFO com.erp.config.JwtRequestFilter [http-nio-8080-exec-2] Request : 0:0:0:0:0:0:0:1 - /organizations/getSelectedData - null - org.apache.catalina.util.ParameterMap@e7ff222
2020-03-23 18:22:29,759 INFO com.erp.config.JwtRequestFilter [http-nio-8080-exec-3] Request : 0:0:0:0:0:0:0:1 - /resources/postQuery - null - org.apache.catalina.util.ParameterMap@e7ff222
2020-03-23 18:22:30,292 INFO com.erp.config.JwtRequestFilter [http-nio-8080-exec-4] Request : 0:0:0:0:0:0:0:1 - /roles/postQuery - null - org.apache.catalina.util.ParameterMap@e7ff222
2020-03-23 18:22:30,819 INFO com.erp.config.JwtRequestFilter [http-nio-8080-exec-5] Request : 0:0:0:0:0:0:0:1 - /organizations/postQuery - null - org.apache.catalina.util.ParameterMap@162a04fe
2020-03-23 18:22:30,831 INFO com.erp.config.JwtRequestFilter [http-nio-8080-exec-6] Request : 0:0:0:0:0:0:0:1 - /organizations/getSelectedData - null - org.apache.catalina.util.ParameterMap@e7ff222
2020-03-23 18:22:31,559 INFO com.erp.config.JwtRequestFilter [http-nio-8080-exec-8] Request : 0:0:0:0:0:0:0:1 - /roles/postQuery - null - org.apache.catalina.util.ParameterMap@e7ff222
2020-03-23 18:22:31,989 INFO com.erp.config.JwtRequestFilter [http-nio-8080-exec-7] Request : 0:0:0:0:0:0:0:1 - /resources/postQuery - null - org.apache.catalina.util.ParameterMap@e7ff222
2020-03-23 18:22:32,610 INFO com.erp.config.JwtRequestFilter [http-nio-8080-exec-9] Request : 0:0:0:0:0:0:0:1 - /users/postQuery - null - org.apache.catalina.util.ParameterMap@e7ff222
2020-03-23 18:22:32,610 INFO com.erp.config.JwtRequestFilter [http-nio-8080-exec-10] Request : 0:0:0:0:0:0:0:1 - /organizations/getSelectedData - null - org.apache.catalina.util.ParameterMap@162a04fe
2020-03-23 18:22:38,297 INFO com.erp.config.JwtRequestFilter [http-nio-8080-exec-2] Request : 0:0:0:0:0:0:0:1 - /users/postQuery - null - org.apache.catalina.util.ParameterMap@162a04fe
2020-03-23 18:22:38,337 ERROR org.apache.catalina.core.ContainerBase.[Tomcat].[localhost].[/].[dispatcherServlet] [http-nio-8080-exec-2] Servlet.service() for servlet [dispatcherServlet] in context with path [] threw exception [Request processing failed; nested exception is org.springframework.dao.InvalidDataAccessResourceUsageException: Expected positional parameter count: 1, actually detected 0; nested exception is org.hibernate.QueryException: Expected positional parameter count: 1, actually detected 0] with root cause
org.hibernate.QueryException: Expected positional parameter count: 1, actually detected 0
	at org.hibernate.query.internal.QueryParameterBindingsImpl.verifyParametersBound(QueryParameterBindingsImpl.java:287)
	at org.hibernate.query.internal.AbstractProducedQuery.beforeQuery(AbstractProducedQuery.java:1313)
	at org.hibernate.query.internal.NativeQueryImpl.beforeQuery(NativeQueryImpl.java:228)
	at org.hibernate.query.internal.AbstractProducedQuery.list(AbstractProducedQuery.java:1412)
	at org.hibernate.query.internal.AbstractProducedQuery.uniqueResult(AbstractProducedQuery.java:1457)
	at com.erp.dao.UserDao.getDataPaging(UserDao.java:60)
	at java.lang.invoke.MethodHandle.invokeWithArguments(MethodHandle.java:627)
	at org.springframework.data.projection.DefaultMethodInvokingMethodInterceptor.invoke(DefaultMethodInvokingMethodInterceptor.java:65)
	at org.springframework.aop.framework.ReflectiveMethodInvocation.proceed(ReflectiveMethodInvocation.java:185)
	at org.springframework.transaction.interceptor.TransactionAspectSupport.invokeWithinTransaction(TransactionAspectSupport.java:294)
	at org.springframework.transaction.interceptor.TransactionInterceptor.invoke(TransactionInterceptor.java:98)
	at org.springframework.aop.framework.ReflectiveMethodInvocation.proceed(ReflectiveMethodInvocation.java:185)
	at org.springframework.dao.support.PersistenceExceptionTranslationInterceptor.invoke(PersistenceExceptionTranslationInterceptor.java:139)
	at org.springframework.aop.framework.ReflectiveMethodInvocation.proceed(ReflectiveMethodInvocation.java:185)
	at org.springframework.data.jpa.repository.support.CrudMethodMetadataPostProcessor$CrudMethodMetadataPopulatingMethodInterceptor.invoke(CrudMethodMetadataPostProcessor.java:135)
	at org.springframework.aop.framework.ReflectiveMethodInvocation.proceed(ReflectiveMethodInvocation.java:185)
	at org.springframework.aop.interceptor.ExposeInvocationInterceptor.invoke(ExposeInvocationInterceptor.java:92)
	at org.springframework.aop.framework.ReflectiveMethodInvocation.proceed(ReflectiveMethodInvocation.java:185)
	at org.springframework.data.repository.core.support.SurroundingTransactionDetectorMethodInterceptor.invoke(SurroundingTransactionDetectorMethodInterceptor.java:61)
	at org.springframework.aop.framework.ReflectiveMethodInvocation.proceed(ReflectiveMethodInvocation.java:185)
	at org.springframework.aop.framework.JdkDynamicAopProxy.invoke(JdkDynamicAopProxy.java:212)
	at com.sun.proxy.$Proxy98.getDataPaging(Unknown Source)
	at com.erp.service.UserServiceImpl.getDataSearch(UserServiceImpl.java:46)
	at com.erp.controller.UserController.postQuery(UserController.java:47)
	at sun.reflect.NativeMethodAccessorImpl.invoke0(Native Method)
	at sun.reflect.NativeMethodAccessorImpl.invoke(NativeMethodAccessorImpl.java:62)
	at sun.reflect.DelegatingMethodAccessorImpl.invoke(DelegatingMethodAccessorImpl.java:43)
	at java.lang.reflect.Method.invoke(Method.java:498)
	at org.springframework.web.method.support.InvocableHandlerMethod.doInvoke(InvocableHandlerMethod.java:209)
	at org.springframework.web.method.support.InvocableHandlerMethod.invokeForRequest(InvocableHandlerMethod.java:136)
	at org.springframework.web.servlet.mvc.method.annotation.ServletInvocableHandlerMethod.invokeAndHandle(ServletInvocableHandlerMethod.java:102)
	at org.springframework.web.servlet.mvc.method.annotation.RequestMappingHandlerAdapter.invokeHandlerMethod(RequestMappingHandlerAdapter.java:870)
	at org.springframework.web.servlet.mvc.method.annotation.RequestMappingHandlerAdapter.handleInternal(RequestMappingHandlerAdapter.java:776)
	at org.springframework.web.servlet.mvc.method.AbstractHandlerMethodAdapter.handle(AbstractHandlerMethodAdapter.java:87)
	at org.springframework.web.servlet.DispatcherServlet.doDispatch(DispatcherServlet.java:991)
	at org.springframework.web.servlet.DispatcherServlet.doService(DispatcherServlet.java:925)
	at org.springframework.web.servlet.FrameworkServlet.processRequest(FrameworkServlet.java:978)
	at org.springframework.web.servlet.FrameworkServlet.doPost(FrameworkServlet.java:881)
	at javax.servlet.http.HttpServlet.service(HttpServlet.java:661)
	at org.springframework.web.servlet.FrameworkServlet.service(FrameworkServlet.java:855)
	at javax.servlet.http.HttpServlet.service(HttpServlet.java:742)
	at org.apache.catalina.core.ApplicationFilterChain.internalDoFilter(ApplicationFilterChain.java:231)
	at org.apache.catalina.core.ApplicationFilterChain.doFilter(ApplicationFilterChain.java:166)
	at org.apache.tomcat.websocket.server.WsFilter.doFilter(WsFilter.java:52)
	at org.apache.catalina.core.ApplicationFilterChain.internalDoFilter(ApplicationFilterChain.java:193)
	at org.apache.catalina.core.ApplicationFilterChain.doFilter(ApplicationFilterChain.java:166)
	at org.springframework.web.filter.OncePerRequestFilter.doFilter(OncePerRequestFilter.java:101)
	at org.apache.catalina.core.ApplicationFilterChain.internalDoFilter(ApplicationFilterChain.java:193)
	at org.apache.catalina.core.ApplicationFilterChain.doFilter(ApplicationFilterChain.java:166)
	at org.springframework.security.web.FilterChainProxy$VirtualFilterChain.doFilter(FilterChainProxy.java:320)
	at org.springframework.security.web.access.intercept.FilterSecurityInterceptor.invoke(FilterSecurityInterceptor.java:127)
	at org.springframework.security.web.access.intercept.FilterSecurityInterceptor.doFilter(FilterSecurityInterceptor.java:91)
	at org.springframework.security.web.FilterChainProxy$VirtualFilterChain.doFilter(FilterChainProxy.java:334)
	at org.springframework.security.web.access.ExceptionTranslationFilter.doFilter(ExceptionTranslationFilter.java:119)
	at org.springframework.security.web.FilterChainProxy$VirtualFilterChain.doFilter(FilterChainProxy.java:334)
	at org.springframework.security.web.session.SessionManagementFilter.doFilter(SessionManagementFilter.java:137)
	at org.springframework.security.web.FilterChainProxy$VirtualFilterChain.doFilter(FilterChainProxy.java:334)
	at org.springframework.security.web.authentication.AnonymousAuthenticationFilter.doFilter(AnonymousAuthenticationFilter.java:111)
	at org.springframework.security.web.FilterChainProxy$VirtualFilterChain.doFilter(FilterChainProxy.java:334)
	at org.springframework.security.web.servletapi.SecurityContextHolderAwareRequestFilter.doFilter(SecurityContextHolderAwareRequestFilter.java:170)
	at org.springframework.security.web.FilterChainProxy$VirtualFilterChain.doFilter(FilterChainProxy.java:334)
	at org.springframework.security.web.savedrequest.RequestCacheAwareFilter.doFilter(RequestCacheAwareFilter.java:63)
	at org.springframework.security.web.FilterChainProxy$VirtualFilterChain.doFilter(FilterChainProxy.java:334)
	at com.erp.config.JwtRequestFilter.doFilterInternal(JwtRequestFilter.java:79)
	at org.springframework.web.filter.OncePerRequestFilter.doFilter(OncePerRequestFilter.java:107)
	at org.springframework.security.web.FilterChainProxy$VirtualFilterChain.doFilter(FilterChainProxy.java:334)
	at org.springframework.security.web.authentication.logout.LogoutFilter.doFilter(LogoutFilter.java:116)
	at org.springframework.security.web.FilterChainProxy$VirtualFilterChain.doFilter(FilterChainProxy.java:334)
	at org.springframework.security.web.header.HeaderWriterFilter.doFilterInternal(HeaderWriterFilter.java:66)
	at org.springframework.web.filter.OncePerRequestFilter.doFilter(OncePerRequestFilter.java:107)
	at org.springframework.security.web.FilterChainProxy$VirtualFilterChain.doFilter(FilterChainProxy.java:334)
	at org.springframework.security.web.context.SecurityContextPersistenceFilter.doFilter(SecurityContextPersistenceFilter.java:105)
	at org.springframework.security.web.FilterChainProxy$VirtualFilterChain.doFilter(FilterChainProxy.java:334)
	at org.springframework.security.web.context.request.async.WebAsyncManagerIntegrationFilter.doFilterInternal(WebAsyncManagerIntegrationFilter.java:56)
	at org.springframework.web.filter.OncePerRequestFilter.doFilter(OncePerRequestFilter.java:107)
	at org.springframework.security.web.FilterChainProxy$VirtualFilterChain.doFilter(FilterChainProxy.java:334)
	at org.springframework.security.web.FilterChainProxy.doFilterInternal(FilterChainProxy.java:215)
	at org.springframework.security.web.FilterChainProxy.doFilter(FilterChainProxy.java:178)
	at org.springframework.web.filter.DelegatingFilterProxy.invokeDelegate(DelegatingFilterProxy.java:357)
	at org.springframework.web.filter.DelegatingFilterProxy.doFilter(DelegatingFilterProxy.java:270)
	at org.apache.catalina.core.ApplicationFilterChain.internalDoFilter(ApplicationFilterChain.java:193)
	at org.apache.catalina.core.ApplicationFilterChain.doFilter(ApplicationFilterChain.java:166)
	at org.springframework.web.filter.RequestContextFilter.doFilterInternal(RequestContextFilter.java:99)
	at org.springframework.web.filter.OncePerRequestFilter.doFilter(OncePerRequestFilter.java:107)
	at org.apache.catalina.core.ApplicationFilterChain.internalDoFilter(ApplicationFilterChain.java:193)
	at org.apache.catalina.core.ApplicationFilterChain.doFilter(ApplicationFilterChain.java:166)
	at org.springframework.web.filter.HttpPutFormContentFilter.doFilterInternal(HttpPutFormContentFilter.java:109)
	at org.springframework.web.filter.OncePerRequestFilter.doFilter(OncePerRequestFilter.java:107)
	at org.apache.catalina.core.ApplicationFilterChain.internalDoFilter(ApplicationFilterChain.java:193)
	at org.apache.catalina.core.ApplicationFilterChain.doFilter(ApplicationFilterChain.java:166)
	at org.springframework.web.filter.HiddenHttpMethodFilter.doFilterInternal(HiddenHttpMethodFilter.java:81)
	at org.springframework.web.filter.OncePerRequestFilter.doFilter(OncePerRequestFilter.java:107)
	at org.apache.catalina.core.ApplicationFilterChain.internalDoFilter(ApplicationFilterChain.java:193)
	at org.apache.catalina.core.ApplicationFilterChain.doFilter(ApplicationFilterChain.java:166)
	at org.springframework.web.filter.CharacterEncodingFilter.doFilterInternal(CharacterEncodingFilter.java:200)
	at org.springframework.web.filter.OncePerRequestFilter.doFilter(OncePerRequestFilter.java:107)
	at org.apache.catalina.core.ApplicationFilterChain.internalDoFilter(ApplicationFilterChain.java:193)
	at org.apache.catalina.core.ApplicationFilterChain.doFilter(ApplicationFilterChain.java:166)
	at com.erp.config.CORSFilter.doFilter(CORSFilter.java:41)
	at org.apache.catalina.core.ApplicationFilterChain.internalDoFilter(ApplicationFilterChain.java:193)
	at org.apache.catalina.core.ApplicationFilterChain.doFilter(ApplicationFilterChain.java:166)
	at org.apache.catalina.core.StandardWrapperValve.invoke(StandardWrapperValve.java:199)
	at org.apache.catalina.core.StandardContextValve.invoke(StandardContextValve.java:96)
	at org.apache.catalina.authenticator.AuthenticatorBase.invoke(AuthenticatorBase.java:496)
	at org.apache.catalina.core.StandardHostValve.invoke(StandardHostValve.java:140)
	at org.apache.catalina.valves.ErrorReportValve.invoke(ErrorReportValve.java:81)
	at org.apache.catalina.core.StandardEngineValve.invoke(StandardEngineValve.java:87)
	at org.apache.catalina.connector.CoyoteAdapter.service(CoyoteAdapter.java:342)
	at org.apache.coyote.http11.Http11Processor.service(Http11Processor.java:803)
	at org.apache.coyote.AbstractProcessorLight.process(AbstractProcessorLight.java:66)
	at org.apache.coyote.AbstractProtocol$ConnectionHandler.process(AbstractProtocol.java:790)
	at org.apache.tomcat.util.net.NioEndpoint$SocketProcessor.doRun(NioEndpoint.java:1459)
	at org.apache.tomcat.util.net.SocketProcessorBase.run(SocketProcessorBase.java:49)
	at java.util.concurrent.ThreadPoolExecutor.runWorker(ThreadPoolExecutor.java:1149)
	at java.util.concurrent.ThreadPoolExecutor$Worker.run(ThreadPoolExecutor.java:624)
	at org.apache.tomcat.util.threads.TaskThread$WrappingRunnable.run(TaskThread.java:61)
	at java.lang.Thread.run(Thread.java:748)
2020-03-23 18:23:05,170 WARN com.erp.config.JwtRequestFilter [http-nio-8080-exec-3] JWT Token does not begin with Bearer String
2020-03-23 18:23:05,253 WARN com.erp.config.JwtRequestFilter [http-nio-8080-exec-4] JWT Token does not begin with Bearer String
2020-03-23 18:23:11,447 INFO com.erp.config.JwtRequestFilter [http-nio-8080-exec-5] Request : 0:0:0:0:0:0:0:1 - /users/postQuery - null - org.apache.catalina.util.ParameterMap@162a04fe
2020-03-23 18:23:11,457 ERROR org.apache.catalina.core.ContainerBase.[Tomcat].[localhost].[/].[dispatcherServlet] [http-nio-8080-exec-5] Servlet.service() for servlet [dispatcherServlet] in context with path [] threw exception [Request processing failed; nested exception is org.springframework.dao.InvalidDataAccessResourceUsageException: Expected positional parameter count: 1, actually detected 0; nested exception is org.hibernate.QueryException: Expected positional parameter count: 1, actually detected 0] with root cause
org.hibernate.QueryException: Expected positional parameter count: 1, actually detected 0
	at org.hibernate.query.internal.QueryParameterBindingsImpl.verifyParametersBound(QueryParameterBindingsImpl.java:287)
	at org.hibernate.query.internal.AbstractProducedQuery.beforeQuery(AbstractProducedQuery.java:1313)
	at org.hibernate.query.internal.NativeQueryImpl.beforeQuery(NativeQueryImpl.java:228)
	at org.hibernate.query.internal.AbstractProducedQuery.list(AbstractProducedQuery.java:1412)
	at org.hibernate.query.internal.AbstractProducedQuery.uniqueResult(AbstractProducedQuery.java:1457)
	at com.erp.dao.UserDao.getDataPaging(UserDao.java:60)
	at java.lang.invoke.MethodHandle.invokeWithArguments(MethodHandle.java:627)
	at org.springframework.data.projection.DefaultMethodInvokingMethodInterceptor.invoke(DefaultMethodInvokingMethodInterceptor.java:65)
	at org.springframework.aop.framework.ReflectiveMethodInvocation.proceed(ReflectiveMethodInvocation.java:185)
	at org.springframework.transaction.interceptor.TransactionAspectSupport.invokeWithinTransaction(TransactionAspectSupport.java:294)
	at org.springframework.transaction.interceptor.TransactionInterceptor.invoke(TransactionInterceptor.java:98)
	at org.springframework.aop.framework.ReflectiveMethodInvocation.proceed(ReflectiveMethodInvocation.java:185)
	at org.springframework.dao.support.PersistenceExceptionTranslationInterceptor.invoke(PersistenceExceptionTranslationInterceptor.java:139)
	at org.springframework.aop.framework.ReflectiveMethodInvocation.proceed(ReflectiveMethodInvocation.java:185)
	at org.springframework.data.jpa.repository.support.CrudMethodMetadataPostProcessor$CrudMethodMetadataPopulatingMethodInterceptor.invoke(CrudMethodMetadataPostProcessor.java:135)
	at org.springframework.aop.framework.ReflectiveMethodInvocation.proceed(ReflectiveMethodInvocation.java:185)
	at org.springframework.aop.interceptor.ExposeInvocationInterceptor.invoke(ExposeInvocationInterceptor.java:92)
	at org.springframework.aop.framework.ReflectiveMethodInvocation.proceed(ReflectiveMethodInvocation.java:185)
	at org.springframework.data.repository.core.support.SurroundingTransactionDetectorMethodInterceptor.invoke(SurroundingTransactionDetectorMethodInterceptor.java:61)
	at org.springframework.aop.framework.ReflectiveMethodInvocation.proceed(ReflectiveMethodInvocation.java:185)
	at org.springframework.aop.framework.JdkDynamicAopProxy.invoke(JdkDynamicAopProxy.java:212)
	at com.sun.proxy.$Proxy98.getDataPaging(Unknown Source)
	at com.erp.service.UserServiceImpl.getDataSearch(UserServiceImpl.java:46)
	at com.erp.controller.UserController.postQuery(UserController.java:47)
	at sun.reflect.NativeMethodAccessorImpl.invoke0(Native Method)
	at sun.reflect.NativeMethodAccessorImpl.invoke(NativeMethodAccessorImpl.java:62)
	at sun.reflect.DelegatingMethodAccessorImpl.invoke(DelegatingMethodAccessorImpl.java:43)
	at java.lang.reflect.Method.invoke(Method.java:498)
	at org.springframework.web.method.support.InvocableHandlerMethod.doInvoke(InvocableHandlerMethod.java:209)
	at org.springframework.web.method.support.InvocableHandlerMethod.invokeForRequest(InvocableHandlerMethod.java:136)
	at org.springframework.web.servlet.mvc.method.annotation.ServletInvocableHandlerMethod.invokeAndHandle(ServletInvocableHandlerMethod.java:102)
	at org.springframework.web.servlet.mvc.method.annotation.RequestMappingHandlerAdapter.invokeHandlerMethod(RequestMappingHandlerAdapter.java:870)
	at org.springframework.web.servlet.mvc.method.annotation.RequestMappingHandlerAdapter.handleInternal(RequestMappingHandlerAdapter.java:776)
	at org.springframework.web.servlet.mvc.method.AbstractHandlerMethodAdapter.handle(AbstractHandlerMethodAdapter.java:87)
	at org.springframework.web.servlet.DispatcherServlet.doDispatch(DispatcherServlet.java:991)
	at org.springframework.web.servlet.DispatcherServlet.doService(DispatcherServlet.java:925)
	at org.springframework.web.servlet.FrameworkServlet.processRequest(FrameworkServlet.java:978)
	at org.springframework.web.servlet.FrameworkServlet.doPost(FrameworkServlet.java:881)
	at javax.servlet.http.HttpServlet.service(HttpServlet.java:661)
	at org.springframework.web.servlet.FrameworkServlet.service(FrameworkServlet.java:855)
	at javax.servlet.http.HttpServlet.service(HttpServlet.java:742)
	at org.apache.catalina.core.ApplicationFilterChain.internalDoFilter(ApplicationFilterChain.java:231)
	at org.apache.catalina.core.ApplicationFilterChain.doFilter(ApplicationFilterChain.java:166)
	at org.apache.tomcat.websocket.server.WsFilter.doFilter(WsFilter.java:52)
	at org.apache.catalina.core.ApplicationFilterChain.internalDoFilter(ApplicationFilterChain.java:193)
	at org.apache.catalina.core.ApplicationFilterChain.doFilter(ApplicationFilterChain.java:166)
	at org.springframework.web.filter.OncePerRequestFilter.doFilter(OncePerRequestFilter.java:101)
	at org.apache.catalina.core.ApplicationFilterChain.internalDoFilter(ApplicationFilterChain.java:193)
	at org.apache.catalina.core.ApplicationFilterChain.doFilter(ApplicationFilterChain.java:166)
	at org.springframework.security.web.FilterChainProxy$VirtualFilterChain.doFilter(FilterChainProxy.java:320)
	at org.springframework.security.web.access.intercept.FilterSecurityInterceptor.invoke(FilterSecurityInterceptor.java:127)
	at org.springframework.security.web.access.intercept.FilterSecurityInterceptor.doFilter(FilterSecurityInterceptor.java:91)
	at org.springframework.security.web.FilterChainProxy$VirtualFilterChain.doFilter(FilterChainProxy.java:334)
	at org.springframework.security.web.access.ExceptionTranslationFilter.doFilter(ExceptionTranslationFilter.java:119)
	at org.springframework.security.web.FilterChainProxy$VirtualFilterChain.doFilter(FilterChainProxy.java:334)
	at org.springframework.security.web.session.SessionManagementFilter.doFilter(SessionManagementFilter.java:137)
	at org.springframework.security.web.FilterChainProxy$VirtualFilterChain.doFilter(FilterChainProxy.java:334)
	at org.springframework.security.web.authentication.AnonymousAuthenticationFilter.doFilter(AnonymousAuthenticationFilter.java:111)
	at org.springframework.security.web.FilterChainProxy$VirtualFilterChain.doFilter(FilterChainProxy.java:334)
	at org.springframework.security.web.servletapi.SecurityContextHolderAwareRequestFilter.doFilter(SecurityContextHolderAwareRequestFilter.java:170)
	at org.springframework.security.web.FilterChainProxy$VirtualFilterChain.doFilter(FilterChainProxy.java:334)
	at org.springframework.security.web.savedrequest.RequestCacheAwareFilter.doFilter(RequestCacheAwareFilter.java:63)
	at org.springframework.security.web.FilterChainProxy$VirtualFilterChain.doFilter(FilterChainProxy.java:334)
	at com.erp.config.JwtRequestFilter.doFilterInternal(JwtRequestFilter.java:79)
	at org.springframework.web.filter.OncePerRequestFilter.doFilter(OncePerRequestFilter.java:107)
	at org.springframework.security.web.FilterChainProxy$VirtualFilterChain.doFilter(FilterChainProxy.java:334)
	at org.springframework.security.web.authentication.logout.LogoutFilter.doFilter(LogoutFilter.java:116)
	at org.springframework.security.web.FilterChainProxy$VirtualFilterChain.doFilter(FilterChainProxy.java:334)
	at org.springframework.security.web.header.HeaderWriterFilter.doFilterInternal(HeaderWriterFilter.java:66)
	at org.springframework.web.filter.OncePerRequestFilter.doFilter(OncePerRequestFilter.java:107)
	at org.springframework.security.web.FilterChainProxy$VirtualFilterChain.doFilter(FilterChainProxy.java:334)
	at org.springframework.security.web.context.SecurityContextPersistenceFilter.doFilter(SecurityContextPersistenceFilter.java:105)
	at org.springframework.security.web.FilterChainProxy$VirtualFilterChain.doFilter(FilterChainProxy.java:334)
	at org.springframework.security.web.context.request.async.WebAsyncManagerIntegrationFilter.doFilterInternal(WebAsyncManagerIntegrationFilter.java:56)
	at org.springframework.web.filter.OncePerRequestFilter.doFilter(OncePerRequestFilter.java:107)
	at org.springframework.security.web.FilterChainProxy$VirtualFilterChain.doFilter(FilterChainProxy.java:334)
	at org.springframework.security.web.FilterChainProxy.doFilterInternal(FilterChainProxy.java:215)
	at org.springframework.security.web.FilterChainProxy.doFilter(FilterChainProxy.java:178)
	at org.springframework.web.filter.DelegatingFilterProxy.invokeDelegate(DelegatingFilterProxy.java:357)
	at org.springframework.web.filter.DelegatingFilterProxy.doFilter(DelegatingFilterProxy.java:270)
	at org.apache.catalina.core.ApplicationFilterChain.internalDoFilter(ApplicationFilterChain.java:193)
	at org.apache.catalina.core.ApplicationFilterChain.doFilter(ApplicationFilterChain.java:166)
	at org.springframework.web.filter.RequestContextFilter.doFilterInternal(RequestContextFilter.java:99)
	at org.springframework.web.filter.OncePerRequestFilter.doFilter(OncePerRequestFilter.java:107)
	at org.apache.catalina.core.ApplicationFilterChain.internalDoFilter(ApplicationFilterChain.java:193)
	at org.apache.catalina.core.ApplicationFilterChain.doFilter(ApplicationFilterChain.java:166)
	at org.springframework.web.filter.HttpPutFormContentFilter.doFilterInternal(HttpPutFormContentFilter.java:109)
	at org.springframework.web.filter.OncePerRequestFilter.doFilter(OncePerRequestFilter.java:107)
	at org.apache.catalina.core.ApplicationFilterChain.internalDoFilter(ApplicationFilterChain.java:193)
	at org.apache.catalina.core.ApplicationFilterChain.doFilter(ApplicationFilterChain.java:166)
	at org.springframework.web.filter.HiddenHttpMethodFilter.doFilterInternal(HiddenHttpMethodFilter.java:81)
	at org.springframework.web.filter.OncePerRequestFilter.doFilter(OncePerRequestFilter.java:107)
	at org.apache.catalina.core.ApplicationFilterChain.internalDoFilter(ApplicationFilterChain.java:193)
	at org.apache.catalina.core.ApplicationFilterChain.doFilter(ApplicationFilterChain.java:166)
	at org.springframework.web.filter.CharacterEncodingFilter.doFilterInternal(CharacterEncodingFilter.java:200)
	at org.springframework.web.filter.OncePerRequestFilter.doFilter(OncePerRequestFilter.java:107)
	at org.apache.catalina.core.ApplicationFilterChain.internalDoFilter(ApplicationFilterChain.java:193)
	at org.apache.catalina.core.ApplicationFilterChain.doFilter(ApplicationFilterChain.java:166)
	at com.erp.config.CORSFilter.doFilter(CORSFilter.java:41)
	at org.apache.catalina.core.ApplicationFilterChain.internalDoFilter(ApplicationFilterChain.java:193)
	at org.apache.catalina.core.ApplicationFilterChain.doFilter(ApplicationFilterChain.java:166)
	at org.apache.catalina.core.StandardWrapperValve.invoke(StandardWrapperValve.java:199)
	at org.apache.catalina.core.StandardContextValve.invoke(StandardContextValve.java:96)
	at org.apache.catalina.authenticator.AuthenticatorBase.invoke(AuthenticatorBase.java:496)
	at org.apache.catalina.core.StandardHostValve.invoke(StandardHostValve.java:140)
	at org.apache.catalina.valves.ErrorReportValve.invoke(ErrorReportValve.java:81)
	at org.apache.catalina.core.StandardEngineValve.invoke(StandardEngineValve.java:87)
	at org.apache.catalina.connector.CoyoteAdapter.service(CoyoteAdapter.java:342)
	at org.apache.coyote.http11.Http11Processor.service(Http11Processor.java:803)
	at org.apache.coyote.AbstractProcessorLight.process(AbstractProcessorLight.java:66)
	at org.apache.coyote.AbstractProtocol$ConnectionHandler.process(AbstractProtocol.java:790)
	at org.apache.tomcat.util.net.NioEndpoint$SocketProcessor.doRun(NioEndpoint.java:1459)
	at org.apache.tomcat.util.net.SocketProcessorBase.run(SocketProcessorBase.java:49)
	at java.util.concurrent.ThreadPoolExecutor.runWorker(ThreadPoolExecutor.java:1149)
	at java.util.concurrent.ThreadPoolExecutor$Worker.run(ThreadPoolExecutor.java:624)
	at org.apache.tomcat.util.threads.TaskThread$WrappingRunnable.run(TaskThread.java:61)
	at java.lang.Thread.run(Thread.java:748)
2020-03-23 18:24:21,250 INFO com.erp.config.JwtRequestFilter [http-nio-8080-exec-7] Request : 0:0:0:0:0:0:0:1 - /resources/postQuery - null - org.apache.catalina.util.ParameterMap@162a04fe
2020-03-23 18:24:30,039 INFO com.erp.config.JwtRequestFilter [http-nio-8080-exec-9] Request : 0:0:0:0:0:0:0:1 - /resources/postQuery - null - org.apache.catalina.util.ParameterMap@162a04fe
2020-03-23 18:24:30,052 ERROR org.apache.catalina.core.ContainerBase.[Tomcat].[localhost].[/].[dispatcherServlet] [http-nio-8080-exec-9] Servlet.service() for servlet [dispatcherServlet] in context with path [] threw exception [Request processing failed; nested exception is org.springframework.dao.InvalidDataAccessResourceUsageException: Expected positional parameter count: 1, actually detected 0; nested exception is org.hibernate.QueryException: Expected positional parameter count: 1, actually detected 0] with root cause
org.hibernate.QueryException: Expected positional parameter count: 1, actually detected 0
	at org.hibernate.query.internal.QueryParameterBindingsImpl.verifyParametersBound(QueryParameterBindingsImpl.java:287)
	at org.hibernate.query.internal.AbstractProducedQuery.beforeQuery(AbstractProducedQuery.java:1313)
	at org.hibernate.query.internal.NativeQueryImpl.beforeQuery(NativeQueryImpl.java:228)
	at org.hibernate.query.internal.AbstractProducedQuery.list(AbstractProducedQuery.java:1412)
	at org.hibernate.query.internal.AbstractProducedQuery.uniqueResult(AbstractProducedQuery.java:1457)
	at com.erp.dao.SysResourceDAO.getDataPaging(SysResourceDAO.java:61)
	at java.lang.invoke.MethodHandle.invokeWithArguments(MethodHandle.java:627)
	at org.springframework.data.projection.DefaultMethodInvokingMethodInterceptor.invoke(DefaultMethodInvokingMethodInterceptor.java:65)
	at org.springframework.aop.framework.ReflectiveMethodInvocation.proceed(ReflectiveMethodInvocation.java:185)
	at org.springframework.transaction.interceptor.TransactionAspectSupport.invokeWithinTransaction(TransactionAspectSupport.java:294)
	at org.springframework.transaction.interceptor.TransactionInterceptor.invoke(TransactionInterceptor.java:98)
	at org.springframework.aop.framework.ReflectiveMethodInvocation.proceed(ReflectiveMethodInvocation.java:185)
	at org.springframework.dao.support.PersistenceExceptionTranslationInterceptor.invoke(PersistenceExceptionTranslationInterceptor.java:139)
	at org.springframework.aop.framework.ReflectiveMethodInvocation.proceed(ReflectiveMethodInvocation.java:185)
	at org.springframework.data.jpa.repository.support.CrudMethodMetadataPostProcessor$CrudMethodMetadataPopulatingMethodInterceptor.invoke(CrudMethodMetadataPostProcessor.java:135)
	at org.springframework.aop.framework.ReflectiveMethodInvocation.proceed(ReflectiveMethodInvocation.java:185)
	at org.springframework.aop.interceptor.ExposeInvocationInterceptor.invoke(ExposeInvocationInterceptor.java:92)
	at org.springframework.aop.framework.ReflectiveMethodInvocation.proceed(ReflectiveMethodInvocation.java:185)
	at org.springframework.data.repository.core.support.SurroundingTransactionDetectorMethodInterceptor.invoke(SurroundingTransactionDetectorMethodInterceptor.java:61)
	at org.springframework.aop.framework.ReflectiveMethodInvocation.proceed(ReflectiveMethodInvocation.java:185)
	at org.springframework.aop.framework.JdkDynamicAopProxy.invoke(JdkDynamicAopProxy.java:212)
	at com.sun.proxy.$Proxy114.getDataPaging(Unknown Source)
	at com.erp.service.SysResourceServiceImpl.getDataSearch(SysResourceServiceImpl.java:39)
	at com.erp.controller.SysResourceController.postQuery(SysResourceController.java:52)
	at sun.reflect.NativeMethodAccessorImpl.invoke0(Native Method)
	at sun.reflect.NativeMethodAccessorImpl.invoke(NativeMethodAccessorImpl.java:62)
	at sun.reflect.DelegatingMethodAccessorImpl.invoke(DelegatingMethodAccessorImpl.java:43)
	at java.lang.reflect.Method.invoke(Method.java:498)
	at org.springframework.web.method.support.InvocableHandlerMethod.doInvoke(InvocableHandlerMethod.java:209)
	at org.springframework.web.method.support.InvocableHandlerMethod.invokeForRequest(InvocableHandlerMethod.java:136)
	at org.springframework.web.servlet.mvc.method.annotation.ServletInvocableHandlerMethod.invokeAndHandle(ServletInvocableHandlerMethod.java:102)
	at org.springframework.web.servlet.mvc.method.annotation.RequestMappingHandlerAdapter.invokeHandlerMethod(RequestMappingHandlerAdapter.java:870)
	at org.springframework.web.servlet.mvc.method.annotation.RequestMappingHandlerAdapter.handleInternal(RequestMappingHandlerAdapter.java:776)
	at org.springframework.web.servlet.mvc.method.AbstractHandlerMethodAdapter.handle(AbstractHandlerMethodAdapter.java:87)
	at org.springframework.web.servlet.DispatcherServlet.doDispatch(DispatcherServlet.java:991)
	at org.springframework.web.servlet.DispatcherServlet.doService(DispatcherServlet.java:925)
	at org.springframework.web.servlet.FrameworkServlet.processRequest(FrameworkServlet.java:978)
	at org.springframework.web.servlet.FrameworkServlet.doPost(FrameworkServlet.java:881)
	at javax.servlet.http.HttpServlet.service(HttpServlet.java:661)
	at org.springframework.web.servlet.FrameworkServlet.service(FrameworkServlet.java:855)
	at javax.servlet.http.HttpServlet.service(HttpServlet.java:742)
	at org.apache.catalina.core.ApplicationFilterChain.internalDoFilter(ApplicationFilterChain.java:231)
	at org.apache.catalina.core.ApplicationFilterChain.doFilter(ApplicationFilterChain.java:166)
	at org.apache.tomcat.websocket.server.WsFilter.doFilter(WsFilter.java:52)
	at org.apache.catalina.core.ApplicationFilterChain.internalDoFilter(ApplicationFilterChain.java:193)
	at org.apache.catalina.core.ApplicationFilterChain.doFilter(ApplicationFilterChain.java:166)
	at org.springframework.web.filter.OncePerRequestFilter.doFilter(OncePerRequestFilter.java:101)
	at org.apache.catalina.core.ApplicationFilterChain.internalDoFilter(ApplicationFilterChain.java:193)
	at org.apache.catalina.core.ApplicationFilterChain.doFilter(ApplicationFilterChain.java:166)
	at org.springframework.security.web.FilterChainProxy$VirtualFilterChain.doFilter(FilterChainProxy.java:320)
	at org.springframework.security.web.access.intercept.FilterSecurityInterceptor.invoke(FilterSecurityInterceptor.java:127)
	at org.springframework.security.web.access.intercept.FilterSecurityInterceptor.doFilter(FilterSecurityInterceptor.java:91)
	at org.springframework.security.web.FilterChainProxy$VirtualFilterChain.doFilter(FilterChainProxy.java:334)
	at org.springframework.security.web.access.ExceptionTranslationFilter.doFilter(ExceptionTranslationFilter.java:119)
	at org.springframework.security.web.FilterChainProxy$VirtualFilterChain.doFilter(FilterChainProxy.java:334)
	at org.springframework.security.web.session.SessionManagementFilter.doFilter(SessionManagementFilter.java:137)
	at org.springframework.security.web.FilterChainProxy$VirtualFilterChain.doFilter(FilterChainProxy.java:334)
	at org.springframework.security.web.authentication.AnonymousAuthenticationFilter.doFilter(AnonymousAuthenticationFilter.java:111)
	at org.springframework.security.web.FilterChainProxy$VirtualFilterChain.doFilter(FilterChainProxy.java:334)
	at org.springframework.security.web.servletapi.SecurityContextHolderAwareRequestFilter.doFilter(SecurityContextHolderAwareRequestFilter.java:170)
	at org.springframework.security.web.FilterChainProxy$VirtualFilterChain.doFilter(FilterChainProxy.java:334)
	at org.springframework.security.web.savedrequest.RequestCacheAwareFilter.doFilter(RequestCacheAwareFilter.java:63)
	at org.springframework.security.web.FilterChainProxy$VirtualFilterChain.doFilter(FilterChainProxy.java:334)
	at com.erp.config.JwtRequestFilter.doFilterInternal(JwtRequestFilter.java:79)
	at org.springframework.web.filter.OncePerRequestFilter.doFilter(OncePerRequestFilter.java:107)
	at org.springframework.security.web.FilterChainProxy$VirtualFilterChain.doFilter(FilterChainProxy.java:334)
	at org.springframework.security.web.authentication.logout.LogoutFilter.doFilter(LogoutFilter.java:116)
	at org.springframework.security.web.FilterChainProxy$VirtualFilterChain.doFilter(FilterChainProxy.java:334)
	at org.springframework.security.web.header.HeaderWriterFilter.doFilterInternal(HeaderWriterFilter.java:66)
	at org.springframework.web.filter.OncePerRequestFilter.doFilter(OncePerRequestFilter.java:107)
	at org.springframework.security.web.FilterChainProxy$VirtualFilterChain.doFilter(FilterChainProxy.java:334)
	at org.springframework.security.web.context.SecurityContextPersistenceFilter.doFilter(SecurityContextPersistenceFilter.java:105)
	at org.springframework.security.web.FilterChainProxy$VirtualFilterChain.doFilter(FilterChainProxy.java:334)
	at org.springframework.security.web.context.request.async.WebAsyncManagerIntegrationFilter.doFilterInternal(WebAsyncManagerIntegrationFilter.java:56)
	at org.springframework.web.filter.OncePerRequestFilter.doFilter(OncePerRequestFilter.java:107)
	at org.springframework.security.web.FilterChainProxy$VirtualFilterChain.doFilter(FilterChainProxy.java:334)
	at org.springframework.security.web.FilterChainProxy.doFilterInternal(FilterChainProxy.java:215)
	at org.springframework.security.web.FilterChainProxy.doFilter(FilterChainProxy.java:178)
	at org.springframework.web.filter.DelegatingFilterProxy.invokeDelegate(DelegatingFilterProxy.java:357)
	at org.springframework.web.filter.DelegatingFilterProxy.doFilter(DelegatingFilterProxy.java:270)
	at org.apache.catalina.core.ApplicationFilterChain.internalDoFilter(ApplicationFilterChain.java:193)
	at org.apache.catalina.core.ApplicationFilterChain.doFilter(ApplicationFilterChain.java:166)
	at org.springframework.web.filter.RequestContextFilter.doFilterInternal(RequestContextFilter.java:99)
	at org.springframework.web.filter.OncePerRequestFilter.doFilter(OncePerRequestFilter.java:107)
	at org.apache.catalina.core.ApplicationFilterChain.internalDoFilter(ApplicationFilterChain.java:193)
	at org.apache.catalina.core.ApplicationFilterChain.doFilter(ApplicationFilterChain.java:166)
	at org.springframework.web.filter.HttpPutFormContentFilter.doFilterInternal(HttpPutFormContentFilter.java:109)
	at org.springframework.web.filter.OncePerRequestFilter.doFilter(OncePerRequestFilter.java:107)
	at org.apache.catalina.core.ApplicationFilterChain.internalDoFilter(ApplicationFilterChain.java:193)
	at org.apache.catalina.core.ApplicationFilterChain.doFilter(ApplicationFilterChain.java:166)
	at org.springframework.web.filter.HiddenHttpMethodFilter.doFilterInternal(HiddenHttpMethodFilter.java:81)
	at org.springframework.web.filter.OncePerRequestFilter.doFilter(OncePerRequestFilter.java:107)
	at org.apache.catalina.core.ApplicationFilterChain.internalDoFilter(ApplicationFilterChain.java:193)
	at org.apache.catalina.core.ApplicationFilterChain.doFilter(ApplicationFilterChain.java:166)
	at org.springframework.web.filter.CharacterEncodingFilter.doFilterInternal(CharacterEncodingFilter.java:200)
	at org.springframework.web.filter.OncePerRequestFilter.doFilter(OncePerRequestFilter.java:107)
	at org.apache.catalina.core.ApplicationFilterChain.internalDoFilter(ApplicationFilterChain.java:193)
	at org.apache.catalina.core.ApplicationFilterChain.doFilter(ApplicationFilterChain.java:166)
	at com.erp.config.CORSFilter.doFilter(CORSFilter.java:41)
	at org.apache.catalina.core.ApplicationFilterChain.internalDoFilter(ApplicationFilterChain.java:193)
	at org.apache.catalina.core.ApplicationFilterChain.doFilter(ApplicationFilterChain.java:166)
	at org.apache.catalina.core.StandardWrapperValve.invoke(StandardWrapperValve.java:199)
	at org.apache.catalina.core.StandardContextValve.invoke(StandardContextValve.java:96)
	at org.apache.catalina.authenticator.AuthenticatorBase.invoke(AuthenticatorBase.java:496)
	at org.apache.catalina.core.StandardHostValve.invoke(StandardHostValve.java:140)
	at org.apache.catalina.valves.ErrorReportValve.invoke(ErrorReportValve.java:81)
	at org.apache.catalina.core.StandardEngineValve.invoke(StandardEngineValve.java:87)
	at org.apache.catalina.connector.CoyoteAdapter.service(CoyoteAdapter.java:342)
	at org.apache.coyote.http11.Http11Processor.service(Http11Processor.java:803)
	at org.apache.coyote.AbstractProcessorLight.process(AbstractProcessorLight.java:66)
	at org.apache.coyote.AbstractProtocol$ConnectionHandler.process(AbstractProtocol.java:790)
	at org.apache.tomcat.util.net.NioEndpoint$SocketProcessor.doRun(NioEndpoint.java:1459)
	at org.apache.tomcat.util.net.SocketProcessorBase.run(SocketProcessorBase.java:49)
	at java.util.concurrent.ThreadPoolExecutor.runWorker(ThreadPoolExecutor.java:1149)
	at java.util.concurrent.ThreadPoolExecutor$Worker.run(ThreadPoolExecutor.java:624)
	at org.apache.tomcat.util.threads.TaskThread$WrappingRunnable.run(TaskThread.java:61)
	at java.lang.Thread.run(Thread.java:748)
2020-03-23 18:25:17,832 INFO com.erp.config.JwtRequestFilter [http-nio-8080-exec-1] Request : 0:0:0:0:0:0:0:1 - /organizations/getSelectedData - null - org.apache.catalina.util.ParameterMap@e7ff222
2020-03-23 18:25:17,834 INFO com.erp.config.JwtRequestFilter [http-nio-8080-exec-10] Request : 0:0:0:0:0:0:0:1 - /users/postQuery - null - org.apache.catalina.util.ParameterMap@162a04fe
2020-03-23 18:25:31,361 INFO com.erp.config.JwtRequestFilter [http-nio-8080-exec-2] Request : 0:0:0:0:0:0:0:1 - /users/postQuery - null - org.apache.catalina.util.ParameterMap@162a04fe
2020-03-23 18:25:45,148 ERROR org.apache.catalina.core.ContainerBase.[Tomcat].[localhost].[/].[dispatcherServlet] [http-nio-8080-exec-2] Servlet.service() for servlet [dispatcherServlet] in context with path [] threw exception [Request processing failed; nested exception is org.springframework.dao.InvalidDataAccessResourceUsageException: Expected positional parameter count: 1, actually detected 0; nested exception is org.hibernate.QueryException: Expected positional parameter count: 1, actually detected 0] with root cause
org.hibernate.QueryException: Expected positional parameter count: 1, actually detected 0
	at org.hibernate.query.internal.QueryParameterBindingsImpl.verifyParametersBound(QueryParameterBindingsImpl.java:287)
	at org.hibernate.query.internal.AbstractProducedQuery.beforeQuery(AbstractProducedQuery.java:1313)
	at org.hibernate.query.internal.NativeQueryImpl.beforeQuery(NativeQueryImpl.java:228)
	at org.hibernate.query.internal.AbstractProducedQuery.list(AbstractProducedQuery.java:1412)
	at org.hibernate.query.internal.AbstractProducedQuery.uniqueResult(AbstractProducedQuery.java:1457)
	at com.erp.dao.UserDao.getDataPaging(UserDao.java:60)
	at java.lang.invoke.MethodHandle.invokeWithArguments(MethodHandle.java:627)
	at org.springframework.data.projection.DefaultMethodInvokingMethodInterceptor.invoke(DefaultMethodInvokingMethodInterceptor.java:65)
	at org.springframework.aop.framework.ReflectiveMethodInvocation.proceed(ReflectiveMethodInvocation.java:185)
	at org.springframework.transaction.interceptor.TransactionAspectSupport.invokeWithinTransaction(TransactionAspectSupport.java:294)
	at org.springframework.transaction.interceptor.TransactionInterceptor.invoke(TransactionInterceptor.java:98)
	at org.springframework.aop.framework.ReflectiveMethodInvocation.proceed(ReflectiveMethodInvocation.java:185)
	at org.springframework.dao.support.PersistenceExceptionTranslationInterceptor.invoke(PersistenceExceptionTranslationInterceptor.java:139)
	at org.springframework.aop.framework.ReflectiveMethodInvocation.proceed(ReflectiveMethodInvocation.java:185)
	at org.springframework.data.jpa.repository.support.CrudMethodMetadataPostProcessor$CrudMethodMetadataPopulatingMethodInterceptor.invoke(CrudMethodMetadataPostProcessor.java:135)
	at org.springframework.aop.framework.ReflectiveMethodInvocation.proceed(ReflectiveMethodInvocation.java:185)
	at org.springframework.aop.interceptor.ExposeInvocationInterceptor.invoke(ExposeInvocationInterceptor.java:92)
	at org.springframework.aop.framework.ReflectiveMethodInvocation.proceed(ReflectiveMethodInvocation.java:185)
	at org.springframework.data.repository.core.support.SurroundingTransactionDetectorMethodInterceptor.invoke(SurroundingTransactionDetectorMethodInterceptor.java:61)
	at org.springframework.aop.framework.ReflectiveMethodInvocation.proceed(ReflectiveMethodInvocation.java:185)
	at org.springframework.aop.framework.JdkDynamicAopProxy.invoke(JdkDynamicAopProxy.java:212)
	at com.sun.proxy.$Proxy98.getDataPaging(Unknown Source)
	at com.erp.service.UserServiceImpl.getDataSearch(UserServiceImpl.java:46)
	at com.erp.controller.UserController.postQuery(UserController.java:47)
	at sun.reflect.NativeMethodAccessorImpl.invoke0(Native Method)
	at sun.reflect.NativeMethodAccessorImpl.invoke(NativeMethodAccessorImpl.java:62)
	at sun.reflect.DelegatingMethodAccessorImpl.invoke(DelegatingMethodAccessorImpl.java:43)
	at java.lang.reflect.Method.invoke(Method.java:498)
	at org.springframework.web.method.support.InvocableHandlerMethod.doInvoke(InvocableHandlerMethod.java:209)
	at org.springframework.web.method.support.InvocableHandlerMethod.invokeForRequest(InvocableHandlerMethod.java:136)
	at org.springframework.web.servlet.mvc.method.annotation.ServletInvocableHandlerMethod.invokeAndHandle(ServletInvocableHandlerMethod.java:102)
	at org.springframework.web.servlet.mvc.method.annotation.RequestMappingHandlerAdapter.invokeHandlerMethod(RequestMappingHandlerAdapter.java:870)
	at org.springframework.web.servlet.mvc.method.annotation.RequestMappingHandlerAdapter.handleInternal(RequestMappingHandlerAdapter.java:776)
	at org.springframework.web.servlet.mvc.method.AbstractHandlerMethodAdapter.handle(AbstractHandlerMethodAdapter.java:87)
	at org.springframework.web.servlet.DispatcherServlet.doDispatch(DispatcherServlet.java:991)
	at org.springframework.web.servlet.DispatcherServlet.doService(DispatcherServlet.java:925)
	at org.springframework.web.servlet.FrameworkServlet.processRequest(FrameworkServlet.java:978)
	at org.springframework.web.servlet.FrameworkServlet.doPost(FrameworkServlet.java:881)
	at javax.servlet.http.HttpServlet.service(HttpServlet.java:661)
	at org.springframework.web.servlet.FrameworkServlet.service(FrameworkServlet.java:855)
	at javax.servlet.http.HttpServlet.service(HttpServlet.java:742)
	at org.apache.catalina.core.ApplicationFilterChain.internalDoFilter(ApplicationFilterChain.java:231)
	at org.apache.catalina.core.ApplicationFilterChain.doFilter(ApplicationFilterChain.java:166)
	at org.apache.tomcat.websocket.server.WsFilter.doFilter(WsFilter.java:52)
	at org.apache.catalina.core.ApplicationFilterChain.internalDoFilter(ApplicationFilterChain.java:193)
	at org.apache.catalina.core.ApplicationFilterChain.doFilter(ApplicationFilterChain.java:166)
	at org.springframework.web.filter.OncePerRequestFilter.doFilter(OncePerRequestFilter.java:101)
	at org.apache.catalina.core.ApplicationFilterChain.internalDoFilter(ApplicationFilterChain.java:193)
	at org.apache.catalina.core.ApplicationFilterChain.doFilter(ApplicationFilterChain.java:166)
	at org.springframework.security.web.FilterChainProxy$VirtualFilterChain.doFilter(FilterChainProxy.java:320)
	at org.springframework.security.web.access.intercept.FilterSecurityInterceptor.invoke(FilterSecurityInterceptor.java:127)
	at org.springframework.security.web.access.intercept.FilterSecurityInterceptor.doFilter(FilterSecurityInterceptor.java:91)
	at org.springframework.security.web.FilterChainProxy$VirtualFilterChain.doFilter(FilterChainProxy.java:334)
	at org.springframework.security.web.access.ExceptionTranslationFilter.doFilter(ExceptionTranslationFilter.java:119)
	at org.springframework.security.web.FilterChainProxy$VirtualFilterChain.doFilter(FilterChainProxy.java:334)
	at org.springframework.security.web.session.SessionManagementFilter.doFilter(SessionManagementFilter.java:137)
	at org.springframework.security.web.FilterChainProxy$VirtualFilterChain.doFilter(FilterChainProxy.java:334)
	at org.springframework.security.web.authentication.AnonymousAuthenticationFilter.doFilter(AnonymousAuthenticationFilter.java:111)
	at org.springframework.security.web.FilterChainProxy$VirtualFilterChain.doFilter(FilterChainProxy.java:334)
	at org.springframework.security.web.servletapi.SecurityContextHolderAwareRequestFilter.doFilter(SecurityContextHolderAwareRequestFilter.java:170)
	at org.springframework.security.web.FilterChainProxy$VirtualFilterChain.doFilter(FilterChainProxy.java:334)
	at org.springframework.security.web.savedrequest.RequestCacheAwareFilter.doFilter(RequestCacheAwareFilter.java:63)
	at org.springframework.security.web.FilterChainProxy$VirtualFilterChain.doFilter(FilterChainProxy.java:334)
	at com.erp.config.JwtRequestFilter.doFilterInternal(JwtRequestFilter.java:79)
	at org.springframework.web.filter.OncePerRequestFilter.doFilter(OncePerRequestFilter.java:107)
	at org.springframework.security.web.FilterChainProxy$VirtualFilterChain.doFilter(FilterChainProxy.java:334)
	at org.springframework.security.web.authentication.logout.LogoutFilter.doFilter(LogoutFilter.java:116)
	at org.springframework.security.web.FilterChainProxy$VirtualFilterChain.doFilter(FilterChainProxy.java:334)
	at org.springframework.security.web.header.HeaderWriterFilter.doFilterInternal(HeaderWriterFilter.java:66)
	at org.springframework.web.filter.OncePerRequestFilter.doFilter(OncePerRequestFilter.java:107)
	at org.springframework.security.web.FilterChainProxy$VirtualFilterChain.doFilter(FilterChainProxy.java:334)
	at org.springframework.security.web.context.SecurityContextPersistenceFilter.doFilter(SecurityContextPersistenceFilter.java:105)
	at org.springframework.security.web.FilterChainProxy$VirtualFilterChain.doFilter(FilterChainProxy.java:334)
	at org.springframework.security.web.context.request.async.WebAsyncManagerIntegrationFilter.doFilterInternal(WebAsyncManagerIntegrationFilter.java:56)
	at org.springframework.web.filter.OncePerRequestFilter.doFilter(OncePerRequestFilter.java:107)
	at org.springframework.security.web.FilterChainProxy$VirtualFilterChain.doFilter(FilterChainProxy.java:334)
	at org.springframework.security.web.FilterChainProxy.doFilterInternal(FilterChainProxy.java:215)
	at org.springframework.security.web.FilterChainProxy.doFilter(FilterChainProxy.java:178)
	at org.springframework.web.filter.DelegatingFilterProxy.invokeDelegate(DelegatingFilterProxy.java:357)
	at org.springframework.web.filter.DelegatingFilterProxy.doFilter(DelegatingFilterProxy.java:270)
	at org.apache.catalina.core.ApplicationFilterChain.internalDoFilter(ApplicationFilterChain.java:193)
	at org.apache.catalina.core.ApplicationFilterChain.doFilter(ApplicationFilterChain.java:166)
	at org.springframework.web.filter.RequestContextFilter.doFilterInternal(RequestContextFilter.java:99)
	at org.springframework.web.filter.OncePerRequestFilter.doFilter(OncePerRequestFilter.java:107)
	at org.apache.catalina.core.ApplicationFilterChain.internalDoFilter(ApplicationFilterChain.java:193)
	at org.apache.catalina.core.ApplicationFilterChain.doFilter(ApplicationFilterChain.java:166)
	at org.springframework.web.filter.HttpPutFormContentFilter.doFilterInternal(HttpPutFormContentFilter.java:109)
	at org.springframework.web.filter.OncePerRequestFilter.doFilter(OncePerRequestFilter.java:107)
	at org.apache.catalina.core.ApplicationFilterChain.internalDoFilter(ApplicationFilterChain.java:193)
	at org.apache.catalina.core.ApplicationFilterChain.doFilter(ApplicationFilterChain.java:166)
	at org.springframework.web.filter.HiddenHttpMethodFilter.doFilterInternal(HiddenHttpMethodFilter.java:81)
	at org.springframework.web.filter.OncePerRequestFilter.doFilter(OncePerRequestFilter.java:107)
	at org.apache.catalina.core.ApplicationFilterChain.internalDoFilter(ApplicationFilterChain.java:193)
	at org.apache.catalina.core.ApplicationFilterChain.doFilter(ApplicationFilterChain.java:166)
	at org.springframework.web.filter.CharacterEncodingFilter.doFilterInternal(CharacterEncodingFilter.java:200)
	at org.springframework.web.filter.OncePerRequestFilter.doFilter(OncePerRequestFilter.java:107)
	at org.apache.catalina.core.ApplicationFilterChain.internalDoFilter(ApplicationFilterChain.java:193)
	at org.apache.catalina.core.ApplicationFilterChain.doFilter(ApplicationFilterChain.java:166)
	at com.erp.config.CORSFilter.doFilter(CORSFilter.java:41)
	at org.apache.catalina.core.ApplicationFilterChain.internalDoFilter(ApplicationFilterChain.java:193)
	at org.apache.catalina.core.ApplicationFilterChain.doFilter(ApplicationFilterChain.java:166)
	at org.apache.catalina.core.StandardWrapperValve.invoke(StandardWrapperValve.java:199)
	at org.apache.catalina.core.StandardContextValve.invoke(StandardContextValve.java:96)
	at org.apache.catalina.authenticator.AuthenticatorBase.invoke(AuthenticatorBase.java:496)
	at org.apache.catalina.core.StandardHostValve.invoke(StandardHostValve.java:140)
	at org.apache.catalina.valves.ErrorReportValve.invoke(ErrorReportValve.java:81)
	at org.apache.catalina.core.StandardEngineValve.invoke(StandardEngineValve.java:87)
	at org.apache.catalina.connector.CoyoteAdapter.service(CoyoteAdapter.java:342)
	at org.apache.coyote.http11.Http11Processor.service(Http11Processor.java:803)
	at org.apache.coyote.AbstractProcessorLight.process(AbstractProcessorLight.java:66)
	at org.apache.coyote.AbstractProtocol$ConnectionHandler.process(AbstractProtocol.java:790)
	at org.apache.tomcat.util.net.NioEndpoint$SocketProcessor.doRun(NioEndpoint.java:1459)
	at org.apache.tomcat.util.net.SocketProcessorBase.run(SocketProcessorBase.java:49)
	at java.util.concurrent.ThreadPoolExecutor.runWorker(ThreadPoolExecutor.java:1149)
	at java.util.concurrent.ThreadPoolExecutor$Worker.run(ThreadPoolExecutor.java:624)
	at org.apache.tomcat.util.threads.TaskThread$WrappingRunnable.run(TaskThread.java:61)
	at java.lang.Thread.run(Thread.java:748)
2020-03-23 18:25:46,923 INFO com.erp.config.JwtRequestFilter [http-nio-8080-exec-3] Request : 0:0:0:0:0:0:0:1 - /users/postQuery - null - org.apache.catalina.util.ParameterMap@162a04fe
2020-03-23 18:27:14,183 ERROR org.apache.catalina.core.ContainerBase.[Tomcat].[localhost].[/].[dispatcherServlet] [http-nio-8080-exec-3] Servlet.service() for servlet [dispatcherServlet] in context with path [] threw exception [Request processing failed; nested exception is org.springframework.dao.InvalidDataAccessResourceUsageException: Expected positional parameter count: 1, actually detected 0; nested exception is org.hibernate.QueryException: Expected positional parameter count: 1, actually detected 0] with root cause
org.hibernate.QueryException: Expected positional parameter count: 1, actually detected 0
	at org.hibernate.query.internal.QueryParameterBindingsImpl.verifyParametersBound(QueryParameterBindingsImpl.java:287)
	at org.hibernate.query.internal.AbstractProducedQuery.beforeQuery(AbstractProducedQuery.java:1313)
	at org.hibernate.query.internal.NativeQueryImpl.beforeQuery(NativeQueryImpl.java:228)
	at org.hibernate.query.internal.AbstractProducedQuery.list(AbstractProducedQuery.java:1412)
	at org.hibernate.query.internal.AbstractProducedQuery.uniqueResult(AbstractProducedQuery.java:1457)
	at com.erp.dao.UserDao.getDataPaging(UserDao.java:60)
	at java.lang.invoke.MethodHandle.invokeWithArguments(MethodHandle.java:627)
	at org.springframework.data.projection.DefaultMethodInvokingMethodInterceptor.invoke(DefaultMethodInvokingMethodInterceptor.java:65)
	at org.springframework.aop.framework.ReflectiveMethodInvocation.proceed(ReflectiveMethodInvocation.java:185)
	at org.springframework.transaction.interceptor.TransactionAspectSupport.invokeWithinTransaction(TransactionAspectSupport.java:294)
	at org.springframework.transaction.interceptor.TransactionInterceptor.invoke(TransactionInterceptor.java:98)
	at org.springframework.aop.framework.ReflectiveMethodInvocation.proceed(ReflectiveMethodInvocation.java:185)
	at org.springframework.dao.support.PersistenceExceptionTranslationInterceptor.invoke(PersistenceExceptionTranslationInterceptor.java:139)
	at org.springframework.aop.framework.ReflectiveMethodInvocation.proceed(ReflectiveMethodInvocation.java:185)
	at org.springframework.data.jpa.repository.support.CrudMethodMetadataPostProcessor$CrudMethodMetadataPopulatingMethodInterceptor.invoke(CrudMethodMetadataPostProcessor.java:135)
	at org.springframework.aop.framework.ReflectiveMethodInvocation.proceed(ReflectiveMethodInvocation.java:185)
	at org.springframework.aop.interceptor.ExposeInvocationInterceptor.invoke(ExposeInvocationInterceptor.java:92)
	at org.springframework.aop.framework.ReflectiveMethodInvocation.proceed(ReflectiveMethodInvocation.java:185)
	at org.springframework.data.repository.core.support.SurroundingTransactionDetectorMethodInterceptor.invoke(SurroundingTransactionDetectorMethodInterceptor.java:61)
	at org.springframework.aop.framework.ReflectiveMethodInvocation.proceed(ReflectiveMethodInvocation.java:185)
	at org.springframework.aop.framework.JdkDynamicAopProxy.invoke(JdkDynamicAopProxy.java:212)
	at com.sun.proxy.$Proxy98.getDataPaging(Unknown Source)
	at com.erp.service.UserServiceImpl.getDataSearch(UserServiceImpl.java:46)
	at com.erp.controller.UserController.postQuery(UserController.java:47)
	at sun.reflect.NativeMethodAccessorImpl.invoke0(Native Method)
	at sun.reflect.NativeMethodAccessorImpl.invoke(NativeMethodAccessorImpl.java:62)
	at sun.reflect.DelegatingMethodAccessorImpl.invoke(DelegatingMethodAccessorImpl.java:43)
	at java.lang.reflect.Method.invoke(Method.java:498)
	at org.springframework.web.method.support.InvocableHandlerMethod.doInvoke(InvocableHandlerMethod.java:209)
	at org.springframework.web.method.support.InvocableHandlerMethod.invokeForRequest(InvocableHandlerMethod.java:136)
	at org.springframework.web.servlet.mvc.method.annotation.ServletInvocableHandlerMethod.invokeAndHandle(ServletInvocableHandlerMethod.java:102)
	at org.springframework.web.servlet.mvc.method.annotation.RequestMappingHandlerAdapter.invokeHandlerMethod(RequestMappingHandlerAdapter.java:870)
	at org.springframework.web.servlet.mvc.method.annotation.RequestMappingHandlerAdapter.handleInternal(RequestMappingHandlerAdapter.java:776)
	at org.springframework.web.servlet.mvc.method.AbstractHandlerMethodAdapter.handle(AbstractHandlerMethodAdapter.java:87)
	at org.springframework.web.servlet.DispatcherServlet.doDispatch(DispatcherServlet.java:991)
	at org.springframework.web.servlet.DispatcherServlet.doService(DispatcherServlet.java:925)
	at org.springframework.web.servlet.FrameworkServlet.processRequest(FrameworkServlet.java:978)
	at org.springframework.web.servlet.FrameworkServlet.doPost(FrameworkServlet.java:881)
	at javax.servlet.http.HttpServlet.service(HttpServlet.java:661)
	at org.springframework.web.servlet.FrameworkServlet.service(FrameworkServlet.java:855)
	at javax.servlet.http.HttpServlet.service(HttpServlet.java:742)
	at org.apache.catalina.core.ApplicationFilterChain.internalDoFilter(ApplicationFilterChain.java:231)
	at org.apache.catalina.core.ApplicationFilterChain.doFilter(ApplicationFilterChain.java:166)
	at org.apache.tomcat.websocket.server.WsFilter.doFilter(WsFilter.java:52)
	at org.apache.catalina.core.ApplicationFilterChain.internalDoFilter(ApplicationFilterChain.java:193)
	at org.apache.catalina.core.ApplicationFilterChain.doFilter(ApplicationFilterChain.java:166)
	at org.springframework.web.filter.OncePerRequestFilter.doFilter(OncePerRequestFilter.java:101)
	at org.apache.catalina.core.ApplicationFilterChain.internalDoFilter(ApplicationFilterChain.java:193)
	at org.apache.catalina.core.ApplicationFilterChain.doFilter(ApplicationFilterChain.java:166)
	at org.springframework.security.web.FilterChainProxy$VirtualFilterChain.doFilter(FilterChainProxy.java:320)
	at org.springframework.security.web.access.intercept.FilterSecurityInterceptor.invoke(FilterSecurityInterceptor.java:127)
	at org.springframework.security.web.access.intercept.FilterSecurityInterceptor.doFilter(FilterSecurityInterceptor.java:91)
	at org.springframework.security.web.FilterChainProxy$VirtualFilterChain.doFilter(FilterChainProxy.java:334)
	at org.springframework.security.web.access.ExceptionTranslationFilter.doFilter(ExceptionTranslationFilter.java:119)
	at org.springframework.security.web.FilterChainProxy$VirtualFilterChain.doFilter(FilterChainProxy.java:334)
	at org.springframework.security.web.session.SessionManagementFilter.doFilter(SessionManagementFilter.java:137)
	at org.springframework.security.web.FilterChainProxy$VirtualFilterChain.doFilter(FilterChainProxy.java:334)
	at org.springframework.security.web.authentication.AnonymousAuthenticationFilter.doFilter(AnonymousAuthenticationFilter.java:111)
	at org.springframework.security.web.FilterChainProxy$VirtualFilterChain.doFilter(FilterChainProxy.java:334)
	at org.springframework.security.web.servletapi.SecurityContextHolderAwareRequestFilter.doFilter(SecurityContextHolderAwareRequestFilter.java:170)
	at org.springframework.security.web.FilterChainProxy$VirtualFilterChain.doFilter(FilterChainProxy.java:334)
	at org.springframework.security.web.savedrequest.RequestCacheAwareFilter.doFilter(RequestCacheAwareFilter.java:63)
	at org.springframework.security.web.FilterChainProxy$VirtualFilterChain.doFilter(FilterChainProxy.java:334)
	at com.erp.config.JwtRequestFilter.doFilterInternal(JwtRequestFilter.java:79)
	at org.springframework.web.filter.OncePerRequestFilter.doFilter(OncePerRequestFilter.java:107)
	at org.springframework.security.web.FilterChainProxy$VirtualFilterChain.doFilter(FilterChainProxy.java:334)
	at org.springframework.security.web.authentication.logout.LogoutFilter.doFilter(LogoutFilter.java:116)
	at org.springframework.security.web.FilterChainProxy$VirtualFilterChain.doFilter(FilterChainProxy.java:334)
	at org.springframework.security.web.header.HeaderWriterFilter.doFilterInternal(HeaderWriterFilter.java:66)
	at org.springframework.web.filter.OncePerRequestFilter.doFilter(OncePerRequestFilter.java:107)
	at org.springframework.security.web.FilterChainProxy$VirtualFilterChain.doFilter(FilterChainProxy.java:334)
	at org.springframework.security.web.context.SecurityContextPersistenceFilter.doFilter(SecurityContextPersistenceFilter.java:105)
	at org.springframework.security.web.FilterChainProxy$VirtualFilterChain.doFilter(FilterChainProxy.java:334)
	at org.springframework.security.web.context.request.async.WebAsyncManagerIntegrationFilter.doFilterInternal(WebAsyncManagerIntegrationFilter.java:56)
	at org.springframework.web.filter.OncePerRequestFilter.doFilter(OncePerRequestFilter.java:107)
	at org.springframework.security.web.FilterChainProxy$VirtualFilterChain.doFilter(FilterChainProxy.java:334)
	at org.springframework.security.web.FilterChainProxy.doFilterInternal(FilterChainProxy.java:215)
	at org.springframework.security.web.FilterChainProxy.doFilter(FilterChainProxy.java:178)
	at org.springframework.web.filter.DelegatingFilterProxy.invokeDelegate(DelegatingFilterProxy.java:357)
	at org.springframework.web.filter.DelegatingFilterProxy.doFilter(DelegatingFilterProxy.java:270)
	at org.apache.catalina.core.ApplicationFilterChain.internalDoFilter(ApplicationFilterChain.java:193)
	at org.apache.catalina.core.ApplicationFilterChain.doFilter(ApplicationFilterChain.java:166)
	at org.springframework.web.filter.RequestContextFilter.doFilterInternal(RequestContextFilter.java:99)
	at org.springframework.web.filter.OncePerRequestFilter.doFilter(OncePerRequestFilter.java:107)
	at org.apache.catalina.core.ApplicationFilterChain.internalDoFilter(ApplicationFilterChain.java:193)
	at org.apache.catalina.core.ApplicationFilterChain.doFilter(ApplicationFilterChain.java:166)
	at org.springframework.web.filter.HttpPutFormContentFilter.doFilterInternal(HttpPutFormContentFilter.java:109)
	at org.springframework.web.filter.OncePerRequestFilter.doFilter(OncePerRequestFilter.java:107)
	at org.apache.catalina.core.ApplicationFilterChain.internalDoFilter(ApplicationFilterChain.java:193)
	at org.apache.catalina.core.ApplicationFilterChain.doFilter(ApplicationFilterChain.java:166)
	at org.springframework.web.filter.HiddenHttpMethodFilter.doFilterInternal(HiddenHttpMethodFilter.java:81)
	at org.springframework.web.filter.OncePerRequestFilter.doFilter(OncePerRequestFilter.java:107)
	at org.apache.catalina.core.ApplicationFilterChain.internalDoFilter(ApplicationFilterChain.java:193)
	at org.apache.catalina.core.ApplicationFilterChain.doFilter(ApplicationFilterChain.java:166)
	at org.springframework.web.filter.CharacterEncodingFilter.doFilterInternal(CharacterEncodingFilter.java:200)
	at org.springframework.web.filter.OncePerRequestFilter.doFilter(OncePerRequestFilter.java:107)
	at org.apache.catalina.core.ApplicationFilterChain.internalDoFilter(ApplicationFilterChain.java:193)
	at org.apache.catalina.core.ApplicationFilterChain.doFilter(ApplicationFilterChain.java:166)
	at com.erp.config.CORSFilter.doFilter(CORSFilter.java:41)
	at org.apache.catalina.core.ApplicationFilterChain.internalDoFilter(ApplicationFilterChain.java:193)
	at org.apache.catalina.core.ApplicationFilterChain.doFilter(ApplicationFilterChain.java:166)
	at org.apache.catalina.core.StandardWrapperValve.invoke(StandardWrapperValve.java:199)
	at org.apache.catalina.core.StandardContextValve.invoke(StandardContextValve.java:96)
	at org.apache.catalina.authenticator.AuthenticatorBase.invoke(AuthenticatorBase.java:496)
	at org.apache.catalina.core.StandardHostValve.invoke(StandardHostValve.java:140)
	at org.apache.catalina.valves.ErrorReportValve.invoke(ErrorReportValve.java:81)
	at org.apache.catalina.core.StandardEngineValve.invoke(StandardEngineValve.java:87)
	at org.apache.catalina.connector.CoyoteAdapter.service(CoyoteAdapter.java:342)
	at org.apache.coyote.http11.Http11Processor.service(Http11Processor.java:803)
	at org.apache.coyote.AbstractProcessorLight.process(AbstractProcessorLight.java:66)
	at org.apache.coyote.AbstractProtocol$ConnectionHandler.process(AbstractProtocol.java:790)
	at org.apache.tomcat.util.net.NioEndpoint$SocketProcessor.doRun(NioEndpoint.java:1459)
	at org.apache.tomcat.util.net.SocketProcessorBase.run(SocketProcessorBase.java:49)
	at java.util.concurrent.ThreadPoolExecutor.runWorker(ThreadPoolExecutor.java:1149)
	at java.util.concurrent.ThreadPoolExecutor$Worker.run(ThreadPoolExecutor.java:624)
	at org.apache.tomcat.util.threads.TaskThread$WrappingRunnable.run(TaskThread.java:61)
	at java.lang.Thread.run(Thread.java:748)
2020-03-23 18:28:33,501 INFO com.erp.ErpApplication [main] Starting ErpApplication on hieutv with PID 6026 (/media/hieutv/work/DoAn/Code/delivery/delivery/target/classes started by hieutv in /media/hieutv/work/DoAn/Code/delivery/delivery)
2020-03-23 18:28:33,508 DEBUG com.erp.ErpApplication [main] Running with Spring Boot v2.0.0.RELEASE, Spring v5.0.4.RELEASE
2020-03-23 18:28:33,510 INFO com.erp.ErpApplication [main] No active profile set, falling back to default profiles: default
2020-03-23 18:28:40,075 DEBUG com.erp.config.JwtRequestFilter [localhost-startStop-1] Initializing filter 'jwtRequestFilter'
2020-03-23 18:28:40,076 DEBUG com.erp.config.JwtRequestFilter [localhost-startStop-1] Filter 'jwtRequestFilter' configured successfully
2020-03-23 18:28:45,699 INFO com.erp.ErpApplication [main] Started ErpApplication in 12.941 seconds (JVM running for 14.4)
2020-03-23 18:28:46,128 INFO com.erp.config.realtime.WebSocketEventListener [clientOutboundChannel-1] Received a new web socket connection
2020-03-23 18:29:24,790 INFO com.erp.config.realtime.WebSocketEventListener [clientOutboundChannel-3] Received a new web socket connection
2020-03-23 18:29:25,048 INFO com.erp.config.JwtRequestFilter [http-nio-8080-exec-6] Request : 0:0:0:0:0:0:0:1 - /users/postQuery - null - org.apache.catalina.util.ParameterMap@d056204
2020-03-23 18:29:25,049 INFO com.erp.config.JwtRequestFilter [http-nio-8080-exec-7] Request : 0:0:0:0:0:0:0:1 - /organizations/getSelectedData - null - org.apache.catalina.util.ParameterMap@6ca589a0
2020-03-23 18:32:19,908 INFO com.erp.config.JwtRequestFilter [http-nio-8080-exec-3] Request : 0:0:0:0:0:0:0:1 - /users/postQuery - null - org.apache.catalina.util.ParameterMap@6ca589a0
2020-03-23 18:32:23,678 INFO com.erp.config.JwtRequestFilter [http-nio-8080-exec-4] Request : 0:0:0:0:0:0:0:1 - /users/postQuery - null - org.apache.catalina.util.ParameterMap@2e3ba8e1
2020-03-23 18:32:38,194 INFO com.erp.config.JwtRequestFilter [http-nio-8080-exec-5] Request : 0:0:0:0:0:0:0:1 - /roles/postQuery - null - org.apache.catalina.util.ParameterMap@2e3ba8e1
2020-03-23 18:32:43,276 INFO com.erp.config.JwtRequestFilter [http-nio-8080-exec-8] Request : 0:0:0:0:0:0:0:1 - /cat/group-merchandise/postQuery - null - org.apache.catalina.util.ParameterMap@2e3ba8e1
2020-03-23 18:33:53,321 WARN com.erp.config.JwtRequestFilter [http-nio-8080-exec-2] JWT Token does not begin with Bearer String
2020-03-23 18:33:53,809 INFO com.erp.config.realtime.WebSocketEventListener [clientOutboundChannel-6] Received a new web socket connection
2020-03-23 18:33:55,318 INFO com.erp.config.JwtRequestFilter [http-nio-8080-exec-8] Request : 0:0:0:0:0:0:0:1 - /roles/postQuery - null - org.apache.catalina.util.ParameterMap@2e3ba8e1
2020-03-23 18:33:56,151 INFO com.erp.config.JwtRequestFilter [http-nio-8080-exec-10] Request : 0:0:0:0:0:0:0:1 - /organizations/postQuery - null - org.apache.catalina.util.ParameterMap@6ca589a0
2020-03-23 18:33:56,157 INFO com.erp.config.JwtRequestFilter [http-nio-8080-exec-9] Request : 0:0:0:0:0:0:0:1 - /organizations/getSelectedData - null - org.apache.catalina.util.ParameterMap@2e3ba8e1
2020-03-23 18:33:58,044 INFO com.erp.config.JwtRequestFilter [http-nio-8080-exec-7] Request : 0:0:0:0:0:0:0:1 - /cat/group-merchandise/postQuery - null - org.apache.catalina.util.ParameterMap@6ca589a0
2020-03-23 18:34:04,079 INFO com.erp.config.JwtRequestFilter [http-nio-8080-exec-1] Request : 0:0:0:0:0:0:0:1 - /users/postQuery - null - org.apache.catalina.util.ParameterMap@6ca589a0
2020-03-23 18:34:04,079 INFO com.erp.config.JwtRequestFilter [http-nio-8080-exec-2] Request : 0:0:0:0:0:0:0:1 - /organizations/getSelectedData - null - org.apache.catalina.util.ParameterMap@2e3ba8e1
2020-03-23 18:34:07,369 INFO com.erp.config.JwtRequestFilter [http-nio-8080-exec-6] Request : 0:0:0:0:0:0:0:1 - /users/postQuery - null - org.apache.catalina.util.ParameterMap@6ca589a0
2020-03-23 18:34:29,682 WARN com.erp.config.JwtRequestFilter [http-nio-8080-exec-4] JWT Token does not begin with Bearer String
2020-03-23 18:34:29,997 INFO com.erp.config.realtime.WebSocketEventListener [clientOutboundChannel-9] Received a new web socket connection
2020-03-23 18:34:33,094 INFO com.erp.config.JwtRequestFilter [http-nio-8080-exec-9] Request : 0:0:0:0:0:0:0:1 - /cat/group-merchandise/postQuery - null - org.apache.catalina.util.ParameterMap@6ca589a0
2020-03-23 18:34:36,635 INFO com.erp.config.JwtRequestFilter [http-nio-8080-exec-10] Request : 0:0:0:0:0:0:0:1 - /organizations/getSelectedData - null - org.apache.catalina.util.ParameterMap@6ca589a0
2020-03-23 18:34:36,635 INFO com.erp.config.JwtRequestFilter [http-nio-8080-exec-7] Request : 0:0:0:0:0:0:0:1 - /organizations/postQuery - null - org.apache.catalina.util.ParameterMap@2e3ba8e1
2020-03-23 18:34:37,903 INFO com.erp.config.JwtRequestFilter [http-nio-8080-exec-2] Request : 0:0:0:0:0:0:0:1 - /roles/postQuery - null - org.apache.catalina.util.ParameterMap@2e3ba8e1
2020-03-23 18:34:41,222 INFO com.erp.config.JwtRequestFilter [http-nio-8080-exec-6] Request : 0:0:0:0:0:0:0:1 - /organizations/getSelectedData - null - org.apache.catalina.util.ParameterMap@6ca589a0
2020-03-23 18:34:41,225 INFO com.erp.config.JwtRequestFilter [http-nio-8080-exec-1] Request : 0:0:0:0:0:0:0:1 - /users/postQuery - null - org.apache.catalina.util.ParameterMap@2e3ba8e1
2020-03-23 18:35:08,808 WARN com.erp.config.JwtRequestFilter [http-nio-8080-exec-4] JWT Token does not begin with Bearer String
2020-03-23 18:35:09,098 INFO com.erp.config.realtime.WebSocketEventListener [clientOutboundChannel-12] Received a new web socket connection
2020-03-23 18:35:11,314 INFO com.erp.config.JwtRequestFilter [http-nio-8080-exec-7] Request : 0:0:0:0:0:0:0:1 - /users/postQuery - null - org.apache.catalina.util.ParameterMap@6ca589a0
2020-03-23 18:35:11,323 INFO com.erp.config.JwtRequestFilter [http-nio-8080-exec-2] Request : 0:0:0:0:0:0:0:1 - /organizations/getSelectedData - null - org.apache.catalina.util.ParameterMap@2e3ba8e1
2020-03-23 18:35:13,766 INFO com.erp.config.JwtRequestFilter [http-nio-8080-exec-6] Request : 0:0:0:0:0:0:0:1 - /roles/getUserRole/testpq - null - org.apache.catalina.util.ParameterMap@6ca589a0
2020-03-23 18:35:19,989 INFO com.erp.config.JwtRequestFilter [http-nio-8080-exec-4] Request : 0:0:0:0:0:0:0:1 - /roles/adduserrole - null - org.apache.catalina.util.ParameterMap@6ca589a0
2020-03-23 18:35:24,847 INFO com.erp.config.JwtRequestFilter [http-nio-8080-exec-5] Request : 0:0:0:0:0:0:0:1 - /roles/getUserRole/testpq - null - org.apache.catalina.util.ParameterMap@6ca589a0
2020-03-23 18:35:31,948 INFO com.erp.config.JwtRequestFilter [http-nio-8080-exec-9] Request : 0:0:0:0:0:0:0:1 - /roles/getUserRole/admin - null - org.apache.catalina.util.ParameterMap@6ca589a0
2020-03-23 18:35:34,506 INFO com.erp.config.JwtRequestFilter [http-nio-8080-exec-10] Request : 0:0:0:0:0:0:0:1 - /roles/getUserRole/testpq - null - org.apache.catalina.util.ParameterMap@6ca589a0
2020-03-23 18:35:37,844 INFO com.erp.config.JwtRequestFilter [http-nio-8080-exec-2] Request : 0:0:0:0:0:0:0:1 - /roles/getUserRole/testpq - null - org.apache.catalina.util.ParameterMap@6ca589a0
2020-03-23 18:35:46,429 WARN com.erp.config.JwtRequestFilter [http-nio-8080-exec-1] JWT Token does not begin with Bearer String
2020-03-23 18:35:46,707 INFO com.erp.config.realtime.WebSocketEventListener [clientOutboundChannel-15] Received a new web socket connection
2020-03-23 18:35:47,946 INFO com.erp.config.JwtRequestFilter [http-nio-8080-exec-5] Request : 0:0:0:0:0:0:0:1 - /resources/postQuery - null - org.apache.catalina.util.ParameterMap@6ca589a0
2020-03-23 18:35:49,819 INFO com.erp.config.JwtRequestFilter [http-nio-8080-exec-9] Request : 0:0:0:0:0:0:0:1 - /organizations/getSelectedData - null - org.apache.catalina.util.ParameterMap@2e3ba8e1
2020-03-23 18:35:49,823 INFO com.erp.config.JwtRequestFilter [http-nio-8080-exec-8] Request : 0:0:0:0:0:0:0:1 - /users/postQuery - null - org.apache.catalina.util.ParameterMap@6ca589a0
2020-03-23 18:35:58,069 INFO com.erp.config.JwtRequestFilter [http-nio-8080-exec-10] Request : 0:0:0:0:0:0:0:1 - /roles/postQuery - null - org.apache.catalina.util.ParameterMap@6ca589a0
2020-03-23 18:36:05,841 WARN com.erp.config.JwtRequestFilter [http-nio-8080-exec-7] JWT Token does not begin with Bearer String
2020-03-23 18:36:06,138 INFO com.erp.config.realtime.WebSocketEventListener [clientOutboundChannel-18] Received a new web socket connection
2020-03-23 18:36:07,736 INFO com.erp.config.JwtRequestFilter [http-nio-8080-exec-5] Request : 0:0:0:0:0:0:0:1 - /roles/postQuery - null - org.apache.catalina.util.ParameterMap@6ca589a0
2020-03-23 18:36:12,723 INFO com.erp.config.JwtRequestFilter [http-nio-8080-exec-8] Request : 0:0:0:0:0:0:0:1 - /roles/getRolePermission/testrole - null - org.apache.catalina.util.ParameterMap@6ca589a0
2020-03-23 18:36:33,752 INFO com.erp.config.JwtRequestFilter [http-nio-8080-exec-2] Request : 0:0:0:0:0:0:0:1 - /roles/addPermission - null - org.apache.catalina.util.ParameterMap@6ca589a0
2020-03-23 18:36:43,939 WARN com.erp.config.JwtRequestFilter [http-nio-8080-exec-1] JWT Token does not begin with Bearer String
2020-03-23 18:36:44,300 INFO com.erp.config.realtime.WebSocketEventListener [clientOutboundChannel-21] Received a new web socket connection
2020-03-23 18:36:45,880 INFO com.erp.config.JwtRequestFilter [http-nio-8080-exec-8] Request : 0:0:0:0:0:0:0:1 - /organizations/getSelectedData - null - org.apache.catalina.util.ParameterMap@2e3ba8e1
2020-03-23 18:36:45,882 INFO com.erp.config.JwtRequestFilter [http-nio-8080-exec-9] Request : 0:0:0:0:0:0:0:1 - /users/postQuery - null - org.apache.catalina.util.ParameterMap@6ca589a0
2020-03-23 18:36:50,450 INFO com.erp.config.JwtRequestFilter [http-nio-8080-exec-10] Request : 0:0:0:0:0:0:0:1 - /resources/postQuery - null - org.apache.catalina.util.ParameterMap@6ca589a0
2020-03-23 18:36:52,483 INFO com.erp.config.JwtRequestFilter [http-nio-8080-exec-2] Request : 0:0:0:0:0:0:0:1 - /users/postQuery - null - org.apache.catalina.util.ParameterMap@6ca589a0
2020-03-23 18:36:52,486 INFO com.erp.config.JwtRequestFilter [http-nio-8080-exec-7] Request : 0:0:0:0:0:0:0:1 - /organizations/getSelectedData - null - org.apache.catalina.util.ParameterMap@2e3ba8e1
2020-03-23 18:37:15,074 WARN com.erp.config.JwtRequestFilter [http-nio-8080-exec-6] JWT Token does not begin with Bearer String
2020-03-23 18:37:15,412 INFO com.erp.config.realtime.WebSocketEventListener [clientOutboundChannel-24] Received a new web socket connection
2020-03-23 18:37:16,783 INFO com.erp.config.JwtRequestFilter [http-nio-8080-exec-9] Request : 0:0:0:0:0:0:0:1 - /roles/postQuery - null - org.apache.catalina.util.ParameterMap@6ca589a0
2020-03-23 18:37:18,250 INFO com.erp.config.JwtRequestFilter [http-nio-8080-exec-10] Request : 0:0:0:0:0:0:0:1 - /resources/postQuery - null - org.apache.catalina.util.ParameterMap@6ca589a0
2020-03-23 18:37:19,464 INFO com.erp.config.JwtRequestFilter [http-nio-8080-exec-7] Request : 0:0:0:0:0:0:0:1 - /roles/postQuery - null - org.apache.catalina.util.ParameterMap@6ca589a0
2020-03-23 18:37:24,829 INFO com.erp.config.JwtRequestFilter [http-nio-8080-exec-2] Request : 0:0:0:0:0:0:0:1 - /users/postQuery - null - org.apache.catalina.util.ParameterMap@6ca589a0
2020-03-23 18:37:24,831 INFO com.erp.config.JwtRequestFilter [http-nio-8080-exec-1] Request : 0:0:0:0:0:0:0:1 - /organizations/getSelectedData - null - org.apache.catalina.util.ParameterMap@2e3ba8e1
2020-03-23 18:37:49,833 INFO com.erp.config.JwtRequestFilter [http-nio-8080-exec-6] Request : 0:0:0:0:0:0:0:1 - /cat/group-merchandise/postQuery - null - org.apache.catalina.util.ParameterMap@6ca589a0
2020-03-23 18:37:53,120 INFO com.erp.config.JwtRequestFilter [http-nio-8080-exec-3] Request : 0:0:0:0:0:0:0:1 - /cat/group-merchandise/postQuery - null - org.apache.catalina.util.ParameterMap@6ca589a0
2020-03-23 18:37:58,770 INFO com.erp.config.JwtRequestFilter [http-nio-8080-exec-4] Request : 0:0:0:0:0:0:0:1 - /roles/postQuery - null - org.apache.catalina.util.ParameterMap@6ca589a0
2020-03-23 18:38:01,905 INFO com.erp.config.JwtRequestFilter [http-nio-8080-exec-5] Request : 0:0:0:0:0:0:0:1 - /resources/postQuery - null - org.apache.catalina.util.ParameterMap@6ca589a0
2020-03-23 18:38:03,392 INFO com.erp.config.JwtRequestFilter [http-nio-8080-exec-8] Request : 0:0:0:0:0:0:0:1 - /users/postQuery - null - org.apache.catalina.util.ParameterMap@6ca589a0
2020-03-23 18:38:03,396 INFO com.erp.config.JwtRequestFilter [http-nio-8080-exec-9] Request : 0:0:0:0:0:0:0:1 - /organizations/getSelectedData - null - org.apache.catalina.util.ParameterMap@2e3ba8e1
2020-03-23 18:38:17,160 INFO com.erp.config.JwtRequestFilter [http-nio-8080-exec-1] Request : 0:0:0:0:0:0:0:1 - /organizations/getSelectedData - null - org.apache.catalina.util.ParameterMap@2e3ba8e1
2020-03-23 18:38:17,160 INFO com.erp.config.JwtRequestFilter [http-nio-8080-exec-7] Request : 0:0:0:0:0:0:0:1 - /users/postQuery - null - org.apache.catalina.util.ParameterMap@6ca589a0
2020-03-23 18:38:23,873 INFO com.erp.config.JwtRequestFilter [http-nio-8080-exec-6] Request : 0:0:0:0:0:0:0:1 - /organizations/getSelectedData - null - org.apache.catalina.util.ParameterMap@2e3ba8e1
2020-03-23 18:38:23,875 INFO com.erp.config.JwtRequestFilter [http-nio-8080-exec-2] Request : 0:0:0:0:0:0:0:1 - /users/postQuery - null - org.apache.catalina.util.ParameterMap@6ca589a0
2020-03-23 18:38:26,026 INFO com.erp.config.JwtRequestFilter [http-nio-8080-exec-3] Request : 0:0:0:0:0:0:0:1 - /resources/postQuery - null - org.apache.catalina.util.ParameterMap@6ca589a0
2020-03-23 18:38:27,458 INFO com.erp.config.JwtRequestFilter [http-nio-8080-exec-4] Request : 0:0:0:0:0:0:0:1 - /organizations/getSelectedData - null - org.apache.catalina.util.ParameterMap@6ca589a0
2020-03-23 18:38:27,463 INFO com.erp.config.JwtRequestFilter [http-nio-8080-exec-5] Request : 0:0:0:0:0:0:0:1 - /organizations/postQuery - null - org.apache.catalina.util.ParameterMap@2e3ba8e1
2020-03-23 18:38:28,559 INFO com.erp.config.JwtRequestFilter [http-nio-8080-exec-9] Request : 0:0:0:0:0:0:0:1 - /roles/postQuery - null - org.apache.catalina.util.ParameterMap@2e3ba8e1
2020-03-23 18:38:30,470 INFO com.erp.config.JwtRequestFilter [http-nio-8080-exec-10] Request : 0:0:0:0:0:0:0:1 - /organizations/getSelectedData - null - org.apache.catalina.util.ParameterMap@6ca589a0
2020-03-23 18:38:30,470 INFO com.erp.config.JwtRequestFilter [http-nio-8080-exec-8] Request : 0:0:0:0:0:0:0:1 - /users/postQuery - null - org.apache.catalina.util.ParameterMap@2e3ba8e1
2020-03-23 18:38:31,795 INFO com.erp.config.JwtRequestFilter [http-nio-8080-exec-1] Request : 0:0:0:0:0:0:0:1 - /users/postQuery - null - org.apache.catalina.util.ParameterMap@2e3ba8e1
2020-03-23 18:38:31,798 INFO com.erp.config.JwtRequestFilter [http-nio-8080-exec-7] Request : 0:0:0:0:0:0:0:1 - /organizations/getSelectedData - null - org.apache.catalina.util.ParameterMap@6ca589a0
2020-03-23 18:38:32,031 INFO com.erp.config.JwtRequestFilter [http-nio-8080-exec-6] Request : 0:0:0:0:0:0:0:1 - /users/postQuery - null - org.apache.catalina.util.ParameterMap@2e3ba8e1
2020-03-23 18:38:32,032 INFO com.erp.config.JwtRequestFilter [http-nio-8080-exec-2] Request : 0:0:0:0:0:0:0:1 - /organizations/getSelectedData - null - org.apache.catalina.util.ParameterMap@6ca589a0
2020-03-23 18:38:32,710 INFO com.erp.config.JwtRequestFilter [http-nio-8080-exec-3] Request : 0:0:0:0:0:0:0:1 - /users/postQuery - null - org.apache.catalina.util.ParameterMap@2e3ba8e1
2020-03-23 18:38:32,711 INFO com.erp.config.JwtRequestFilter [http-nio-8080-exec-4] Request : 0:0:0:0:0:0:0:1 - /organizations/getSelectedData - null - org.apache.catalina.util.ParameterMap@6ca589a0
2020-03-23 18:38:51,479 WARN com.erp.config.JwtRequestFilter [http-nio-8080-exec-9] JWT Token does not begin with Bearer String
2020-03-23 18:38:51,773 INFO com.erp.config.realtime.WebSocketEventListener [clientOutboundChannel-27] Received a new web socket connection
2020-03-23 19:34:15,612 INFO com.erp.config.JwtRequestFilter [http-nio-8080-exec-9] Request : 0:0:0:0:0:0:0:1 - /users/postQuery - null - org.apache.catalina.util.ParameterMap@6ca589a0
2020-03-23 19:34:15,613 INFO com.erp.config.JwtRequestFilter [http-nio-8080-exec-10] Request : 0:0:0:0:0:0:0:1 - /organizations/getSelectedData - null - org.apache.catalina.util.ParameterMap@2e3ba8e1
2020-03-23 19:34:20,869 INFO com.erp.config.JwtRequestFilter [http-nio-8080-exec-7] Request : 0:0:0:0:0:0:0:1 - /resources/postQuery - null - org.apache.catalina.util.ParameterMap@6ca589a0
2020-03-23 19:37:11,980 INFO com.erp.config.JwtRequestFilter [http-nio-8080-exec-4] Request : 0:0:0:0:0:0:0:1 - /organizations/getSelectedData - null - org.apache.catalina.util.ParameterMap@2e3ba8e1
2020-03-23 19:37:11,981 INFO com.erp.config.JwtRequestFilter [http-nio-8080-exec-6] Request : 0:0:0:0:0:0:0:1 - /users/postQuery - null - org.apache.catalina.util.ParameterMap@6ca589a0
2020-03-23 19:38:25,870 INFO com.erp.config.realtime.WebSocketEventListener [clientOutboundChannel-29] Received a new web socket connection
2020-03-23 19:38:32,247 INFO com.erp.config.realtime.WebSocketEventListener [clientOutboundChannel-31] Received a new web socket connection
2020-03-23 19:38:41,146 WARN com.erp.config.JwtRequestFilter [http-nio-8080-exec-9] JWT Token does not begin with Bearer String
2020-03-23 19:38:41,476 INFO com.erp.config.realtime.WebSocketEventListener [clientOutboundChannel-34] Received a new web socket connection
2020-03-23 19:38:45,599 INFO com.erp.config.realtime.WebSocketEventListener [clientOutboundChannel-36] Received a new web socket connection
2020-03-23 19:38:59,736 INFO com.erp.config.realtime.WebSocketEventListener [clientOutboundChannel-30] Received a new web socket connection
2020-03-23 19:39:40,076 INFO com.erp.config.realtime.WebSocketEventListener [clientOutboundChannel-37] Received a new web socket connection
2020-03-23 19:39:48,269 WARN com.erp.config.JwtRequestFilter [http-nio-8080-exec-7] JWT Token does not begin with Bearer String
2020-03-23 19:39:48,649 INFO com.erp.config.realtime.WebSocketEventListener [clientOutboundChannel-40] Received a new web socket connection
2020-03-23 19:39:50,288 INFO com.erp.config.JwtRequestFilter [http-nio-8080-exec-6] Request : 0:0:0:0:0:0:0:1 - /resources/postQuery - null - org.apache.catalina.util.ParameterMap@6ca589a0
2020-03-23 19:39:54,767 INFO com.erp.config.JwtRequestFilter [http-nio-8080-exec-3] Request : 0:0:0:0:0:0:0:1 - /users/postQuery - null - org.apache.catalina.util.ParameterMap@6ca589a0
2020-03-23 19:39:54,768 INFO com.erp.config.JwtRequestFilter [http-nio-8080-exec-5] Request : 0:0:0:0:0:0:0:1 - /organizations/getSelectedData - null - org.apache.catalina.util.ParameterMap@2e3ba8e1
2020-03-23 19:39:58,587 INFO com.erp.config.JwtRequestFilter [http-nio-8080-exec-9] Request : 0:0:0:0:0:0:0:1 - /roles/postQuery - null - org.apache.catalina.util.ParameterMap@6ca589a0
2020-03-23 19:39:59,361 INFO com.erp.config.JwtRequestFilter [http-nio-8080-exec-8] Request : 0:0:0:0:0:0:0:1 - /organizations/getSelectedData - null - org.apache.catalina.util.ParameterMap@6ca589a0
2020-03-23 19:39:59,381 INFO com.erp.config.JwtRequestFilter [http-nio-8080-exec-1] Request : 0:0:0:0:0:0:0:1 - /organizations/postQuery - null - org.apache.catalina.util.ParameterMap@2e3ba8e1
2020-03-23 19:39:59,944 INFO com.erp.config.JwtRequestFilter [http-nio-8080-exec-2] Request : 0:0:0:0:0:0:0:1 - /roles/postQuery - null - org.apache.catalina.util.ParameterMap@2e3ba8e1
2020-03-23 19:40:02,464 INFO com.erp.config.JwtRequestFilter [http-nio-8080-exec-6] Request : 0:0:0:0:0:0:0:1 - /roles/getRolePermission/testrole - null - org.apache.catalina.util.ParameterMap@2e3ba8e1
2020-03-23 19:40:18,281 WARN com.erp.config.JwtRequestFilter [http-nio-8080-exec-3] JWT Token does not begin with Bearer String
2020-03-23 19:40:18,591 INFO com.erp.config.realtime.WebSocketEventListener [clientOutboundChannel-43] Received a new web socket connection
2020-03-23 19:40:45,824 INFO com.erp.config.realtime.WebSocketEventListener [clientOutboundChannel-45] Received a new web socket connection
2020-03-23 19:40:53,792 INFO com.erp.config.realtime.WebSocketEventListener [clientOutboundChannel-47] Received a new web socket connection
2020-03-23 19:42:05,816 INFO com.erp.config.realtime.WebSocketEventListener [clientOutboundChannel-49] Received a new web socket connection
2020-03-23 19:43:39,903 INFO com.erp.config.realtime.WebSocketEventListener [clientOutboundChannel-51] Received a new web socket connection
2020-03-23 19:44:16,071 INFO com.erp.config.realtime.WebSocketEventListener [clientOutboundChannel-53] Received a new web socket connection
2020-03-23 19:44:30,977 INFO com.erp.config.realtime.WebSocketEventListener [clientOutboundChannel-55] Received a new web socket connection
2020-03-23 19:44:44,931 INFO com.erp.config.realtime.WebSocketEventListener [clientOutboundChannel-57] Received a new web socket connection
2020-03-23 19:45:03,747 INFO com.erp.config.realtime.WebSocketEventListener [clientOutboundChannel-59] Received a new web socket connection
2020-03-23 19:46:33,573 INFO com.erp.config.realtime.WebSocketEventListener [clientOutboundChannel-61] Received a new web socket connection
2020-03-23 19:46:52,315 INFO com.erp.config.realtime.WebSocketEventListener [clientOutboundChannel-63] Received a new web socket connection
2020-03-23 19:49:47,778 WARN com.erp.config.JwtRequestFilter [http-nio-8080-exec-10] JWT Token does not begin with Bearer String
2020-03-23 19:49:48,098 INFO com.erp.config.realtime.WebSocketEventListener [clientOutboundChannel-66] Received a new web socket connection
2020-03-23 19:52:38,146 INFO com.erp.ErpApplication [main] Starting ErpApplication on hieutv with PID 11333 (/media/hieutv/work/DoAn/Code/delivery/delivery/target/classes started by hieutv in /media/hieutv/work/DoAn/Code/delivery/delivery)
2020-03-23 19:52:38,154 DEBUG com.erp.ErpApplication [main] Running with Spring Boot v2.0.0.RELEASE, Spring v5.0.4.RELEASE
2020-03-23 19:52:38,158 INFO com.erp.ErpApplication [main] No active profile set, falling back to default profiles: default
2020-03-23 19:52:44,445 DEBUG com.erp.config.JwtRequestFilter [localhost-startStop-1] Initializing filter 'jwtRequestFilter'
2020-03-23 19:52:44,445 DEBUG com.erp.config.JwtRequestFilter [localhost-startStop-1] Filter 'jwtRequestFilter' configured successfully
2020-03-23 19:52:50,854 INFO com.erp.ErpApplication [main] Started ErpApplication in 13.192 seconds (JVM running for 14.764)
2020-03-23 19:53:02,617 INFO com.erp.config.realtime.WebSocketEventListener [clientOutboundChannel-1] Received a new web socket connection
2020-03-23 19:53:22,907 WARN com.erp.config.JwtRequestFilter [http-nio-8080-exec-5] JWT Token does not begin with Bearer String
2020-03-23 19:53:23,835 INFO com.erp.config.realtime.WebSocketEventListener [clientOutboundChannel-4] Received a new web socket connection
2020-03-23 19:53:58,607 INFO com.erp.config.realtime.WebSocketEventListener [clientOutboundChannel-6] Received a new web socket connection
2020-03-23 19:54:04,994 INFO com.erp.config.realtime.WebSocketEventListener [clientOutboundChannel-8] Received a new web socket connection
2020-03-23 19:54:08,922 INFO com.erp.config.realtime.WebSocketEventListener [clientOutboundChannel-2] Received a new web socket connection
2020-03-23 19:54:18,705 INFO com.erp.config.realtime.WebSocketEventListener [clientOutboundChannel-4] Received a new web socket connection
2020-03-23 19:54:25,415 INFO com.erp.config.realtime.WebSocketEventListener [clientOutboundChannel-6] Received a new web socket connection
2020-03-23 19:55:05,419 INFO com.erp.config.realtime.WebSocketEventListener [clientOutboundChannel-10] Received a new web socket connection
2020-03-23 19:55:09,510 INFO com.erp.config.realtime.WebSocketEventListener [clientOutboundChannel-11] Received a new web socket connection
2020-03-23 19:55:13,266 INFO com.erp.config.realtime.WebSocketEventListener [clientOutboundChannel-4] Received a new web socket connection
2020-03-23 19:55:18,640 INFO com.erp.config.realtime.WebSocketEventListener [clientOutboundChannel-6] Received a new web socket connection
2020-03-23 19:55:56,351 INFO com.erp.config.realtime.WebSocketEventListener [clientOutboundChannel-10] Received a new web socket connection
2020-03-23 19:56:12,896 WARN com.erp.config.JwtRequestFilter [http-nio-8080-exec-1] JWT Token does not begin with Bearer String
2020-03-23 19:56:13,240 INFO com.erp.config.realtime.WebSocketEventListener [clientOutboundChannel-13] Received a new web socket connection
2020-03-23 19:56:16,102 INFO com.erp.config.JwtRequestFilter [http-nio-8080-exec-5] Request : 0:0:0:0:0:0:0:1 - /roles/postQuery - null - org.apache.catalina.util.ParameterMap@57ce842b
2020-03-23 19:56:19,186 INFO com.erp.config.JwtRequestFilter [http-nio-8080-exec-6] Request : 0:0:0:0:0:0:0:1 - /resources/postQuery - null - org.apache.catalina.util.ParameterMap@57ce842b
2020-03-23 19:56:29,194 INFO com.erp.config.JwtRequestFilter [http-nio-8080-exec-8] Request : 0:0:0:0:0:0:0:1 - /resources/ - null - org.apache.catalina.util.ParameterMap@57ce842b
2020-03-23 19:56:29,495 INFO com.erp.config.JwtRequestFilter [http-nio-8080-exec-9] Request : 0:0:0:0:0:0:0:1 - /resources/postQuery - null - org.apache.catalina.util.ParameterMap@57ce842b
2020-03-23 19:56:54,147 WARN com.erp.config.JwtRequestFilter [http-nio-8080-exec-1] JWT Token does not begin with Bearer String
2020-03-23 19:56:54,425 INFO com.erp.config.realtime.WebSocketEventListener [clientOutboundChannel-16] Received a new web socket connection
2020-03-23 19:57:00,885 INFO com.erp.config.JwtRequestFilter [http-nio-8080-exec-9] Request : 0:0:0:0:0:0:0:1 - /users/postQuery - null - org.apache.catalina.util.ParameterMap@57ce842b
2020-03-23 19:57:00,895 INFO com.erp.config.JwtRequestFilter [http-nio-8080-exec-10] Request : 0:0:0:0:0:0:0:1 - /organizations/getSelectedData - null - org.apache.catalina.util.ParameterMap@40914222
2020-03-23 19:57:01,702 INFO com.erp.config.realtime.WebSocketEventListener [clientOutboundChannel-18] Received a new web socket connection
